Generation,Train,Test
0,0.276913,0.244163
1,0.313277,0.265657
2,0.287406,0.273405
3,0.586773,0.795403
4,0.58635,0.795786
5,0.586245,0.795881
6,0.58723,0.795037
7,0.586811,0.795369
8,0.586991,0.795227
9,0.586995,0.795224
10,0.586979,0.795237
11,0.586988,0.795229
12,0.586953,0.795257
13,0.586952,0.795258
14,0.586953,0.795257
15,0.586953,0.795257
16,0.586952,0.795258
17,0.586952,0.795258
18,0.586952,0.795258
19,0.586952,0.795258
20,0.58695,0.79526
21,0.58695,0.79526
22,0.58695,0.79526
23,0.586948,0.795261
24,0.586948,0.795261
25,0.586948,0.795261
26,0.586948,0.795261
27,0.586948,0.795261
28,0.586946,0.795262
29,0.586946,0.795262
30,0.586946,0.795262
31,0.586946,0.795262
32,0.586946,0.795262
33,0.586945,0.795264
34,0.586944,0.795264
35,0.586944,0.795264
36,0.586944,0.795264
37,0.586944,0.795264
38,0.586944,0.795264
39,0.586944,0.795264
40,0.586944,0.795264
41,0.586923,0.795281
42,0.586923,0.795281
43,0.586923,0.795281
44,0.586923,0.795281
45,0.586923,0.795281
46,0.586923,0.795281
47,0.586909,0.795292
48,0.586909,0.795292
49,0.586909,0.795292
50,0.586909,0.795292
51,0.586908,0.795293
52,0.586908,0.795293
53,0.586908,0.795293
54,0.586908,0.795293
55,0.586908,0.795293
56,0.586908,0.795293
57,0.586907,0.795294
58,0.586906,0.795294
59,0.586901,0.795298
60,0.586901,0.795298
61,0.586901,0.795298
62,0.586901,0.795298
63,0.5869,0.795299
64,0.5869,0.795299
65,0.5869,0.795299
66,0.5869,0.795299
67,0.5869,0.795299
68,0.586899,0.7953
69,0.586899,0.7953
70,0.586899,0.7953
71,0.586899,0.7953
72,0.586899,0.7953
73,0.586899,0.7953
74,0.586899,0.7953
75,0.586899,0.7953
76,0.586899,0.7953
77,0.586899,0.7953
78,0.586899,0.7953
79,0.586899,0.7953
80,0.586899,0.7953
81,0.586899,0.7953
82,0.586899,0.7953
83,0.586899,0.7953
84,0.586889,0.795308
85,0.586889,0.795308
86,0.586763,0.795412
87,0.586763,0.795412
88,0.586823,0.79536
89,0.586805,0.795374
90,0.586805,0.795374
91,0.586805,0.795374
92,0.586807,0.795373
93,0.586807,0.795373
94,0.586807,0.795373
95,0.586807,0.795373
96,0.586807,0.795373
97,0.586807,0.795373
98,0.586807,0.795373
99,0.586807,0.795373
100,0.586807,0.795373
101,0.586807,0.795373
102,0.586807,0.795373
103,0.586807,0.795373
104,0.586807,0.795373
105,0.586807,0.795373
106,0.586807,0.795373
107,0.586807,0.795373
108,0.586807,0.795373
109,0.586807,0.795373
110,0.586807,0.795373
111,0.586807,0.795373
112,0.586807,0.795373
113,0.586807,0.795373
114,0.586807,0.795373
115,0.586807,0.795373
116,0.586807,0.795373
117,0.586807,0.795373
118,0.586807,0.795373
119,0.586807,0.795373
120,0.586807,0.795373
121,0.586807,0.795373
122,0.586807,0.795373
123,0.586807,0.795373
124,0.586807,0.795373
125,0.586807,0.795373
126,0.586807,0.795373
127,0.586807,0.795373
128,0.586807,0.795373
129,0.586807,0.795373
130,0.586807,0.795373
131,0.586807,0.795373
132,0.586807,0.795373
133,0.586807,0.795373
134,0.586807,0.795373
135,0.586807,0.795373
136,0.586807,0.795373
137,0.586807,0.795373
138,0.586807,0.795373
139,0.586807,0.795373
140,0.586807,0.795373
141,0.586807,0.795373
142,0.586807,0.795373
143,0.586807,0.795373
144,0.586807,0.795373
145,0.586807,0.795373
146,0.586807,0.795373
147,0.586807,0.795373
148,0.586807,0.795373
149,0.586807,0.795373
150,0.586807,0.795373
151,0.586807,0.795373
152,0.586807,0.795373
153,0.586807,0.795373
154,0.586807,0.795373
155,0.586807,0.795373
156,0.586807,0.795373
157,0.586807,0.795373
158,0.586807,0.795373
159,0.586807,0.795373
160,0.586807,0.795373
161,0.586807,0.795373
162,0.586807,0.795373
163,0.586807,0.795373
164,0.586807,0.795373
165,0.586807,0.795373
166,0.586807,0.795373
167,0.586807,0.795373
168,0.586807,0.795373
169,0.586807,0.795373
170,0.586807,0.795373
171,0.586807,0.795373
172,0.586807,0.795373
173,0.586807,0.795373
174,0.586807,0.795373
175,0.586807,0.795373
176,0.586807,0.795373
177,0.586807,0.795373
178,0.586807,0.795373
179,0.586807,0.795373
180,0.586807,0.795373
181,0.586807,0.795373
182,0.586807,0.795373
183,0.586807,0.795373
184,0.586807,0.795373
185,0.586807,0.795373
186,0.586807,0.795373
187,0.586807,0.795373
188,0.586807,0.795373
189,0.586807,0.795373
190,0.586807,0.795373
191,0.586807,0.795373
192,0.586807,0.795373
193,0.586807,0.795373
194,0.586807,0.795373
195,0.586807,0.795373
196,0.586807,0.795373
197,0.586807,0.795373
198,0.586807,0.795373
199,0.586807,0.795373
200,0.586807,0.795373
201,0.586807,0.795373
202,0.586807,0.795373
203,0.586807,0.795373
204,0.586807,0.795373
205,0.586807,0.795373
206,0.586807,0.795373
207,0.586807,0.795373
208,0.586807,0.795373
209,0.586807,0.795373
210,0.586807,0.795373
211,0.586807,0.795373
212,0.586807,0.795373
213,0.586807,0.795373
214,0.586807,0.795373
215,0.586807,0.795373
216,0.586807,0.795373
217,0.586807,0.795373
218,0.586807,0.795373
219,0.586807,0.795373
220,0.586807,0.795373
221,0.586807,0.795373
222,0.586807,0.795373
223,0.586807,0.795373
224,0.586807,0.795373
225,0.586807,0.795373
226,0.586807,0.795373
227,0.586807,0.795373
228,0.586807,0.795373
229,0.586807,0.795373
230,0.586807,0.795373
231,0.586807,0.795373
232,0.586807,0.795373
233,0.586807,0.795373
234,0.586807,0.795373
235,0.586807,0.795373
236,0.586807,0.795373
237,0.586807,0.795373
238,0.586807,0.795373
239,0.586807,0.795373
240,0.586807,0.795373
241,0.586807,0.795373
242,0.586807,0.795373
243,0.586807,0.795373
244,0.586807,0.795373
245,0.586807,0.795373
246,0.586807,0.795373
247,0.586807,0.795373
248,0.586807,0.795373
249,0.586807,0.795373
250,0.586807,0.795373
251,0.586807,0.795373
252,0.586807,0.795373
253,0.586807,0.795373
254,0.586807,0.795373
255,0.586807,0.795373
256,0.586807,0.795373
257,0.586807,0.795373
258,0.586807,0.795373
259,0.586807,0.795373
260,0.586807,0.795373
261,0.586807,0.795373
262,0.586807,0.795373
263,0.586807,0.795373
264,0.586807,0.795373
265,0.586807,0.795373
266,0.586807,0.795373
267,0.586807,0.795373
268,0.586807,0.795373
269,0.586807,0.795373
270,0.586807,0.795373
271,0.586807,0.795373
272,0.586807,0.795373
273,0.586807,0.795373
274,0.586807,0.795373
275,0.586807,0.795373
276,0.586807,0.795373
277,0.586807,0.795373
278,0.586807,0.795373
279,0.586807,0.795373
280,0.586807,0.795373
281,0.586807,0.795373
282,0.586807,0.795373
283,0.586807,0.795373
284,0.586807,0.795373
285,0.586807,0.795373
286,0.586807,0.795373
287,0.586807,0.795373
288,0.586807,0.795373
289,0.586807,0.795373
290,0.586807,0.795373
291,0.586807,0.795373
292,0.586807,0.795373
293,0.586807,0.795373
294,0.586807,0.795373
295,0.586807,0.795373
296,0.586807,0.795373
297,0.586807,0.795373
298,0.586807,0.795373
299,0.586807,0.795373
300,0.586807,0.795373
301,0.586807,0.795373
302,0.586807,0.795373
303,0.586807,0.795373
304,0.586807,0.795373
305,0.586807,0.795373
306,0.586807,0.795373
307,0.586807,0.795373
308,0.586807,0.795373
309,0.586807,0.795373
310,0.586807,0.795373
311,0.586807,0.795373
312,0.586807,0.795373
313,0.586807,0.795373
314,0.586807,0.795373
315,0.586807,0.795373
316,0.586807,0.795373
317,0.586807,0.795373
318,0.586807,0.795373
319,0.586807,0.795373
320,0.586807,0.795373
321,0.586807,0.795373
322,0.586807,0.795373
323,0.586807,0.795373
324,0.586807,0.795373
325,0.586807,0.795373
326,0.586807,0.795373
327,0.586807,0.795373
328,0.586807,0.795373
329,0.586807,0.795373
330,0.586807,0.795373
331,0.586807,0.795373
332,0.586807,0.795373
333,0.586807,0.795373
334,0.586807,0.795373
335,0.586807,0.795373
336,0.586807,0.795373
337,0.586807,0.795373
338,0.586807,0.795373
339,0.586807,0.795373
340,0.586807,0.795373
341,0.586807,0.795373
342,0.586807,0.795373
343,0.586807,0.795373
344,0.586807,0.795373
345,0.586807,0.795373
346,0.586807,0.795373
347,0.586807,0.795373
348,0.586807,0.795373
349,0.586807,0.795373
350,0.586807,0.795373
351,0.586807,0.795373
352,0.586807,0.795373
353,0.586807,0.795373
354,0.586807,0.795373
355,0.586807,0.795373
356,0.586807,0.795373
357,0.586807,0.795373
358,0.586807,0.795373
359,0.586807,0.795373
360,0.586807,0.795373
361,0.586807,0.795373
362,0.586807,0.795373
363,0.586807,0.795373
364,0.586807,0.795373
365,0.586807,0.795373
366,0.586807,0.795373
367,0.586807,0.795373
368,0.586807,0.795373
369,0.586807,0.795373
370,0.586807,0.795373
371,0.586807,0.795373
372,0.586807,0.795373
373,0.586807,0.795373
374,0.586807,0.795373
375,0.586807,0.795373
376,0.586807,0.795373
377,0.586807,0.795373
378,0.586807,0.795373
379,0.586807,0.795373
380,0.586807,0.795373
381,0.586807,0.795373
382,0.586807,0.795373
383,0.586807,0.795373
384,0.586807,0.795373
385,0.586807,0.795373
386,0.586807,0.795373
387,0.586807,0.795373
388,0.586807,0.795373
389,0.586807,0.795373
390,0.586807,0.795373
391,0.586807,0.795373
392,0.586807,0.795373
393,0.586807,0.795373
394,0.586807,0.795373
395,0.586807,0.795373
396,0.586807,0.795373
397,0.586807,0.795373
398,0.586807,0.795373
399,0.586807,0.795373
400,0.586807,0.795373
401,0.586807,0.795373
402,0.586807,0.795373
403,0.586807,0.795373
404,0.586807,0.795373
405,0.586807,0.795373
406,0.586807,0.795373
407,0.586807,0.795373
408,0.586807,0.795373
409,0.586807,0.795373
410,0.586807,0.795373
411,0.586807,0.795373
412,0.586807,0.795373
413,0.586807,0.795373
414,0.586807,0.795373
415,0.586807,0.795373
416,0.586807,0.795373
417,0.586807,0.795373
418,0.586807,0.795373
419,0.586807,0.795373
420,0.586807,0.795373
421,0.586807,0.795373
422,0.586807,0.795373
423,0.586807,0.795373
424,0.586807,0.795373
425,0.586807,0.795373
426,0.586807,0.795373
427,0.586807,0.795373
428,0.586807,0.795373
429,0.586807,0.795373
430,0.586807,0.795373
431,0.586807,0.795373
432,0.586807,0.795373
433,0.586807,0.795373
434,0.586807,0.795373
435,0.586807,0.795373
436,0.586807,0.795373
437,0.586807,0.795373
438,0.586807,0.795373
439,0.586807,0.795373
440,0.586807,0.795373
441,0.586807,0.795373
442,0.586807,0.795373
443,0.586807,0.795373
444,0.586807,0.795373
445,0.586807,0.795373
446,0.586807,0.795373
447,0.586807,0.795373
448,0.586807,0.795373
449,0.586807,0.795373
450,0.586807,0.795373
451,0.586807,0.795373
452,0.586807,0.795373
453,0.586807,0.795373
454,0.586807,0.795373
455,0.586807,0.795373
456,0.586807,0.795373
457,0.586807,0.795373
458,0.586807,0.795373
459,0.586807,0.795373
460,0.586807,0.795373
461,0.586807,0.795373
462,0.586807,0.795373
463,0.586807,0.795373
464,0.586807,0.795373
465,0.586807,0.795373
466,0.586807,0.795373
467,0.586807,0.795373
468,0.586807,0.795373
469,0.586807,0.795373
470,0.586807,0.795373
471,0.586807,0.795373
472,0.586807,0.795373
473,0.586807,0.795373
474,0.586807,0.795373
475,0.586807,0.795373
476,0.586807,0.795373
477,0.586807,0.795373
478,0.586807,0.795373
479,0.586807,0.795373
480,0.586807,0.795373
481,0.586807,0.795373
482,0.586807,0.795373
483,0.586807,0.795373
484,0.586807,0.795373
485,0.586807,0.795373
486,0.586807,0.795373
487,0.586807,0.795373
488,0.586807,0.795373
489,0.586807,0.795373
490,0.586807,0.795373
491,0.586807,0.795373
492,0.586807,0.795373
493,0.586807,0.795373
494,0.586807,0.795373
495,0.586807,0.795373
496,0.586807,0.795373
497,0.586807,0.795373
498,0.586807,0.795373
499,0.586807,0.795373
500,0.586807,0.795373
501,0.586807,0.795373
502,0.586807,0.795373
503,0.586807,0.795373
504,0.586807,0.795373
505,0.586807,0.795373
506,0.586807,0.795373
507,0.586807,0.795373
508,0.586807,0.795373
509,0.586807,0.795373
510,0.586807,0.795373
511,0.586807,0.795373
512,0.586807,0.795373
513,0.586807,0.795373
514,0.586807,0.795373
515,0.586807,0.795373
516,0.586807,0.795373
517,0.586807,0.795373
518,0.586807,0.795373
519,0.586807,0.795373
520,0.586807,0.795373
521,0.586807,0.795373
522,0.586807,0.795373
523,0.586807,0.795373
524,0.586807,0.795373
525,0.586807,0.795373
526,0.586807,0.795373
527,0.586807,0.795373
528,0.586807,0.795373
529,0.586807,0.795373
530,0.586807,0.795373
531,0.586807,0.795373
532,0.586807,0.795373
533,0.586807,0.795373
534,0.586807,0.795373
535,0.586807,0.795373
536,0.586807,0.795373
537,0.586807,0.795373
538,0.586807,0.795373
539,0.586807,0.795373
540,0.586807,0.795373
541,0.586807,0.795373
542,0.586807,0.795373
543,0.586807,0.795373
544,0.586807,0.795373
545,0.586807,0.795373
546,0.586807,0.795373
547,0.586807,0.795373
548,0.586807,0.795373
549,0.586807,0.795373
550,0.586807,0.795373
551,0.586807,0.795373
552,0.586807,0.795373
553,0.586807,0.795373
554,0.586807,0.795373
555,0.586807,0.795373
556,0.586807,0.795373
557,0.586807,0.795373
558,0.586807,0.795373
559,0.586807,0.795373
560,0.586807,0.795373
561,0.586807,0.795373
562,0.586807,0.795373
563,0.586807,0.795373
564,0.586807,0.795373
565,0.586807,0.795373
566,0.586807,0.795373
567,0.586807,0.795373
568,0.586807,0.795373
569,0.586807,0.795373
570,0.586807,0.795373
571,0.586807,0.795373
572,0.586807,0.795373
573,0.586807,0.795373
574,0.586807,0.795373
575,0.586807,0.795373
576,0.586807,0.795373
577,0.586807,0.795373
578,0.586807,0.795373
579,0.586807,0.795373
580,0.586807,0.795373
581,0.586807,0.795373
582,0.586807,0.795373
583,0.586807,0.795373
584,0.586807,0.795373
585,0.586807,0.795373
586,0.586807,0.795373
587,0.586807,0.795373
588,0.586807,0.795373
589,0.586807,0.795373
590,0.586807,0.795373
591,0.586807,0.795373
592,0.586807,0.795373
593,0.586807,0.795373
594,0.586807,0.795373
595,0.586807,0.795373
596,0.586807,0.795373
597,0.586807,0.795373
598,0.586807,0.795373
599,0.586807,0.795373
600,0.586807,0.795373
601,0.586807,0.795373
602,0.586807,0.795373
603,0.586807,0.795373
604,0.586807,0.795373
605,0.586807,0.795373
606,0.586807,0.795373
607,0.586807,0.795373
608,0.586807,0.795373
609,0.586807,0.795373
610,0.586807,0.795373
611,0.586807,0.795373
612,0.586807,0.795373
613,0.586807,0.795373
614,0.586807,0.795373
615,0.586807,0.795373
616,0.586807,0.795373
617,0.586807,0.795373
618,0.586807,0.795373
619,0.586807,0.795373
620,0.586807,0.795373
621,0.586807,0.795373
622,0.586807,0.795373
623,0.586807,0.795373
624,0.586807,0.795373
625,0.586807,0.795373
626,0.586807,0.795373
627,0.586807,0.795373
628,0.586807,0.795373
629,0.586807,0.795373
630,0.586807,0.795373
631,0.586807,0.795373
632,0.586807,0.795373
633,0.586807,0.795373
634,0.586807,0.795373
635,0.586807,0.795373
636,0.586807,0.795373
637,0.586807,0.795373
638,0.586807,0.795373
639,0.586807,0.795373
640,0.586807,0.795373
641,0.586807,0.795373
642,0.586807,0.795373
643,0.586807,0.795373
644,0.586807,0.795373
645,0.586807,0.795373
646,0.586807,0.795373
647,0.586807,0.795373
648,0.586807,0.795373
649,0.586807,0.795373
650,0.586807,0.795373
651,0.586807,0.795373
652,0.586807,0.795373
653,0.586807,0.795373
654,0.586807,0.795373
655,0.586807,0.795373
656,0.586807,0.795373
657,0.586807,0.795373
658,0.586807,0.795373
659,0.586807,0.795373
660,0.586807,0.795373
661,0.586807,0.795373
662,0.586807,0.795373
663,0.586807,0.795373
664,0.586807,0.795373
665,0.586807,0.795373
666,0.586807,0.795373
667,0.586807,0.795373
668,0.586807,0.795373
669,0.586807,0.795373
670,0.586807,0.795373
671,0.586807,0.795373
672,0.586807,0.795373
673,0.586807,0.795373
674,0.586807,0.795373
675,0.586807,0.795373
676,0.586807,0.795373
677,0.586807,0.795373
678,0.586807,0.795373
679,0.586807,0.795373
680,0.586807,0.795373
681,0.586807,0.795373
682,0.586807,0.795373
683,0.586807,0.795373
684,0.586807,0.795373
685,0.586807,0.795373
686,0.586807,0.795373
687,0.586807,0.795373
688,0.586807,0.795373
689,0.586807,0.795373
690,0.586807,0.795373
691,0.586807,0.795373
692,0.586807,0.795373
693,0.586807,0.795373
694,0.586807,0.795373
695,0.586807,0.795373
696,0.586807,0.795373
697,0.586807,0.795373
698,0.586807,0.795373
699,0.586807,0.795373
700,0.586807,0.795373
701,0.586807,0.795373
702,0.586807,0.795373
703,0.586807,0.795373
704,0.586807,0.795373
705,0.586807,0.795373
706,0.586807,0.795373
707,0.586807,0.795373
708,0.586807,0.795373
709,0.586807,0.795373
710,0.586807,0.795373
711,0.586807,0.795373
712,0.586807,0.795373
713,0.586807,0.795373
714,0.586807,0.795373
715,0.586807,0.795373
716,0.586807,0.795373
717,0.586807,0.795373
718,0.586807,0.795373
719,0.586807,0.795373
720,0.586807,0.795373
721,0.586807,0.795373
722,0.586807,0.795373
723,0.586807,0.795373
724,0.586807,0.795373
725,0.586807,0.795373
726,0.586807,0.795373
727,0.586807,0.795373
728,0.586807,0.795373
729,0.586807,0.795373
730,0.586807,0.795373
731,0.586807,0.795373
732,0.586807,0.795373
733,0.586807,0.795373
734,0.586807,0.795373
735,0.586807,0.795373
736,0.586807,0.795373
737,0.586807,0.795373
738,0.586807,0.795373
739,0.586807,0.795373
740,0.586807,0.795373
741,0.586807,0.795373
742,0.586807,0.795373
743,0.586807,0.795373
744,0.586807,0.795373
745,0.586807,0.795373
746,0.586807,0.795373
747,0.586807,0.795373
748,0.586807,0.795373
749,0.586807,0.795373
750,0.586807,0.795373
751,0.586807,0.795373
752,0.586807,0.795373
753,0.586807,0.795373
754,0.586807,0.795373
755,0.586807,0.795373
756,0.586807,0.795373
757,0.586807,0.795373
758,0.586807,0.795373
759,0.586807,0.795373
760,0.586807,0.795373
761,0.586807,0.795373
762,0.586807,0.795373
763,0.586807,0.795373
764,0.586807,0.795373
765,0.586807,0.795373
766,0.586807,0.795373
767,0.586807,0.795373
768,0.586807,0.795373
769,0.586807,0.795373
770,0.586807,0.795373
771,0.586807,0.795373
772,0.586807,0.795373
773,0.586807,0.795373
774,0.586807,0.795373
775,0.586807,0.795373
776,0.586807,0.795373
777,0.586807,0.795373
778,0.586807,0.795373
779,0.586807,0.795373
780,0.586807,0.795373
781,0.586807,0.795373
782,0.586807,0.795373
783,0.586807,0.795373
784,0.586807,0.795373
785,0.586807,0.795373
786,0.586807,0.795373
787,0.586807,0.795373
788,0.586807,0.795373
789,0.586807,0.795373
790,0.586807,0.795373
791,0.586807,0.795373
792,0.586807,0.795373
793,0.586807,0.795373
794,0.586807,0.795373
795,0.586807,0.795373
796,0.586807,0.795373
797,0.586807,0.795373
798,0.586807,0.795373
799,0.586807,0.795373
800,0.586807,0.795373
801,0.586807,0.795373
802,0.586807,0.795373
803,0.586807,0.795373
804,0.586807,0.795373
805,0.586807,0.795373
806,0.586807,0.795373
807,0.586807,0.795373
808,0.586807,0.795373
809,0.586807,0.795373
810,0.586807,0.795373
811,0.586807,0.795373
812,0.586807,0.795373
813,0.586807,0.795373
814,0.586807,0.795373
815,0.586807,0.795373
816,0.586807,0.795373
817,0.586807,0.795373
818,0.586807,0.795373
819,0.586807,0.795373
820,0.586807,0.795373
821,0.586807,0.795373
822,0.586807,0.795373
823,0.586807,0.795373
824,0.586807,0.795373
825,0.586807,0.795373
826,0.586807,0.795373
827,0.586807,0.795373
828,0.586807,0.795373
829,0.586807,0.795373
830,0.586807,0.795373
831,0.586807,0.795373
832,0.586807,0.795373
833,0.586807,0.795373
834,0.586807,0.795373
835,0.586807,0.795373
836,0.586807,0.795373
837,0.586807,0.795373
838,0.586807,0.795373
839,0.586807,0.795373
840,0.586807,0.795373
841,0.586807,0.795373
842,0.586807,0.795373
843,0.586807,0.795373
844,0.586807,0.795373
845,0.586807,0.795373
846,0.586807,0.795373
847,0.586807,0.795373
848,0.586807,0.795373
849,0.586807,0.795373
850,0.586807,0.795373
851,0.586807,0.795373
852,0.586807,0.795373
853,0.586807,0.795373
854,0.586807,0.795373
855,0.586807,0.795373
856,0.586807,0.795373
857,0.586807,0.795373
858,0.586807,0.795373
859,0.586807,0.795373
860,0.586807,0.795373
861,0.586807,0.795373
862,0.586807,0.795373
863,0.586807,0.795373
864,0.586807,0.795373
865,0.586807,0.795373
866,0.586807,0.795373
867,0.586807,0.795373
868,0.586807,0.795373
869,0.586807,0.795373
870,0.586807,0.795373
871,0.586807,0.795373
872,0.586807,0.795373
873,0.586807,0.795373
874,0.586807,0.795373
875,0.586807,0.795373
876,0.586807,0.795373
877,0.586807,0.795373
878,0.586807,0.795373
879,0.586807,0.795373
880,0.586807,0.795373
881,0.586807,0.795373
882,0.586807,0.795373
883,0.586807,0.795373
884,0.586807,0.795373
885,0.586807,0.795373
886,0.586807,0.795373
887,0.586807,0.795373
888,0.586807,0.795373
889,0.586807,0.795373
890,0.586807,0.795373
891,0.586807,0.795373
892,0.586807,0.795373
893,0.586807,0.795373
894,0.586807,0.795373
895,0.586807,0.795373
896,0.586807,0.795373
897,0.586807,0.795373
898,0.586807,0.795373
899,0.586807,0.795373
900,0.586807,0.795373
901,0.586807,0.795373
902,0.586807,0.795373
903,0.586807,0.795373
904,0.586807,0.795373
905,0.586807,0.795373
906,0.586807,0.795373
907,0.586807,0.795373
908,0.586807,0.795373
909,0.586807,0.795373
910,0.586807,0.795373
911,0.586807,0.795373
912,0.586807,0.795373
913,0.586807,0.795373
914,0.586807,0.795373
915,0.586807,0.795373
916,0.586807,0.795373
917,0.586807,0.795373
918,0.586807,0.795373
919,0.586807,0.795373
920,0.586807,0.795373
921,0.586807,0.795373
922,0.586807,0.795373
923,0.586807,0.795373
924,0.586807,0.795373
925,0.586807,0.795373
926,0.586807,0.795373
927,0.586807,0.795373
928,0.586807,0.795373
929,0.586807,0.795373
930,0.586807,0.795373
931,0.586807,0.795373
932,0.586807,0.795373
933,0.586807,0.795373
934,0.586807,0.795373
935,0.586807,0.795373
936,0.586807,0.795373
937,0.586807,0.795373
938,0.586807,0.795373
939,0.586807,0.795373
940,0.586807,0.795373
941,0.586807,0.795373
942,0.586807,0.795373
943,0.586807,0.795373
944,0.586807,0.795373
945,0.586807,0.795373
946,0.586807,0.795373
947,0.586807,0.795373
948,0.586807,0.795373
949,0.586807,0.795373
950,0.586807,0.795373
951,0.586807,0.795373
952,0.586807,0.795373
953,0.586807,0.795373
954,0.586807,0.795373
955,0.586807,0.795373
956,0.586807,0.795373
957,0.586807,0.795373
958,0.586807,0.795373
959,0.586807,0.795373
960,0.586807,0.795373
961,0.586807,0.795373
962,0.586807,0.795373
963,0.586807,0.795373
964,0.586807,0.795373
965,0.586807,0.795373
966,0.586807,0.795373
967,0.586807,0.795373
968,0.586807,0.795373
969,0.586807,0.795373
970,0.586807,0.795373
971,0.586807,0.795373
972,0.586807,0.795373
973,0.586807,0.795373
974,0.586807,0.795373
975,0.586807,0.795373
976,0.586807,0.795373
977,0.586807,0.795373
978,0.586807,0.795373
979,0.586807,0.795373
980,0.586807,0.795373
981,0.586807,0.795373
982,0.586807,0.795373
983,0.586807,0.795373
984,0.586807,0.795373
985,0.586807,0.795373
986,0.586807,0.795373
987,0.586807,0.795373
988,0.586807,0.795373
989,0.586807,0.795373
990,0.586807,0.795373
991,0.586807,0.795373
992,0.586807,0.795373
993,0.586807,0.795373
994,0.586807,0.795373
995,0.586807,0.795373
996,0.586807,0.795373
997,0.586807,0.795373
998,0.586807,0.795373
999,0.586807,0.795373
1000,0.586807,0.795373
1001,0.586807,0.795373
1002,0.586807,0.795373
1003,0.586807,0.795373
1004,0.586807,0.795373
1005,0.586807,0.795373
1006,0.586807,0.795373
1007,0.586807,0.795373
1008,0.586807,0.795373
1009,0.586807,0.795373
1010,0.586807,0.795373
1011,0.586807,0.795373
1012,0.586807,0.795373
1013,0.586807,0.795373
1014,0.586807,0.795373
1015,0.586807,0.795373
1016,0.586807,0.795373
1017,0.586807,0.795373
1018,0.586807,0.795373
1019,0.586807,0.795373
1020,0.586807,0.795373
1021,0.586807,0.795373
1022,0.586807,0.795373
1023,0.586807,0.795373
1024,0.586807,0.795373
1025,0.586807,0.795373
1026,0.586807,0.795373
1027,0.586807,0.795373
1028,0.586807,0.795373
1029,0.586807,0.795373
1030,0.586807,0.795373
0,2.06378,1.90772
1,1.38183,0.724542
2,0.302882,0.47233
3,0.35029,0.32252
4,0.405069,0.412102
5,0.326239,0.153926
6,0.299439,0.300458
7,0.315014,0.795023
8,0.247157,0.272466
9,1.17009,0.247613
10,0.585025,0.236841
11,0.264939,0.795165
12,0.58663,0.795361
13,0.580329,0.808149
14,0.27179,0.795427
15,0.586757,0.383695
16,0.586776,0.793536
17,0.586805,0.795375
18,0.293282,0.795409
19,0.619544,0.765632
20,0.800574,0.795373
21,0.586806,0.795373
22,0.304392,0.555876
23,0.577161,0.795373
24,0.586807,0.237156
25,0.586807,0.799229
26,0.559749,0.795373
27,0.244154,0.237156
28,0.586807,0.237156
29,0.560792,0.766276
30,0.304392,0.826664
31,0.586807,0.80912
32,0.586807,0.795373
33,0.586807,0.795373
34,0.562386,0.795373
35,0.586807,0.237156
36,0.271782,0.795373
37,0.586807,0.795373
38,0.586807,0.10851
39,0.552126,0.795373
40,0.271782,0.795373
41,0.268963,0.233742
42,0.60914,0.383629
43,0.586807,0.795373
44,0.586807,0.791138
45,0.560792,0.795373
46,0.586807,0.237156
47,0.586807,0.383629
48,0.586807,0.795373
49,0.586807,0.795373
50,0.162418,0.795373
51,0.546731,0.794382
52,0.271782,0.795373
53,0.560792,0.795373
54,0.583987,0.795373
55,0.586807,0.795373
56,0.586807,0.795373
57,0.586807,0.795373
58,0.208512,0.795373
59,0.304392,0.237156
60,0.583987,0.795373
61,0.586807,0.208318
62,0.245768,0.795373
63,0.308295,0.795373
64,0.274577,0.793449
65,0.587851,0.383629
66,0.586807,0.795373
67,0.633416,0.795373
68,0.586807,0.795373
69,0.228086,0.795373
70,0.586807,0.383629
71,0.583987,0.795373
72,0.586807,0.236028
73,0.586807,0.790722
74,0.560792,0.792742
75,0.586807,0.795373
76,0.586807,0.795373
77,0.586807,0.795373
78,0.586807,0.383629
79,0.271782,0.237156
80,0.779315,0.237156
81,0.586807,0.795373
82,0.245768,0.795373
83,0.356526,0.795373
84,0.560792,0.799666
85,0.562575,0.853297
86,0.834074,0.383629
87,0.585715,0.795373
88,0.304392,0.378984
89,0.586807,0.264848
90,0.304388,0.795373
91,0.245767,0.795799
92,0.560792,0.237156
93,0.627311,0.207409
94,0.560792,0.795373
95,0.586807,0.235042
96,0.588405,0.795373
97,0.6081,0.795373
98,0.5592,0.396912
99,0.271782,0.795373
100,0.605494,0.793974
101,0.580365,0.795373
102,0.586883,0.237156
103,0.560792,0.237156
104,0.271782,0.237156
105,0.583987,0.795373
106,0.586807,0.795373
107,0.586807,0.795373
108,0.580365,0.383629
109,0.586807,0.79863
110,0.584733,0.795373
111,1.07028,0.795373
112,0.68066,0.952617
113,0.586807,0.306025
114,0.586807,0.795373
115,0.304388,0.795373
116,0.58043,0.795373
117,0.586807,0.765631
118,0.523536,0.791337
119,0.586807,0.795373
120,0.585053,0.795373
121,0.577546,0.795373
122,0.586807,0.795373
123,0.317034,0.795373
124,0.304392,0.795373
125,0.577546,0.383629
126,0.586807,0.795373
127,0.304392,0.795373
128,0.590622,0.383629
129,0.586897,0.795188
130,0.586807,0.765631
131,0.586807,0.795373
132,0.586807,0.806548
133,0.297847,0.795373
134,0.586807,0.795373
135,0.586807,0.795373
136,0.59103,0.795373
137,0.647571,0.237156
138,0.264574,0.383629
139,0.586807,0.383629
140,0.560792,0.795373
141,0.304392,0.795373
142,0.271782,0.795373
143,0.580365,0.795373
144,0.586807,0.795373
145,0.586807,0.237156
146,0.583987,0.783306
147,0.271782,0.76563
148,0.586807,0.795373
149,0.586807,0.81391
150,0.586807,0.795373
151,0.271782,0.795373
152,0.586807,0.795373
153,0.586807,0.237156
154,0.54955,0.360162
155,0.324396,0.795373
156,0.330208,0.795373
157,0.580365,0.795373
158,0.586807,0.791389
159,0.586807,0.791334
160,0.304392,0.795373
161,0.549551,0.795373
162,0.580365,0.795373
163,0.900437,0.795373
164,0.586807,0.383629
165,0.586807,0.697424
166,0.586807,0.795373
167,0.586807,0.383629
168,0.61347,0.795373
169,0.586807,0.795373
170,0.586807,0.905156
171,0.295302,0.111808
172,0.586807,0.250309
173,0.586807,0.237156
174,0.696787,0.790832
175,0.586807,0.869059
176,0.560357,0.795373
177,0.586807,0.795373
178,0.268963,0.802872
179,0.549551,0.868371
180,0.586807,0.795373
181,0.586807,0.237156
182,0.271782,0.795373
183,0.586807,0.795373
184,0.587358,0.796551
185,0.271782,0.797456
186,0.649039,0.237156
187,0.586807,0.108517
188,0.686039,0.79154
189,0.162415,0.804679
190,0.585515,0.818644
191,0.662026,0.795373
192,0.601911,0.795373
193,0.583987,0.795373
194,0.586807,0.237156
195,0.586807,0.795373
196,0.591454,0.795373
197,0.586807,0.795373
198,0.586807,0.795502
199,0.683736,0.382205
200,0.586807,0.248885
201,0.586807,0.765631
202,0.271782,0.833733
203,0.549551,0.801896
204,0.271782,0.795373
205,0.589809,0.795373
206,0.583605,0.795373
207,0.560792,0.383622
208,0.549551,0.765631
209,0.612731,0.797779
210,0.586807,0.383622
211,0.560792,0.795373
212,0.560792,0.806014
213,0.312681,0.795373
214,0.586807,0.236159
215,0.560792,0.76563
216,0.267267,0.795373
217,0.549551,0.237156
218,0.586807,0.796674
219,0.586797,0.383629
220,0.581866,0.795373
221,0.583987,0.108517
222,0.549551,0.383629
223,0.586807,0.795373
224,0.282731,0.237156
225,0.771162,0.804328
226,0.586807,0.850444
227,0.546731,0.791548
228,0.585332,0.379706
229,0.586807,0.795373
230,0.586807,0.795373
231,0.271874,0.795373
232,0.560792,0.237156
233,0.304392,0.79616
234,0.586807,0.809837
235,0.560792,0.795373
236,0.586807,0.237156
237,0.441735,0.795373
238,0.580365,0.795373
239,0.584867,0.237156
240,0.271746,0.795373
241,0.586807,0.795373
242,0.618273,0.791146
243,0.549551,0.795373
244,0.639784,0.797242
245,0.59464,0.795373
246,0.586807,0.794698
247,0.304392,0.383629
248,0.583987,0.237156
249,0.586807,0.383629
250,0.586807,0.795373
251,0.586807,0.383629
252,0.632365,0.383629
253,0.586807,0.76563
254,0.586807,0.237154
255,0.560792,0.795373
256,0.586807,0.795373
257,0.585099,0.809591
258,0.625711,0.795373
259,0.234527,0.795373
260,0.586807,0.794403
261,0.304392,0.237156
262,0.560792,0.795373
263,0.586807,0.813161
264,0.586807,0.237151
265,0.615322,0.795373
266,0.573191,0.765631
267,0.234526,0.795373
268,0.586807,0.383629
269,0.586807,0.237156
270,0.560792,0.795373
271,0.586807,0.836285
272,0.271782,0.795373
273,0.586807,0.795373
274,0.586807,0.795373
275,0.594671,0.795373
276,0.549551,0.795373
277,0.618228,0.805811
278,0.586193,0.795373
279,0.586807,0.795373
280,0.297951,0.795373
281,0.583064,0.795373
282,0.586807,0.811071
283,0.586807,0.780722
284,0.586807,0.795373
285,0.586807,0.811132
286,0.827085,0.765631
287,0.584655,0.799727
288,0.560792,0.237156
289,0.549551,0.795373
290,0.523536,0.233298
291,0.586807,0.795373
292,0.586807,0.795373
293,0.580366,0.795373
294,0.586807,0.795373
295,0.425665,0.795373
296,0.278377,0.252038
297,0.580365,0.861456
298,0.373551,0.828882
299,0.584641,0.796512
300,0.586807,0.237156
301,0.394149,0.793773
302,0.271782,0.795373
303,0.586807,0.237151
304,0.265341,0.795373
305,0.560792,0.795373
306,0.586807,0.233198
307,0.586807,0.797837
308,0.271782,0.236545
309,0.304638,0.238013
310,0.557973,0.108517
311,0.586188,0.795373
312,0.271782,0.795373
313,0.581947,0.383629
314,0.584772,0.795373
315,0.586807,0.795373
316,0.586807,0.795373
317,0.586807,0.383629
318,0.303003,0.796655
319,0.596999,0.795373
320,0.312754,0.795373
321,0.591021,0.246469
322,0.586807,0.795373
323,0.588692,0.795373
324,0.586807,0.317033
325,0.549551,0.795373
326,0.271782,0.124233
327,0.747255,0.795373
328,0.583987,0.383629
329,0.586807,0.795373
330,0.586807,0.795373
331,0.272001,0.795373
332,0.156209,0.795373
333,0.586807,0.237156
334,0.580365,0.237156
335,0.322954,0.765631
336,0.586807,0.794738
337,0.580365,0.793588
338,0.586807,0.765631
339,0.271782,0.795373
340,0.271782,0.207414
341,0.586807,0.795373
342,0.586564,0.765631
343,0.586807,0.795373
344,0.586807,0.795373
345,0.606509,0.765631
346,0.234526,0.795373
347,0.304392,0.796889
348,0.586807,0.795373
349,0.523536,0.795373
350,0.586807,0.795373
351,0.560792,0.383629
352,0.596924,0.237156
353,0.546731,0.383629
354,0.585189,0.795373
355,0.303789,0.795373
356,1.33309,0.795373
357,0.586807,0.813954
358,0.549551,0.795373
359,0.580365,0.795373
360,0.283491,0.795373
361,0.660933,0.795373
362,0.265341,0.795373
363,0.586807,0.795373
364,0.586807,0.795373
365,0.583987,0.795373
366,0.840382,0.383629
367,0.617119,0.795373
368,0.580365,0.384277
369,0.586807,0.795373
370,0.586807,0.795373
371,0.549551,0.795373
372,0.586807,0.795373
373,0.549551,0.795373
374,0.586298,0.765631
375,0.581343,0.795373
376,0.586807,0.400824
377,0.523536,0.795373
378,0.612049,0.237156
379,0.586807,0.237156
380,0.274067,0.795373
381,0.586807,0.765631
382,0.586807,0.795373
383,0.586807,0.795373
384,0.162418,0.237151
385,0.583987,0.795373
386,0.584286,0.765631
387,0.587926,0.795373
388,0.54955,0.795373
389,0.560792,0.795373
390,0.586807,0.795373
391,0.586807,0.237156
392,0.586807,0.795373
393,0.271782,0.809922
394,0.586807,0.795373
395,0.621372,0.383629
396,0.245768,0.795373
397,0.560792,0.237156
398,0.599227,0.383629
399,0.586807,0.795373
400,0.583987,0.82075
401,0.586807,0.795373
402,0.586807,0.383629
403,0.583987,0.795373
404,0.580365,0.795373
405,0.586807,0.237156
406,0.586807,0.795373
407,0.823946,0.795373
408,0.589211,0.237156
409,0.667639,0.795373
410,0.586807,0.241991
411,0.162418,0.795373
412,0.586807,0.795373
413,0.620691,0.234478
414,0.586807,0.394271
415,0.595969,0.237154
416,0.549551,0.237156
417,0.560792,0.795373
418,0.698869,0.812826
419,0.592663,0.795373
420,0.586807,0.790727
421,0.586807,0.795373
422,0.586807,0.795373
423,0.586807,0.798641
424,0.586807,0.383629
425,0.293282,0.108517
426,0.558639,0.795373
427,0.27106,0.796584
428,0.560792,0.795373
429,0.297951,0.795373
430,0.611444,0.237151
431,0.631962,0.795373
432,0.586807,0.765631
433,0.586807,0.795373
434,0.586807,0.795373
435,0.271782,0.795373
436,0.245768,0.237156
437,0.346911,0.795373
438,0.586807,0.237156
439,0.583987,0.795373
440,0.586994,0.383629
441,0.549551,0.795373
442,0.271782,0.791175
443,0.586807,0.844126
444,0.586807,0.795373
445,0.586807,0.78984
446,0.583987,0.383629
447,0.644653,0.108517
448,0.586807,0.795373
449,0.586807,0.800077
450,0.159598,0.806222
451,0.434742,0.795373
452,0.586825,0.237156
453,0.549551,0.765631
454,0.507476,0.448808
455,0.586807,0.795373
456,0.583987,0.388166
457,0.665573,0.795373
458,0.658679,0.803354
459,0.268963,0.453361
460,0.271782,0.795373
461,0.615847,0.237151
462,0.560792,0.383629
463,0.747423,0.795373
464,0.586807,0.795373
465,0.586807,0.218234
466,0.583987,0.237151
467,0.586807,0.795373
468,0.596467,0.795373
469,0.234527,0.237156
470,0.586807,0.763965
471,0.586807,0.795373
472,0.301572,0.805913
473,0.586807,0.383629
474,0.586807,0.424158
475,0.557973,0.383629
476,0.586807,0.383622
477,0.278377,0.795373
478,0.586807,0.383632
479,0.586807,0.795373
480,0.586807,0.795373
481,0.580365,0.795373
482,0.278381,0.687996
483,0.586807,0.795373
484,0.27931,0.795373
485,0.586807,0.795373
486,0.549551,0.795373
487,0.607403,0.792903
488,0.586807,0.795373
489,0.557973,0.795373
490,0.583987,0.379829
491,0.586807,0.795373
492,0.584815,0.230604
493,0.586807,0.795373
494,0.685759,0.795373
495,0.586807,0.795373
496,0.297951,0.806898
497,0.304392,0.791143
498,0.586807,0.383622
499,0.586807,0.237156
500,0.660141,0.795373
501,0.586807,0.792744
502,0.564023,0.795373
503,0.234526,0.237156
504,0.586807,0.795373
505,0.586807,0.795373
506,0.586807,0.795373
507,0.549551,0.796024
508,0.271782,0.383629
509,0.560792,0.804357
510,0.588168,0.237156
511,0.593226,0.821553
512,0.586807,0.108517
513,0.225693,0.795373
514,0.846665,0.795373
515,0.271782,1.90687
516,0.549551,0.795373
517,0.586807,0.798784
518,0.586807,0.795899
519,0.586807,0.383629
520,0.549551,0.237156
521,0.662766,0.795373
522,0.586356,0.795373
523,0.560792,0.795373
524,0.586807,0.795373
525,0.586807,0.796724
526,0.856841,0.795373
527,0.65484,0.765631
528,0.594068,0.382191
529,0.586807,0.795373
530,0.304392,0.795373
531,0.586807,0.795373
532,0.586818,0.795373
533,0.586807,0.795373
534,0.557972,0.795373
535,0.271782,0.790733
536,0.583987,0.796414
537,0.271782,0.795373
538,0.304907,0.795373
539,0.709637,0.795373
540,0.586232,0.795373
541,0.271782,0.383629
542,0.293282,0.237156
543,0.586807,0.795373
544,0.268962,0.790725
545,0.590917,0.795373
546,0.586807,0.795373
547,0.560792,0.795373
548,0.577546,0.795373
549,0.584797,0.383629
550,0.615645,0.795373
551,0.609822,0.795515
552,0.586807,0.386213
553,0.586143,0.796742
554,0.304392,0.791396
555,0.559748,0.795373
556,0.611893,0.237156
557,0.307324,0.765631
558,0.278377,0.39571
559,0.586807,0.795373
560,0.560792,0.795373
561,0.268963,0.795373
562,0.549433,0.795373
563,0.304392,0.915754
564,0.560792,0.795373
565,0.265818,0.237151
566,0.585591,0.795373
567,0.586807,0.803807
568,0.271782,0.795373
569,0.58588,0.806719
570,0.586807,1.04452
571,0.560792,0.383629
572,0.557279,0.795373
573,0.549551,1.08381
574,0.586807,0.795373
575,0.586807,0.383629
576,0.586807,0.795373
577,0.304392,0.795373
578,0.585906,0.237156
579,0.586807,0.791138
580,0.583987,0.795373
581,0.586807,0.795373
582,0.245768,0.795373
583,0.586807,0.795373
584,0.304392,0.383629
585,0.586807,0.795373
586,0.271782,0.795373
587,0.586807,0.237156
588,0.586807,0.795373
589,0.326992,0.829219
590,0.560792,0.795373
591,0.586807,0.795373
592,0.584802,0.237154
593,0.271782,0.806466
594,0.268963,0.108517
595,0.162418,0.237156
596,0.586807,0.795373
597,0.271782,0.233948
598,0.586751,0.204238
599,0.271782,0.795373
600,0.586807,0.383629
601,0.278377,0.795373
602,0.586807,0.795373
603,0.549551,0.79074
604,0.303148,0.765631
605,0.623068,0.795373
606,0.586807,0.795373
607,0.586807,0.795373
608,0.588826,0.795373
609,0.586807,0.237156
610,0.560792,0.798038
611,0.560792,0.803274
612,0.586807,0.799316
613,0.586807,0.765631
614,0.586807,0.765631
615,0.312856,0.237156
616,0.39796,0.795373
617,0.586807,0.237156
618,0.271782,0.108517
619,0.549551,0.207414
620,0.586807,0.797499
621,0.271782,0.795373
622,0.271782,0.796488
623,0.583987,0.237156
624,0.586807,0.237156
625,0.642999,0.383629
626,0.560792,0.795373
627,0.580365,0.795373
628,0.301572,0.795373
629,0.304392,0.802101
630,0.580365,0.795373
631,0.580365,0.795373
632,0.586807,0.795373
633,0.271782,0.796979
634,0.738924,0.237156
635,0.580365,0.765631
636,0.580365,0.237156
637,0.586807,0.795373
638,0.271782,0.795373
639,0.586807,0.795373
640,0.586807,0.795373
641,0.266191,0.795373
642,0.271782,0.795373
643,0.586807,0.76969
644,0.271782,0.795373
645,0.586807,0.76603
646,0.580365,0.798114
647,0.586807,0.796076
648,0.304392,0.795373
649,0.549551,0.795373
650,0.586807,0.795928
651,0.560792,0.79223
652,0.341411,0.795373
653,0.678344,0.383629
654,0.691811,0.795373
655,0.586807,0.795373
656,0.586807,0.804865
657,0.586807,0.795373
658,0.245768,0.237156
659,0.168893,0.795373
660,0.591379,0.79604
661,0.582059,0.237156
662,0.304392,0.795373
663,0.304392,0.791975
664,0.580366,0.237156
665,0.586807,0.237156
666,0.239717,0.795373
667,0.601148,0.79605
668,0.271782,0.795373
669,0.271782,0.795109
670,0.333829,0.795373
671,0.304388,0.23909
672,0.586807,0.795373
673,0.560792,0.795373
674,0.671934,0.795373
675,0.580365,0.109973
676,0.304391,0.765631
677,0.586807,0.237156
678,0.271782,0.795373
679,0.586807,0.793952
680,0.580365,0.795373
681,0.589005,0.795373
682,0.586807,0.294059
683,0.855961,0.795373
684,0.586807,0.795373
685,0.560792,0.798747
686,0.301572,0.795373
687,0.557972,0.803829
688,0.304392,0.795373
689,0.596917,0.795373
690,0.586807,0.795373
691,0.618838,0.791395
692,0.590491,0.795373
693,0.586807,0.765631
694,0.301572,0.795373
695,0.271782,0.795373
696,0.271782,0.379005
697,0.583987,0.237156
698,0.599414,0.869276
699,0.586807,0.795373
700,0.586807,0.795373
701,0.642945,0.795373
702,0.28665,0.237156
703,0.271782,0.765631
704,0.271782,0.795373
705,0.59461,0.795373
706,0.588901,0.795373
707,0.592051,0.795373
708,0.593201,0.795373
709,0.628375,0.795373
710,0.271782,0.792765
711,0.586807,0.795373
712,0.271782,0.795373
713,0.602673,0.793573
714,0.586807,0.795373
715,0.586807,0.762373
716,0.586807,0.383629
717,0.852646,0.795373
718,0.271782,0.795373
719,0.271782,0.383622
720,0.560792,0.791049
721,0.259073,0.795373
722,0.586491,0.795165
723,0.586807,0.237156
724,0.271782,0.397953
725,0.581895,0.379796
726,0.586807,0.795373
727,0.271782,0.795373
728,0.584873,0.237156
729,0.560794,0.801277
730,0.586807,0.795373
731,0.234527,0.237156
732,0.271782,0.207415
733,0.304388,0.795373
734,0.770414,0.795373
735,0.60867,0.237156
736,0.614664,0.237156
737,0.278377,0.237156
738,0.549551,0.795373
739,0.54955,0.765631
740,0.586807,0.837176
741,0.807259,0.237156
742,0.297947,0.807037
743,0.586807,0.795373
744,0.583987,0.795373
745,0.586807,0.237154
746,0.586807,0.790738
747,0.271782,0.79144
748,0.580365,0.795373
749,0.586807,0.383629
750,0.684797,0.761875
751,0.560792,0.237156
752,0.549551,0.237156
753,0.586807,0.795373
754,0.586807,0.792571
755,0.557972,0.811479
756,0.586807,0.794619
757,0.586807,0.795373
758,0.586807,0.792683
759,0.586807,0.795373
760,0.586807,0.237156
761,0.586807,0.795373
762,0.586807,0.835222
763,0.586807,0.237156
764,0.270354,0.791473
765,0.470124,0.795373
766,0.625488,0.760978
767,0.549551,0.50607
768,0.583987,0.795373
769,0.234527,0.795373
770,0.586807,0.794598
771,0.586807,0.383629
772,0.586807,0.383629
773,0.268962,0.383622
774,0.58724,0.823786
775,0.550529,0.795373
776,0.549551,0.795373
777,0.549551,0.795373
778,0.586807,0.795373
779,0.586807,0.874772
780,0.586807,0.383629
781,0.586807,0.383629
782,0.580365,0.795373
783,0.586807,0.383629
784,0.752075,0.795373
785,0.586807,0.237156
786,0.162418,0.795373
787,0.268963,0.795373
788,0.586807,0.795373
789,0.578299,0.795373
790,0.586807,0.795373
791,0.583987,0.795373
792,0.584695,0.795373
793,0.396112,0.765631
794,0.297184,0.383622
795,0.271782,0.795373
796,0.586807,0.795373
797,0.586807,0.247762
798,0.67834,0.383629
799,0.590809,0.795373
800,0.304392,0.795373
801,0.271782,0.790926
802,0.504852,0.765631
803,0.5872,0.795242
804,0.586807,0.795373
805,0.586807,0.795373
806,0.586807,0.795373
807,0.586807,0.795373
808,0.583987,0.264717
809,0.586807,0.79073
810,0.590558,0.235365
811,0.586807,0.795373
812,0.271782,0.795373
813,0.604075,0.864532
814,0.585348,0.765631
815,0.275498,0.252749
816,0.304392,0.794265
817,0.586807,0.795373
818,0.54827,0.765631
819,0.586807,0.795373
820,0.583987,0.795373
821,0.586457,0.886912
822,0.271782,0.237156
823,0.675196,0.795373
824,0.271782,0.795373
825,0.560792,0.765631
826,0.162418,0.383629
827,0.580365,0.795373
828,0.589343,0.795373
829,0.586807,0.237156
830,0.586807,0.795373
831,0.586807,0.795373
832,0.271782,0.384518
833,0.586807,0.795373
834,0.586807,0.795373
835,0.271782,0.795373
836,0.539238,0.794342
837,0.586807,0.795373
838,0.304388,0.795373
839,0.271782,0.250395
840,0.331151,0.237156
841,0.583987,0.795373
842,0.306501,0.795373
843,0.586807,0.657412
844,0.580365,0.237156
845,0.586807,0.806983
846,0.304392,0.792981
847,0.560792,0.795373
848,0.580366,0.832844
849,0.271782,0.791137
850,0.586807,0.795373
851,0.586807,0.812898
852,0.586807,0.795373
853,0.586807,0.795373
854,0.234527,0.795373
855,0.562225,0.383629
856,0.645859,0.794291
857,0.383748,0.813427
858,0.560792,0.795373
859,0.583987,0.793254
860,0.586807,0.909115
861,0.676304,0.790734
862,0.583987,0.795373
863,0.304392,0.794642
864,0.586807,0.79168
865,0.62256,0.237156
866,0.55101,0.458008
867,0.586807,0.795373
868,0.586807,0.802749
869,0.586807,0.246783
870,0.336406,0.207414
871,0.586807,0.792743
872,0.805867,0.765631
873,0.271782,0.795373
874,0.245768,0.795373
875,0.304392,0.765631
876,0.634492,0.237156
877,0.585337,0.108517
878,0.586807,0.388191
879,0.586807,0.795373
880,0.234527,0.795373
881,0.586807,0.383629
882,0.586531,0.807271
883,0.583987,0.791267
884,0.560792,1.65311
885,0.648565,0.108517
886,0.586807,0.108517
887,0.268962,0.795373
888,0.584831,0.795373
889,0.586807,0.795373
890,0.583987,0.795373
891,0.589258,0.86641
892,0.586807,0.401117
893,0.585029,0.795373
894,0.583987,0.796663
895,0.268963,0.383629
896,0.586807,0.108517
897,0.304392,0.795373
898,0.580365,0.383629
899,0.587083,0.795373
900,0.703418,0.427404
901,0.586807,0.237151
902,0.304392,0.237156
903,0.619226,0.795373
904,0.257698,0.795373
905,0.271782,0.795373
906,0.562071,0.795373
907,0.560792,0.237156
908,0.271782,0.790731
909,0.560792,0.795373
910,0.586807,0.797502
911,0.606307,0.795373
912,0.585009,0.237156
913,0.586807,0.240181
914,0.549551,0.795373
915,0.583987,0.233557
916,0.586807,0.795373
917,0.586807,0.795373
918,0.619894,0.234037
919,0.313446,0.795373
920,0.560792,0.795893
921,0.245767,0.823406
922,0.586807,0.795373
923,0.440669,0.799947
924,0.586807,0.795373
925,0.589299,0.797006
926,0.586807,0.809183
927,0.162418,0.795373
928,0.586807,0.795373
929,0.586807,0.795373
930,0.586807,0.794349
931,0.305198,0.781026
932,0.586807,0.795373
933,0.586807,0.795373
934,0.586807,0.127812
935,0.586807,0.792791
936,0.315959,0.795373
937,0.583987,0.380157
938,0.586807,0.817098
939,0.560792,0.795373
940,0.586807,0.108517
941,0.560792,0.233285
942,0.283929,0.795373
943,0.587325,0.795373
944,0.271782,0.207413
945,0.593526,0.2471
946,0.586807,0.237156
947,0.278377,0.795373
948,0.586807,0.795373
949,0.586807,0.383629
950,0.306154,0.383629
951,0.636881,0.795373
952,0.604915,0.237156
953,0.586807,1.04409
954,0.586807,0.791117
955,0.271782,0.795373
956,0.271782,0.237151
957,0.265341,0.795373
958,0.586807,0.793665
959,0.234527,0.795537
960,0.546731,0.79476
961,0.595749,0.795373
962,0.159598,0.241696
963,0.560792,0.795373
964,0.258158,0.76563
965,0.589962,0.765631
966,0.234526,0.383622
967,0.586807,0.383629
968,0.586807,0.790742
969,0.583987,0.811482
970,0.268963,0.383629
971,0.56672,0.795373
972,0.162418,0.383629
973,0.271782,0.795373
974,0.586807,0.800739
975,0.560792,0.795373
976,0.304392,0.795373
977,0.586807,0.383629
978,0.587831,0.795373
979,0.586452,0.237156
980,0.586807,0.795373
981,0.586807,0.242392
982,0.301568,0.383629
983,0.271782,0.795373
984,0.278375,0.37946
985,0.803926,0.237156
986,0.586807,0.383629
987,0.586807,0.237156
988,0.561948,0.795772
989,0.586807,0.795373
990,0.586807,0.383629
991,0.586807,0.383629
992,0.586807,0.795373
993,0.308664,0.237156
994,0.586807,2.25406
995,0.304392,0.795373
996,0.586807,0.795373
997,0.586807,0.795373
998,0.304392,0.237156
999,0.549551,0.795373
1000,0.586807,0.795373
1001,0.586807,0.395217
1002,0.549551,0.795373
1003,0.582929,0.795373
1004,0.549551,0.795373
1005,0.304392,0.82813
1006,0.586807,0.237156
1007,0.560792,0.790734
1008,0.586807,0.383622
1009,0.272247,0.383627
1010,0.271782,0.795373
1011,0.583987,0.795373
1012,0.560792,0.795373
1013,0.586807,0.795373
1014,0.271782,0.795373
1015,0.586807,0.795373
1016,0.598173,0.794189
1017,0.586807,0.237156
1018,0.58592,0.234889
1019,0.586807,0.237151
1020,0.586807,0.795373
1021,0.586807,0.233471
1022,0.599926,0.795373
1023,0.589675,0.765631
1024,0.560792,0.383629
1025,0.549551,0.795373
1026,0.586807,0.795373
1027,0.586807,0.360583
1028,0.580365,0.765631
1029,0.586807,0.795373
1030,0.303013,0.795373
1031,0.586807,0.800844
1032,0.586807,0.795373
1033,0.468061,0.826898
1034,0.557972,0.795373
1035,0.584797,0.795373
1036,0.560792,0.795373
1037,0.31852,0.795373
1038,0.549551,0.795373
1039,0.683418,0.383629
1040,0.947331,0.795373
1041,0.586807,0.239253
1042,0.584742,0.795373
1043,0.586807,0.237156
1044,0.818901,0.815132
1045,0.549551,0.790886
1046,0.756221,0.795373
1047,0.586807,0.383622
1048,0.586807,0.795373
1049,0.557973,0.237156
1050,0.564668,0.795373
1051,0.580365,0.765631
1052,0.586807,0.795373
1053,0.586807,0.383629
1054,0.586807,0.795373
1055,0.245768,0.134488
1056,0.560792,0.237156
1057,0.698185,0.383629
1058,0.580365,0.378981
1059,0.162418,0.383629
1060,0.271782,0.795373
1061,0.586807,0.765631
1062,0.560792,0.812894
1063,0.568518,0.383629
1064,0.271782,0.765631
1065,0.586807,0.795373
1066,0.615287,0.795373
1067,0.586807,0.447591
1068,0.586807,0.807627
1069,0.268963,0.241468
1070,0.592471,0.795373
1071,0.271782,0.237156
1072,0.560792,0.795373
1073,0.655605,0.797419
1074,0.586807,0.795373
1075,0.560792,0.765631
1076,0.66602,0.280336
1077,0.586807,0.383629
1078,0.586807,0.237156
1079,0.596773,0.795373
1080,0.719161,0.237156
1081,0.586807,0.23402
1082,0.303623,0.795373
1083,0.304392,0.237156
1084,0.586807,0.383629
1085,0.271782,0.795373
1086,0.608026,0.795213
1087,0.448053,0.795532
1088,0.586807,0.377127
1089,0.586807,0.795373
1090,0.521947,0.241949
1091,0.580365,0.76169
1092,0.586807,0.795373
1093,0.728438,0.795373
1094,0.580365,0.795373
1095,0.463144,0.765631
1096,0.290594,0.765631
1097,0.245768,0.795373
1098,0.586807,0.821819
1099,0.586807,0.80051
1100,0.271782,0.795373
1101,0.586807,0.795373
1102,0.613744,0.795373
1103,0.584741,0.795373
1104,0.27126,0.795373
1105,0.583987,0.795373
1106,0.583987,0.795373
1107,0.586807,0.795373
1108,0.586807,0.795373
1109,0.586807,0.795373
1110,0.297951,0.810177
1111,0.586807,0.383629
1112,0.586807,0.795373
1113,0.303036,0.413287
1114,0.586807,0.388459
1115,0.586807,0.763466
1116,0.271782,0.383622
1117,0.268963,0.383622
1118,0.586807,0.795373
1119,0.560792,0.795373
1120,0.591694,0.795373
1121,0.667489,0.846173
1122,0.297951,0.795373
1123,0.586807,0.795373
1124,0.614038,0.795373
1125,0.586807,0.795373
1126,0.58918,0.795373
1127,0.586807,0.795373
1128,0.560792,0.248195
1129,0.586807,0.237156
1130,0.586807,0.237156
1131,0.586807,0.795373
1132,0.599727,0.795373
1133,0.304392,0.765631
1134,0.549551,0.794063
1135,0.659163,0.795373
1136,0.586807,0.237151
1137,0.162418,0.359748
1138,0.325841,0.795373
1139,0.592703,0.795373
1140,0.583987,0.383629
1141,0.271782,0.237156
1142,0.280449,0.795373
1143,0.583987,0.809613
1144,0.586807,0.795373
1145,0.583987,0.79887
1146,0.560792,0.792769
1147,0.593102,0.795373
1148,0.316467,0.237156
1149,0.586807,0.237156
1150,0.557973,0.795373
1151,0.586807,0.383629
1152,0.586807,0.234901
1153,0.586807,0.795373
1154,0.498959,0.383629
1155,0.586807,0.797697
1156,0.71136,0.795373
1157,0.580365,0.795373
1158,0.602473,0.795373
1159,0.293282,0.834253
1160,0.583987,0.795373
1161,0.304392,0.795373
1162,0.586807,0.795373
1163,0.676317,0.237156
1164,0.591189,0.795373
1165,0.586807,0.795373
1166,0.682147,0.808087
1167,0.590195,0.790858
1168,0.58486,0.383629
1169,0.586807,0.795373
1170,0.271782,0.795373
1171,0.586807,0.795373
1172,0.586807,0.795373
1173,0.549551,0.795373
1174,0.586807,0.795373
1175,0.306859,0.795373
1176,0.586807,0.795373
1177,0.304392,0.678944
1178,0.586807,0.778102
1179,0.753591,0.795373
1180,0.586807,0.421857
1181,0.586807,0.765631
1182,0.586807,0.795373
1183,0.586807,0.383629
1184,0.580365,0.795373
1185,0.586807,0.237151
1186,0.551662,0.795373
1187,0.560792,0.795373
1188,0.304392,0.795373
1189,0.586807,0.795373
1190,0.586807,0.795373
1191,0.546731,0.858373
1192,0.586807,0.790722
1193,0.586916,0.795373
1194,0.586807,0.795373
1195,0.586807,0.795373
1196,0.586807,0.795373
1197,0.549551,0.765631
1198,0.586807,0.795373
1199,0.586807,0.383629
1200,0.304388,0.816676
1201,0.586807,0.795373
1202,0.665067,0.796142
1203,0.586807,0.791537
1204,0.587294,0.793805
1205,0.26996,0.383622
1206,0.271782,0.795373
1207,0.586807,0.795373
1208,0.63085,0.795373
1209,0.520717,0.765631
1210,0.304392,0.795373
1211,0.560792,0.237156
1212,0.60708,0.108517
1213,0.586807,0.795373
1214,0.586807,0.795373
1215,0.586807,0.790784
1216,0.732172,0.795373
1217,0.178678,0.795373
1218,0.586807,0.795373
1219,0.549551,0.795373
1220,0.586807,0.795373
1221,0.304392,0.795373
1222,0.265341,0.795373
1223,0.586807,0.383629
1224,0.558434,0.799886
1225,0.557972,0.795373
1226,0.652933,0.795373
1227,0.586807,0.795373
1228,0.586807,0.795373
1229,0.612081,0.795373
1230,0.586807,0.795373
1231,0.586887,0.795373
1232,0.586807,0.795373
1233,0.271782,0.797956
1234,0.586807,0.795373
1235,0.271782,0.795373
1236,0.586807,0.791477
1237,0.268963,0.237151
1238,0.586807,0.795373
1239,0.586807,0.795373
1240,0.304392,0.800785
1241,0.606127,0.795373
1242,0.549551,0.383629
1243,0.590507,0.795373
1244,0.586807,0.795373
1245,0.245768,0.769781
1246,0.586807,0.108515
1247,0.586807,0.207413
1248,0.586807,0.795373
1249,0.586807,0.795373
1250,0.614359,0.765631
1251,0.304392,0.237156
1252,0.348371,0.795373
1253,0.586807,0.795373
1254,0.560792,0.790749
1255,0.302899,0.237156
1256,0.583987,0.237156
1257,0.586807,0.815423
1258,0.713159,0.807079
1259,0.586807,0.383629
1260,0.733234,0.383629
1261,0.306253,0.820824
1262,0.586807,0.383629
1263,0.586807,0.795373
1264,0.590252,0.0999998
1265,0.560792,0.795373
1266,0.557973,0.795373
1267,0.278377,0.790737
1268,0.271782,0.795373
1269,0.586807,0.795373
1270,0.583987,0.795373
1271,0.271782,0.207414
1272,0.524274,0.387702
1273,0.162415,0.765631
1274,0.271782,0.80604
1275,0.271782,0.112334
1276,0.560792,0.795373
1277,0.560792,0.795373
1278,1.076,0.795373
1279,0.304392,0.795373
1280,0.586807,0.795373
1281,0.54311,0.765631
1282,0.586807,0.795373
1283,0.304392,0.795373
1284,0.586807,0.237156
1285,0.583987,0.79958
1286,0.271782,0.795373
1287,0.304392,0.795373
1288,0.584647,0.845963
1289,0.304392,0.383629
1290,0.268963,0.795373
1291,0.586807,0.807471
1292,0.588564,0.237156
1293,0.586807,0.795373
1294,0.586807,0.383629
1295,0.598924,0.383629
1296,0.586807,0.795373
1297,0.301572,0.795373
1298,0.301572,0.795373
1299,0.586807,0.795373
1300,0.586807,0.809034
1301,0.586807,0.383629
1302,0.586807,0.795373
1303,0.271782,0.237156
1304,0.586807,0.862672
1305,0.265341,0.795373
1306,0.162418,0.79794
1307,0.586807,0.795373
1308,0.136403,0.237156
1309,0.665398,0.795373
1310,0.586807,0.795373
1311,0.586807,0.795373
1312,0.550639,0.795373
1313,0.586807,0.795373
1314,0.309396,0.795373
1315,0.586807,0.795373
1316,0.657115,0.795373
1317,0.304388,0.795373
1318,0.586807,0.80163
1319,0.586807,0.795373
1320,0.586803,0.824135
1321,0.586807,0.771147
1322,0.586807,0.795373
1323,0.271782,0.795373
1324,0.672945,0.383404
1325,0.586807,0.108517
1326,0.580365,0.804827
1327,0.304392,0.393505
1328,0.304392,0.383629
1329,0.282035,0.234028
1330,0.309482,0.795373
1331,0.341332,0.795388
1332,0.162418,0.835422
1333,0.304392,0.795373
1334,0.586807,0.795373
1335,0.586807,0.795373
1336,0.271782,0.795373
1337,0.728938,0.237154
1338,0.573895,0.236475
1339,0.586807,0.795373
1340,0.162418,0.237156
1341,0.271177,0.795373
1342,0.586807,0.795373
1343,0.590541,0.795373
1344,0.586807,0.795373
1345,0.586807,0.795373
1346,0.586807,0.795373
1347,0.549551,0.795373
1348,0.586807,0.237156
1349,0.586807,0.795373
1350,0.610482,0.383629
1351,0.586807,0.237156
1352,0.583987,0.795373
1353,0.586807,0.791009
1354,0.586807,0.379275
1355,0.582437,0.791911
1356,0.585128,0.351043
1357,0.586318,0.795373
1358,0.586807,0.237156
1359,0.586807,0.765631
1360,0.744501,0.795373
1361,0.586807,0.383629
1362,0.586807,0.792154
1363,0.586807,0.765631
1364,0.586807,0.795373
1365,0.245768,0.795373
1366,0.297951,0.795373
1367,0.583987,0.795373
1368,0.586807,0.795373
1369,0.584849,0.795373
1370,0.618223,0.804174
1371,0.271782,0.367843
1372,0.29135,0.238942
1373,0.586807,0.237156
1374,0.304392,0.291762
1375,0.271782,0.794374
1376,0.591109,0.795373
1377,0.583987,0.795373
1378,0.304392,0.833388
1379,0.58113,0.795373
1380,0.549551,0.791191
1381,0.162418,0.795373
1382,0.586807,0.237156
1383,0.586807,0.237156
1384,0.302653,0.795373
1385,0.586807,0.237156
1386,0.560792,0.795373
1387,0.733872,0.383629
1388,0.586807,0.795373
1389,0.45534,0.207414
1390,0.271782,0.795373
1391,0.304392,0.765631
1392,0.265341,0.795373
1393,0.586807,0.795373
1394,0.233125,0.795373
1395,0.271782,0.108517
1396,0.245768,0.795373
1397,0.586807,0.795373
1398,0.271782,0.897822
1399,0.304392,0.795373
1400,0.586807,0.795373
1401,0.586807,0.795373
1402,0.245767,0.765631
1403,0.586807,0.383629
1404,0.586807,0.790745
1405,0.606876,0.765631
1406,0.586807,0.800427
1407,0.271782,0.795373
1408,0.54311,0.765631
1409,0.54311,0.795373
1410,0.580365,0.804884
1411,0.73742,0.83476
1412,0.584743,0.792565
1413,0.586807,0.795373
1414,0.584676,0.795373
1415,0.589206,0.795373
1416,0.595728,0.795373
1417,0.619198,0.795373
1418,0.234527,0.383629
1419,0.304392,0.795373
1420,0.586807,0.795373
1421,0.622432,0.800424
1422,0.586807,0.207409
1423,0.586807,0.904335
1424,0.560792,0.839714
1425,0.586807,0.791571
1426,0.586807,0.378982
1427,0.586807,0.81697
1428,0.271782,0.795373
1429,0.549551,0.795373
1430,0.559073,0.405945
1431,0.265342,0.765631
1432,0.586807,0.790816
1433,0.271782,0.793725
1434,0.586807,0.237156
1435,0.586807,0.795373
1436,0.586807,0.795373
1437,0.620405,0.795373
1438,0.586807,0.795373
1439,0.584844,0.765631
1440,0.669718,0.808518
1441,0.741434,0.23604
1442,0.54955,0.795373
1443,0.645045,0.799697
1444,0.583987,0.869683
1445,0.586807,0.795487
1446,0.674727,0.795373
1447,0.271782,0.237151
1448,0.662265,0.383629
1449,0.271782,0.796068
1450,0.304392,0.158882
1451,0.586807,0.790744
1452,0.586807,0.845026
1453,0.271782,0.838781
1454,0.586807,0.237156
1455,0.601185,0.79482
1456,0.586807,0.765631
1457,0.586807,0.795373
1458,0.549276,0.795373
1459,0.583987,0.795373
1460,0.611995,0.795373
1461,0.265342,0.237156
1462,0.586807,0.765631
1463,0.586807,0.765631
1464,0.537375,0.237156
1465,0.586807,0.806966
1466,0.586807,0.383629
1467,0.554167,0.795373
1468,0.583987,0.234472
1469,0.596281,0.798942
1470,0.586807,0.383629
1471,0.304392,0.237156
1472,0.245768,0.795373
1473,0.268963,0.795373
1474,0.626246,0.237156
1475,0.580366,0.795373
1476,0.586807,0.383629
1477,0.162418,0.237156
1478,0.549551,0.383629
1479,0.586807,0.795373
1480,0.586807,0.237156
1481,0.304392,0.795373
1482,0.553271,0.795373
1483,0.701134,0.250984
1484,0.306235,0.795373
1485,0.586807,0.795373
1486,0.271783,0.795373
1487,0.586807,0.797267
1488,0.767134,0.383629
1489,0.583987,0.795373
1490,0.587197,0.795373
1491,0.580366,0.791836
1492,0.271783,0.237156
1493,0.586807,0.798019
1494,0.586807,0.247495
1495,0.586807,0.836458
1496,0.586807,0.383629
1497,0.549551,0.765631
1498,0.270659,0.207414
1499,0.586807,0.207414
1500,0.265342,0.795373
1501,0.268963,0.795373
1502,0.586807,0.791969
1503,0.560792,0.765631
1504,0.592142,0.795373
1505,1.90686,0.765632
1506,0.586807,0.237156
1507,0.595829,0.795373
1508,0.136404,0.254701
1509,0.48616,0.237156
1510,0.229882,0.257741
1511,0.586807,0.800664
1512,0.271783,0.207414
1513,0.582052,0.237156
1514,0.586807,0.10962
1515,0.271129,0.795373
1516,0.844419,0.329445
1517,0.586807,0.237156
1518,0.523536,0.383629
1519,0.583987,0.795373
1520,0.586807,0.795373
1521,0.584707,0.795373
1522,0.580366,0.795373
1523,0.549551,0.765631
1524,0.583987,0.383629
1525,0.586807,0.795373
1526,0.712816,0.790727
1527,0.609402,0.797903
1528,0.586807,0.840195
1529,0.234527,0.795373
1530,0.586807,0.864762
1531,0.549551,0.383629
1532,0.304392,0.207414
1533,0.549551,0.795373
1534,0.304392,0.795373
1535,0.580366,0.383629
1536,0.586807,0.259829
1537,0.586807,0.795373
1538,0.586807,0.108517
1539,0.586807,0.795373
1540,0.606509,0.795373
1541,0.304392,0.259207
1542,0.590782,0.800089
1543,0.271783,0.795373
1544,0.586807,0.795749
1545,0.657247,0.795373
1546,0.586807,0.795373
1547,0.586807,0.795373
1548,0.586807,0.795373
1549,0.270854,0.791606
1550,0.560792,0.795373
1551,0.560792,0.795373
1552,0.583987,0.795373
1553,0.586807,0.383629
1554,0.271783,0.795373
1555,0.586807,0.237156
1556,0.58023,0.795373
1557,0.580366,0.795373
1558,0.580366,0.795373
1559,0.586807,0.108517
1560,0.304392,0.795373
1561,0.560792,0.237156
1562,0.586807,0.795373
1563,0.271783,0.794475
1564,0.586807,0.795373
1565,0.586807,0.765631
1566,0.560792,0.874025
1567,0.586807,0.434396
1568,0.304392,0.383629
1569,0.586807,0.795373
1570,0.599518,0.237156
1571,0.586807,0.795373
1572,0.606774,0.236134
1573,0.583987,0.795373
1574,0.302608,0.799848
1575,0.586807,0.795373
1576,0.580366,0.791586
1577,0.585863,0.795373
1578,0.592796,0.237156
1579,0.429251,0.792204
1580,0.293282,0.795373
1581,0.586807,0.795373
1582,0.293282,0.795373
1583,0.644769,0.383629
1584,0.699509,0.795373
1585,0.64564,0.870288
1586,0.586807,0.233367
1587,0.586807,0.826337
1588,0.388171,0.412067
1589,0.586807,0.383629
1590,0.586807,0.795373
1591,0.586807,0.765631
1592,0.613813,0.383629
1593,0.640176,0.383629
1594,0.586807,0.795373
1595,0.586807,0.795373
1596,0.278378,0.383629
1597,0.586807,0.795373
1598,0.689104,0.795373
1599,0.599759,0.795489
1600,0.584734,0.795373
1601,0.277446,0.795373
1602,0.63441,0.765631
1603,0.586807,0.383629
1604,0.586807,0.795373
1605,0.751256,0.795373
1606,0.304392,0.795373
1607,0.586807,0.795373
1608,0.324679,0.796881
1609,0.586807,0.795373
1610,0.560792,0.799516
1611,0.560792,0.801983
1612,0.304392,0.807487
1613,0.601285,0.383629
1614,0.586807,0.836118
1615,0.271783,0.387251
1616,0.234527,0.237156
1617,0.614156,0.383629
1618,0.638421,0.795373
1619,0.751414,0.795373
1620,0.62794,0.795373
1621,0.271783,0.765631
1622,0.605534,0.383629
1623,0.600282,0.23766
1624,0.389474,0.791966
1625,0.598112,0.383629
1626,0.596721,0.795373
1627,0.586807,0.817393
1628,0.268963,0.795373
1629,0.586807,0.795373
1630,0.586807,0.383629
1631,0.265342,0.108517
1632,0.586807,0.809631
1633,0.657117,0.778039
1634,0.560792,0.378982
1635,0.552601,0.792301
1636,0.560792,0.795373
1637,0.586807,0.795373
1638,0.586807,0.795373
1639,0.268963,0.237156
1640,0.593548,0.383629
1641,0.586807,0.795373
1642,0.267198,0.23411
1643,0.586807,0.795373
1644,0.281591,0.795373
1645,0.586807,0.795373
1646,0.586807,0.802528
1647,0.585702,0.795535
1648,0.271783,0.795373
1649,0.586807,0.795373
1650,0.304392,0.795373
1651,0.581419,0.795519
1652,0.271783,0.795373
1653,0.560792,0.795373
1654,0.586807,0.770963
1655,0.63333,0.795373
1656,0.271305,0.795373
1657,0.558256,0.795373
1658,0.586807,0.791168
1659,0.271783,0.795373
1660,0.586807,0.795373
1661,0.586807,0.790738
1662,0.586807,0.791102
1663,0.586807,0.379273
1664,0.586807,0.795373
1665,0.585105,0.237156
1666,0.583987,0.795373
1667,0.278378,0.79551
1668,0.586807,0.795373
1669,0.283137,0.795373
1670,0.304392,0.797607
1671,0.586807,0.795373
1672,0.245742,0.795395
1673,0.586807,0.793794
1674,0.586807,0.795373
1675,0.586807,0.795373
1676,0.151308,0.794726
1677,0.598088,0.795373
1678,0.586807,0.237156
1679,0.295531,0.237156
1680,0.586807,0.795373
1681,0.586807,0.79231
1682,0.586807,0.795373
1683,0.586807,0.383629
1684,0.586807,0.795373
1685,0.560792,0.795373
1686,0.586807,0.795373
1687,0.586807,0.795373
1688,0.271783,0.383629
1689,0.586807,0.797072
1690,0.560792,0.239854
1691,0.580366,0.795373
1692,0.586807,0.795373
1693,0.586807,0.765631
1694,0.586807,0.795373
1695,0.586807,0.792557
1696,0.304392,0.795373
1697,0.586807,0.795373
1698,0.265342,0.795373
1699,0.268963,0.795373
1700,0.271783,0.795373
1701,0.586807,0.796785
1702,0.309615,0.246448
1703,0.586807,0.795373
1704,0.245768,0.383629
1705,0.271783,0.738668
1706,0.586807,0.239346
1707,0.587556,0.108517
1708,0.588054,0.802057
1709,0.586807,0.207761
1710,0.586807,0.795373
1711,0.586807,0.81871
1712,0.271783,0.790742
1713,0.586807,0.383629
1714,0.557972,0.795373
1715,0.586807,0.795373
1716,0.586807,2.13171
1717,0.234527,0.795373
1718,0.586807,0.383655
1719,0.586807,0.79573
1720,0.586807,0.795373
1721,0.586807,0.794692
1722,0.271783,0.795373
1723,0.586807,0.795373
1724,0.586807,0.795373
1725,0.586807,0.809509
1726,0.654394,0.775574
1727,0.627029,0.795373
1728,0.586807,0.848964
1729,0.304392,0.766927
1730,0.271783,0.237156
1731,0.586448,0.795373
1732,0.586807,0.795373
1733,0.583987,0.795373
1734,0.586807,0.795373
1735,0.778624,0.237156
1736,0.580366,0.383629
1737,0.586807,0.795373
1738,0.24538,0.238037
1739,0.596744,0.795418
1740,0.586807,0.383629
1741,0.815819,0.795373
1742,0.583987,0.800249
1743,0.560792,0.237156
1744,0.295131,0.338813
1745,0.622718,0.765631
1746,0.304392,0.795373
1747,0.586807,0.795373
1748,0.586807,0.795373
1749,0.58229,0.795373
1750,0.706497,0.108517
1751,0.586807,0.802233
1752,0.586807,0.795373
1753,0.586807,0.237156
1754,0.586807,0.108517
1755,0.586807,0.832852
1756,0.732837,0.795373
1757,0.586807,0.795373
1758,0.583987,0.108517
1759,0.304392,0.795373
1760,0.580366,0.795373
1761,0.588553,0.388608
1762,0.304392,0.795373
1763,0.549551,0.237156
1764,0.304392,0.383629
1765,0.535081,0.795373
1766,0.587119,0.795373
1767,0.586807,0.765631
1768,0.586807,0.795373
1769,0.580366,0.38956
1770,0.586807,0.795373
1771,0.586807,0.791691
1772,0.271783,0.795759
1773,0.560792,0.795373
1774,0.549551,0.795373
1775,0.599439,0.795373
1776,0.231707,0.237156
1777,0.586807,0.826068
1778,0.245768,0.795373
1779,0.549551,0.795373
1780,0.271783,0.795373
1781,0.560792,0.795373
1782,0.271783,0.237156
1783,0.583987,0.857302
1784,0.586807,0.791
1785,0.586807,0.795373
1786,0.586807,0.801205
1787,0.580366,0.802218
1788,0.271783,0.795373
1789,0.302406,0.383629
1790,0.89208,0.795373
1791,0.580366,0.765631
1792,0.271783,0.795373
1793,0.586807,0.795373
1794,0.586807,0.795373
1795,0.586807,0.79146
1796,0.583987,0.795373
1797,0.57046,0.795373
1798,0.560792,0.795373
1799,0.586807,0.795327
1800,0.586807,0.383629
1801,0.549551,3.02558
1802,0.672154,0.796773
1803,0.572823,0.237156
1804,0.610914,0.795373
1805,0.271783,0.795373
1806,0.304392,0.795373
1807,0.586807,0.795373
1808,0.586807,0.795373
1809,0.580366,0.791451
1810,0.586807,0.795373
1811,0.245768,0.795373
1812,0.271783,0.795373
1813,0.586807,0.795373
1814,0.6032,0.237156
1815,0.304392,0.395285
1816,0.586807,0.383629
1817,0.160943,0.799426
1818,0.586807,0.795373
1819,0.301572,0.795373
1820,0.268963,0.765631
1821,0.586807,0.795373
1822,0.586807,0.383629
1823,0.586807,0.795373
1824,0.586807,0.79139
1825,0.586807,0.795373
1826,0.549551,0.237156
1827,0.549551,0.765631
1828,0.58635,0.795373
1829,0.162418,0.108517
1830,0.588049,0.237156
1831,0.268963,0.768879
1832,0.271783,0.237156
1833,0.271783,0.795373
1834,0.586807,0.237156
1835,0.560792,0.795373
1836,0.560792,0.795373
1837,0.666994,0.790988
1838,0.589204,0.383629
1839,0.304392,1.0948
1840,0.586807,0.23608
1841,0.586807,0.799415
1842,0.271783,0.802092
1843,0.667066,0.76164
1844,0.245768,0.795373
1845,0.303795,0.795373
1846,0.624401,0.795373
1847,0.560792,0.795373
1848,0.271783,0.765631
1849,0.586807,0.795373
1850,0.315803,0.237156
1851,0.586807,0.795373
1852,0.586807,0.386083
1853,0.586807,0.383629
1854,0.563683,0.795373
1855,0.330247,0.261061
1856,0.586807,0.795373
1857,0.589053,0.795373
1858,0.583987,0.237156
1859,0.672735,0.797767
1860,0.586807,0.795373
1861,0.586807,0.379489
1862,0.359729,0.110744
1863,0.271783,0.795373
1864,0.587927,0.795373
1865,0.242948,0.327485
1866,0.629596,0.795373
1867,0.586807,0.795373
1868,0.644194,0.795373
1869,0.593284,0.237156
1870,0.549551,0.381601
1871,0.155977,0.765631
1872,0.740222,0.237156
1873,0.586807,0.79073
1874,0.560792,0.795373
1875,0.586807,0.795373
1876,0.587043,0.795373
1877,0.291197,0.234345
1878,0.586807,0.383629
1879,0.586807,0.795373
1880,0.304392,0.238787
1881,0.690977,0.795373
1882,0.714797,0.795373
1883,0.304392,0.468974
1884,0.586807,0.765631
1885,0.304392,0.795373
1886,0.586807,0.237156
1887,0.700236,0.806965
1888,0.234527,0.237156
1889,0.600691,0.40323
1890,0.162418,0.795373
1891,1.73814,0.790739
1892,0.593027,0.795373
1893,0.586807,0.795373
1894,0.560792,0.383629
1895,0.162418,0.823968
1896,0.586807,0.237156
1897,0.560792,2.49032
1898,0.586807,0.795373
1899,0.586807,0.795373
1900,0.560792,0.795373
1901,0.586807,0.795373
1902,0.800768,0.383629
1903,0.271783,0.383629
1904,0.560792,0.765631
1905,0.275192,0.795373
1906,0.586807,0.795373
1907,0.560792,0.795373
1908,0.586807,0.795373
1909,0.583987,0.765631
1910,0.586807,0.108517
1911,0.271783,0.383629
1912,0.586807,0.795373
1913,0.586807,0.818624
1914,0.585037,0.383629
1915,0.338146,0.392862
1916,0.304392,0.383629
1917,0.692999,0.765631
1918,0.586807,0.795373
1919,0.586807,0.795373
1920,0.586807,0.795373
1921,0.304392,0.795373
1922,0.560792,0.836142
1923,0.586807,0.795373
1924,0.271783,0.765631
1925,0.583987,0.795373
1926,0.304392,0.795373
1927,0.586807,0.795373
1928,0.583987,0.800098
1929,0.586807,0.765631
1930,0.634233,0.237156
1931,0.586807,0.383629
1932,0.586807,0.795373
1933,0.584696,0.790891
1934,0.586807,0.807438
1935,0.586807,0.794393
1936,0.586807,0.792361
1937,0.586807,0.307234
1938,0.272774,0.918712
1939,0.597671,0.765631
1940,0.301572,0.795373
1941,0.301572,0.795373
1942,0.549551,0.237156
1943,0.583987,0.881643
1944,0.583987,0.799281
1945,0.632196,0.237242
1946,0.271783,0.761063
1947,0.586807,0.823837
1948,0.55915,0.380982
1949,0.586807,0.761628
1950,0.271783,0.765631
1951,0.560792,0.795373
1952,0.557972,0.795981
1953,0.586807,0.795373
1954,0.586807,0.795373
1955,0.586807,0.795373
1956,0.586807,0.795373
1957,0.580954,0.795373
1958,0.271783,0.383629
1959,0.586807,0.795373
1960,0.645915,0.796083
1961,0.577546,0.795373
1962,0.586807,0.795373
1963,0.586807,0.795373
1964,0.560792,0.795373
1965,0.586807,0.765631
1966,0.586807,0.795373
1967,0.271783,0.795373
1968,0.384081,0.237165
1969,0.586807,0.765631
1970,0.586807,0.806058
1971,0.586807,0.383629
1972,0.586807,0.795373
1973,0.578426,0.795373
1974,0.586807,0.795373
1975,0.586807,0.795373
1976,0.604917,0.795373
1977,0.560792,0.765631
1978,0.272249,0.765631
1979,0.581048,0.402051
1980,0.557972,0.795373
1981,0.586807,0.795373
1982,0.271783,0.795373
1983,0.586807,0.795373
1984,0.351577,0.799574
1985,0.271783,0.77015
1986,0.659378,0.795373
1987,0.586807,0.386838
1988,0.549551,0.237156
1989,0.278378,0.795373
1990,0.744042,0.237156
1991,0.624141,0.795373
1992,0.763254,0.108517
1993,0.586807,0.207414
1994,0.580366,0.795373
1995,0.245768,0.795373
1996,0.586807,0.242415
1997,0.587887,0.283498
1998,0.549551,0.795373
1999,0.586807,0.795373
0,1.13834,1.94315
1,0.379395,0.319387
2,0.201858,0.483334
3,0.24489,0.353221
4,0.314689,0.240605
5,0.165096,0.108771
6,0.172332,0.234585
7,0.293021,0.288144
8,0.58718,0.512821
9,0.260992,0.765074
10,0.271006,0.112085
11,0.271766,0.254662
12,0.24579,0.234639
13,0.560777,0.207402
14,0.136405,0.203224
15,0.241265,0.233537
16,0.305059,0.388191
17,0.29328,0.804554
18,0.271781,0.239173
19,0.271785,0.836974
20,0.327005,0.814524
21,0.158547,0.795374
22,0.248733,0.237157
23,0.580365,0.796038
24,0.265341,0.232978
25,0.271782,0.794441
26,0.228085,0.790904
27,0.560792,0.791034
28,0.610937,0.239266
29,0.608158,0.237156
30,0.630965,0.234566
31,0.376885,0.795373
32,0.616615,0.237156
33,0.302527,0.797777
34,0.523536,0.236233
35,0.560792,0.79307
36,0.586806,0.795373
37,0.304392,0.0826304
38,0.304392,0.765631
39,0.24896,0.233178
40,0.271782,0.765631
41,0.304392,0.791386
42,0.151308,0.795373
43,0.359683,0.794154
44,0.567406,0.795373
45,0.560792,0.207414
46,0.304392,0.382484
47,0.315261,0.233195
48,0.586326,0.207414
49,0.523535,0.237156
50,0.560793,0.803516
51,0.270073,0.795504
52,0.55098,0.383058
53,0.304392,0.108517
54,0.673749,0.383629
55,0.271782,0.234383
56,0.581881,0.237156
57,0.588083,0.207414
58,0.331329,0.237156
59,0.586807,0.383629
60,0.586807,0.967346
61,0.55412,0.795373
62,0.265341,0.795373
63,0.169684,0.795373
64,0.586605,2.73299
65,0.311169,0.207414
66,0.160908,0.765631
67,0.245768,0.795373
68,0.125293,0.237156
69,0.304392,0.238988
70,0.146801,0.242734
71,0.609451,0.795373
72,0.304392,0.207414
73,0.580365,0.794621
74,0.557972,0.795373
75,0.297024,0.801397
76,0.647127,0.796167
77,0.560201,1.50327
78,0.304392,0.380939
79,0.585214,0.383629
80,0.265341,0.378968
81,0.590877,0.797474
82,0.399503,0.792798
83,0.586807,0.237526
84,0.304392,0.767537
85,0.548589,0.795574
86,0.234527,0.812074
87,0.176526,0.383629
88,0.285133,0.383629
89,0.549551,0.237669
90,0.761885,0.108517
91,0.583987,0.795373
92,0.586807,0.384057
93,0.4367,0.383614
94,0.162418,0.237156
95,0.296765,0.237156
96,0.58485,0.235157
97,0.61432,0.765631
98,0.557756,0.795373
99,0.271782,0.797782
100,0.558741,0.795373
101,0.63339,0.809752
102,0.302197,0.792087
103,0.591877,0.796235
104,0.438763,0.237156
105,0.586807,0.795373
106,0.549551,0.106012
107,0.583987,0.792715
108,0.271782,0.108517
109,0.304392,0.237156
110,0.586807,0.795373
111,0.271782,0.761753
112,0.578673,0.795373
113,0.586807,0.237156
114,0.64169,0.795373
115,0.234527,0.205376
116,0.280323,0.236442
117,0.271782,0.791195
118,0.283409,0.684895
119,0.586786,0.809676
120,0.586911,0.818621
121,0.578821,0.207249
122,0.234906,0.795373
123,0.54774,0.791309
124,0.560792,0.207414
125,0.599818,0.383629
126,0.276124,0.383629
127,0.629044,0.802722
128,0.271782,0.236941
129,0.590783,0.208358
130,0.549551,0.796873
131,0.234527,0.790731
132,0.586807,0.237145
133,0.268861,0.795373
134,0.302235,0.383629
135,0.658638,0.795373
136,0.580365,0.795373
137,0.323471,0.800056
138,0.600035,0.76563
139,0.56594,0.795373
140,0.560792,0.237156
141,0.560792,0.795974
142,0.149743,0.797767
143,0.271782,0.772739
144,0.560792,0.383622
145,0.271782,0.384434
146,0.162418,0.108517
147,0.646353,0.795373
148,0.280021,0.378984
149,0.375888,0.837786
150,0.271782,0.237156
151,0.265341,0.760995
152,0.27805,0.795373
153,0.312105,0.517302
154,0.271782,0.383629
155,0.271781,0.383629
156,0.322718,0.795373
157,0.549551,0.765631
158,0.265341,0.237267
159,0.61087,0.237156
160,0.572075,0.795373
161,0.636737,0.237156
162,0.577546,0.803713
163,0.549551,0.795373
164,0.566138,0.765631
165,0.586807,0.795373
166,0.271844,0.801036
167,0.287958,0.108517
168,0.610388,0.237156
169,0.334829,0.237156
170,0.560792,0.795373
171,0.586807,0.791709
172,0.162418,0.802264
173,0.265423,0.795373
174,0.295131,0.795373
175,0.557972,0.383629
176,0.585453,0.383614
177,0.578343,0.793538
178,0.523536,0.765631
179,0.595468,0.790722
180,0.594967,0.234654
181,0.584687,0.765631
182,0.638868,0.765631
183,0.314198,0.795373
184,0.586807,0.386276
185,0.586807,0.616033
186,0.297951,0.383629
187,0.271782,0.763178
188,0.560792,0.253017
189,0.548527,0.765631
190,0.243951,0.795373
191,0.306013,0.237156
192,0.580365,0.243466
193,0.27674,0.800599
194,0.584921,0.237156
195,0.572152,0.236116
196,0.161183,0.798806
197,0.586807,0.237156
198,0.560792,0.800243
199,0.274328,0.237156
200,0.586807,0.794736
201,0.271782,0.795373
202,0.233033,0.583912
203,0.625589,0.795373
204,0.820372,0.807043
205,0.583987,0.798705
206,0.271782,0.795373
207,0.289104,0.807229
208,0.301572,0.795373
209,0.586929,0.795373
210,0.628337,0.237156
211,0.297951,0.795373
212,0.301572,0.237156
213,0.293282,0.237156
214,0.586807,0.792846
215,0.326121,0.370833
216,0.588997,0.114273
217,0.304392,0.237145
218,0.278377,0.383629
219,0.586807,0.237156
220,0.278377,0.383614
221,0.549551,0.3809
222,0.583849,0.774332
223,0.562116,0.765631
224,0.323609,0.765631
225,0.583987,0.383629
226,0.579291,0.238854
227,0.162418,0.237156
228,0.59163,0.382027
229,0.271782,0.242496
230,0.333839,0.237156
231,0.538186,0.38033
232,0.583987,0.791297
233,0.586807,0.237072
234,0.17266,0.765631
235,0.580365,0.795373
236,0.242948,0.383629
237,0.295123,0.790731
238,0.278377,0.795373
239,0.782556,0.795373
240,0.561421,1.20675
241,0.676774,0.797375
242,0.278377,0.108517
243,0.347273,0.792673
244,0.580365,0.237156
245,0.54029,0.765631
246,0.228003,0.104707
247,0.543108,0.237572
248,0.567086,0.107451
249,0.586807,0.795373
250,0.162418,0.383629
251,0.270837,0.232977
252,0.560792,0.383629
253,0.586195,0.236099
254,0.560792,0.791227
255,0.582214,0.382833
256,0.271602,0.108517
257,0.249398,0.795373
258,0.681219,0.240317
259,0.621308,0.805114
260,0.293282,0.384139
261,0.645097,0.387213
262,0.278377,0.795185
263,0.245769,0.207415
264,0.560792,0.795373
265,0.325394,0.368104
266,0.329975,0.795373
267,0.559088,0.791228
268,0.304479,0.235526
269,0.290462,0.790812
270,0.584701,0.795373
271,1.72218,0.799243
272,0.242948,0.765631
273,0.584817,0.795373
274,0.302959,0.808421
275,0.271782,0.379384
276,0.578658,0.762003
277,0.546731,0.795373
278,0.595679,0.795373
279,0.575663,0.237156
280,0.560792,0.795373
281,0.269882,0.242022
282,0.580365,0.795373
283,0.560792,0.795373
284,0.271782,0.209729
285,0.586807,0.384744
286,0.304392,0.388019
287,0.586807,0.795373
288,0.629198,0.108512
289,0.268963,0.237156
290,0.560792,0.417228
291,0.293282,0.765631
292,0.265341,0.86541
293,0.337841,0.956489
294,0.586807,0.383629
295,0.271782,0.387292
296,0.240423,0.795373
297,0.329917,0.795373
298,0.560792,0.797748
299,0.304388,0.796976
300,0.292439,0.237156
301,0.159598,0.79075
302,0.586807,0.384998
303,0.660704,0.799156
304,0.560792,0.798546
305,0.549551,0.790727
306,0.629671,0.402258
307,0.276846,0.795373
308,0.234527,0.253457
309,0.277415,0.790952
310,0.209019,0.761958
311,0.304617,0.795373
312,0.586807,0.795984
313,0.250425,0.237156
314,0.313328,0.23882
315,0.293282,0.237156
316,0.586807,0.795373
317,0.586807,0.237156
318,0.605088,0.795373
319,0.586807,0.2392
320,0.586807,0.240836
321,0.586807,0.792337
322,0.592256,0.383629
323,0.57856,0.762857
324,0.297951,0.795373
325,0.304392,3.32554
326,0.304392,0.237156
327,0.548278,0.765665
328,0.586807,0.383629
329,0.229696,0.793705
330,0.549779,0.795373
331,0.560792,0.39515
332,0.59014,0.791118
333,0.560792,0.388804
334,0.162418,0.411538
335,0.162418,0.765631
336,0.586807,0.790741
337,0.550793,0.799242
338,0.271782,0.765631
339,0.304392,0.107066
340,0.589765,0.237156
341,0.271782,0.794923
342,0.589015,0.398427
343,0.588464,0.108504
344,0.316269,0.795373
345,0.606032,0.791605
346,0.600185,0.795373
347,0.583987,0.237156
348,0.560792,0.795373
349,0.584956,0.796216
350,0.384474,0.790796
351,0.304392,0.395191
352,0.271782,0.116138
353,0.586807,0.794703
354,0.605984,0.383629
355,0.580365,0.383614
356,0.26997,0.795373
357,0.583987,0.798865
358,0.523536,0.237729
359,0.304392,0.237156
360,0.629285,0.237156
361,0.309631,0.237156
362,0.234527,0.240563
363,0.316759,0.438981
364,0.276107,0.795373
365,0.271782,0.237156
366,0.586051,0.234802
367,0.302487,0.237666
368,0.276103,0.795373
369,0.162418,0.799225
370,0.269934,0.795373
371,0.208512,0.208071
372,0.268963,0.795373
373,0.586437,0.106
374,0.586807,0.237156
375,0.345484,0.602847
376,0.267028,0.38374
377,0.271781,0.237156
378,0.583987,0.791941
379,0.245768,0.237156
380,0.610732,0.763082
381,0.578232,0.795373
382,0.274255,0.237156
383,0.547409,0.794749
384,0.585314,0.79521
385,0.586807,0.3883
386,0.609095,0.762448
387,0.293282,0.795373
388,0.333534,0.207414
389,0.779819,0.795373
390,0.577546,0.795373
391,0.234527,0.795373
392,0.247318,0.792024
393,0.586807,0.795373
394,0.125293,0.373964
395,0.271782,0.790737
396,0.587528,0.389751
397,0.231707,0.237156
398,0.228085,0.765631
399,0.547466,0.796868
400,0.586807,0.382093
401,0.339183,0.765631
402,0.580144,0.242789
403,0.549551,0.79288
404,0.584665,0.108517
405,0.589822,0.795373
406,0.278377,0.765631
407,0.580365,0.765631
408,0.271782,0.108517
409,0.275554,0.108517
410,0.560792,0.383629
411,0.245769,0.237156
412,0.586807,0.385594
413,0.268963,0.380641
414,0.665518,0.237156
415,0.268963,0.384319
416,0.23571,0.780258
417,0.270909,0.237156
418,0.136403,0.777928
419,0.59647,0.237156
420,0.162418,0.108206
421,0.155978,0.237156
422,0.560792,0.795373
423,0.268963,0.795373
424,0.583987,0.797841
425,0.549497,0.790725
426,0.335853,0.113212
427,0.162418,0.795373
428,0.586807,0.793507
429,0.344149,0.961225
430,0.5873,0.237156
431,0.549551,0.531572
432,0.306428,0.795373
433,0.561077,0.795373
434,0.301573,0.339788
435,0.586807,1.03989
436,0.586807,0.110075
437,0.586807,0.775525
438,0.155977,0.795373
439,0.586807,0.795373
440,0.547602,0.799113
441,0.586807,0.795373
442,0.605881,0.795373
443,0.586807,0.795373
444,0.454508,0.765631
445,0.586807,0.790731
446,0.585322,0.798898
447,0.234527,0.795373
448,0.243624,0.771667
449,0.26534,0.383629
450,0.585593,0.765132
451,0.234527,0.795373
452,0.549743,0.383629
453,0.265341,0.108517
454,0.626338,0.237156
455,0.293811,0.382256
456,0.586807,0.380197
457,0.580365,0.791658
458,0.162418,0.237156
459,0.234527,0.797934
460,0.586807,0.952579
461,0.612395,0.393413
462,0.271782,0.240919
463,0.271968,0.258409
464,0.31265,0.795373
465,0.677909,0.795373
466,0.604667,0.237156
467,0.586807,0.237156
468,0.278377,0.383629
469,0.286917,0.765631
470,0.560792,0.237156
471,0.595703,0.237156
472,0.586807,0.237156
473,0.560792,0.795373
474,0.577282,0.237156
475,0.586457,0.108517
476,0.580365,0.795373
477,0.268963,0.795691
478,0.518467,0.383821
479,0.271782,0.795373
480,0.245768,0.795373
481,0.587742,1.67983
482,0.32636,0.795373
483,0.608715,0.765631
484,0.560792,0.792029
485,0.659859,0.237156
486,0.561159,0.796604
487,0.586807,0.383629
488,0.271046,0.796045
489,0.304392,0.233016
490,0.560792,0.795373
491,0.586807,0.235613
492,0.586807,0.383629
493,0.584644,0.242405
494,0.589065,0.235509
495,0.523536,0.793887
496,0.547538,0.237156
497,0.377304,0.237156
498,0.29121,0.383629
499,0.654002,0.765631
500,0.601361,0.795373
501,0.268963,0.793245
502,0.302724,0.800741
503,0.580365,0.795373
504,0.643195,0.795373
505,0.607346,0.795373
506,0.268963,0.767445
507,0.594555,0.129136
508,0.582805,0.207414
509,0.272045,0.796651
510,0.580365,0.795373
511,0.616344,0.207414
512,0.234525,0.795373
513,0.337163,0.220696
514,0.560792,0.233226
515,0.234084,0.795373
516,0.61814,0.383622
517,0.263896,0.108517
518,0.271782,0.233213
519,0.271782,0.237156
520,0.586807,0.207414
521,0.560792,0.765631
522,0.580554,0.797111
523,0.27106,0.790739
524,0.270025,0.237156
525,0.586807,0.384428
526,0.651357,0.790728
527,0.136403,0.7632
528,0.301572,0.809658
529,0.158219,0.798287
530,0.271782,0.384792
531,0.245768,0.383629
532,0.268962,0.234629
533,0.586807,0.123487
534,0.265342,0.795373
535,0.266938,0.795373
536,0.54311,0.795373
537,0.696299,0.795373
538,0.587238,0.792077
539,0.586807,0.765631
540,0.271782,0.795373
541,0.656224,0.765631
542,0.278377,0.204372
543,0.583987,0.795373
544,0.586807,0.791065
545,0.587656,0.79072
546,0.588876,0.237156
547,0.271782,0.237156
548,0.586807,0.233091
549,0.315664,0.795373
550,0.523536,0.795373
551,0.581658,0.383614
552,0.580365,0.795373
553,0.26837,0.385879
554,0.335767,0.108512
555,0.308114,0.378978
556,0.583987,0.236934
557,0.586807,0.383629
558,0.278377,0.795935
559,0.2745,0.79582
560,0.241291,0.237156
561,0.549551,0.795373
562,0.586807,0.795373
563,0.162418,0.116177
564,0.578285,0.807165
565,0.586807,0.113703
566,0.586807,0.237156
567,0.556236,0.797138
568,0.560792,0.104527
569,0.351544,0.383305
570,0.594686,0.801213
571,0.160432,0.381982
572,0.587154,0.794188
573,0.27477,0.237618
574,0.609001,0.209625
575,0.557973,0.383629
576,0.586807,0.795373
577,0.586807,0.108517
578,0.278377,0.235922
579,0.244174,0.795373
580,0.336742,0.765631
581,0.305994,0.80828
582,0.579824,0.796081
583,0.271782,0.791589
584,0.577546,0.246661
585,0.304392,0.235076
586,0.610093,0.795373
587,0.271782,0.795373
588,0.561992,0.429229
589,0.587259,0.383629
590,0.304751,0.793297
591,0.586807,0.765888
592,0.584668,0.795373
593,0.265905,0.801344
594,0.586807,0.800994
595,0.245768,0.795373
596,0.588091,0.791184
597,0.586416,0.795373
598,0.136403,0.80217
599,0.597197,0.795373
600,0.577546,0.209018
601,0.523536,0.234667
602,0.250115,0.207403
603,0.583987,0.207413
604,0.290964,0.763866
605,0.717391,0.383629
606,0.631321,0.383629
607,0.562711,0.799149
608,0.304392,0.235601
609,0.549551,0.799421
610,0.586807,0.799667
611,0.271782,0.80008
612,0.583987,0.795373
613,0.583987,0.207414
614,0.593997,0.37913
615,0.358022,0.379122
616,0.279771,0.767736
617,0.596286,0.237156
618,0.586807,0.384712
619,0.376105,0.792749
620,0.272786,0.3109
621,0.271782,0.792077
622,0.586807,0.383629
623,0.134861,0.795373
624,0.586807,0.765631
625,0.208512,0.380677
626,0.549551,0.237156
627,0.264574,0.383629
628,0.585574,0.795373
629,0.646168,0.795373
630,0.265726,0.793576
631,0.304392,0.795373
632,0.56056,0.237156
633,0.580143,0.795373
634,0.304392,0.797394
635,0.624122,0.804551
636,0.586807,0.237156
637,0.547508,0.237156
638,0.522179,0.880765
639,0.271796,0.108517
640,0.664285,0.384986
641,0.300946,0.255379
642,0.406743,0.795007
643,0.265341,0.795373
644,0.588325,0.795373
645,0.335284,0.795373
646,0.586807,0.383629
647,0.586807,0.795373
648,0.580365,0.795373
649,0.549551,0.795373
650,0.754507,0.108517
651,0.560792,0.795373
652,0.549551,0.795373
653,0.234527,0.795373
654,0.600939,0.795398
655,0.589503,0.237156
656,0.586807,0.383629
657,0.612736,0.762858
658,0.291927,0.765631
659,0.567912,0.794574
660,0.271782,0.772381
661,0.283061,0.237156
662,0.359209,0.795373
663,0.54311,0.233095
664,0.268963,0.395344
665,0.162418,0.383629
666,0.523536,0.232978
667,0.586807,0.834039
668,0.247712,0.108517
669,0.298183,0.795373
670,0.586807,0.386522
671,0.297951,0.800545
672,0.293282,0.795373
673,0.549048,0.108517
674,0.583987,0.207414
675,0.278377,0.794399
676,0.549551,0.237156
677,0.586807,0.795373
678,0.586807,0.765631
679,0.625104,0.237156
680,0.6133,0.383629
681,0.566086,0.23588
682,0.145203,0.390411
683,0.586807,0.795373
684,0.580365,1.18828
685,0.550754,0.795373
686,0.146709,0.383629
687,0.580365,0.237156
688,0.583987,0.795373
689,0.37995,0.233101
690,0.368758,0.795373
691,0.333153,0.796189
692,0.291422,0.383629
693,0.586807,0.24053
694,0.228086,0.795373
695,0.567463,0.383629
696,0.560792,0.237156
697,0.307195,0.795373
698,0.489775,0.237156
699,0.245768,0.795373
700,0.245768,0.791048
701,0.586807,0.795373
702,0.584938,0.383614
703,0.268963,0.237156
704,0.549551,0.765631
705,0.549551,0.795373
706,0.583987,0.795373
707,0.586807,0.765631
708,0.301572,0.198453
709,0.271782,0.237156
710,0.585032,0.237156
711,0.586807,0.795373
712,0.389521,0.795373
713,0.304392,0.204584
714,0.251592,0.766461
715,0.259164,0.206809
716,0.607073,0.793681
717,0.586481,0.792785
718,0.27003,0.2436
719,0.303391,0.795373
720,0.309307,0.795373
721,0.257147,0.798954
722,0.22822,0.795373
723,0.317025,0.239569
724,0.592761,0.795373
725,0.586807,0.205474
726,0.589542,0.237156
727,0.230835,0.795373
728,0.245584,0.792777
729,0.621147,0.794033
730,0.234527,0.795781
731,0.271782,1.13224
732,0.304392,0.795373
733,0.13719,0.792135
734,0.308803,0.389719
735,0.293282,0.793427
736,0.253514,0.804969
737,0.293025,0.795373
738,0.586807,0.383629
739,0.296911,0.765631
740,0.586807,0.795373
741,0.560792,0.383629
742,0.587661,0.235237
743,0.158205,0.237156
744,0.586807,0.373721
745,0.304392,0.795373
746,0.586807,0.383629
747,0.347182,0.795304
748,0.299294,0.795373
749,0.560792,0.795373
750,0.29483,0.795373
751,0.586807,0.234892
752,0.271782,0.237396
753,0.304392,0.794526
754,0.586807,0.802153
755,0.590632,0.796321
756,0.234525,0.210079
757,0.589568,0.235217
758,0.588105,0.795356
759,0.304392,0.383629
760,0.577546,0.765631
761,0.560792,0.795373
762,0.586807,0.799717
763,0.265341,0.797662
764,0.301572,0.10851
765,0.586807,0.233862
766,0.268963,0.797027
767,0.569553,0.237156
768,0.653024,0.764585
769,0.586462,0.237156
770,0.342459,0.795373
771,0.586807,0.795373
772,0.558719,0.237156
773,0.645934,0.382778
774,0.302821,0.379939
775,0.560792,0.207636
776,0.586807,0.382903
777,0.561434,0.237156
778,0.595108,0.237156
779,0.617457,0.791281
780,0.537568,0.804568
781,0.570425,0.760989
782,0.583987,0.791511
783,0.549551,0.207414
784,0.586807,0.383629
785,0.586807,0.108517
786,0.265342,0.765631
787,0.269204,0.795373
788,0.560792,0.793875
789,0.304392,0.237156
790,0.304392,0.79331
791,0.275423,0.378983
792,0.151308,0.799432
793,0.271782,0.383629
794,0.558492,0.795373
795,0.225379,3.05918
796,0.350661,0.760982
797,0.265341,0.796698
798,0.548029,0.793543
799,0.583987,0.795373
800,0.586807,0.795373
801,0.29982,0.795373
802,0.245769,0.795373
803,0.523536,0.795373
804,0.577546,0.811836
805,0.303959,0.385742
806,0.271781,0.383824
807,0.583987,0.383629
808,0.297951,0.207414
809,0.293281,0.795373
810,0.580365,0.795373
811,0.598134,0.383629
812,0.586807,0.108517
813,0.586807,0.765631
814,0.657085,0.795373
815,0.550928,0.800471
816,0.234527,0.894198
817,0.234527,0.383629
818,0.870986,0.793718
819,0.278377,0.23553
820,0.583987,0.207414
821,0.560792,0.237576
822,0.42807,0.383629
823,0.269875,0.793126
824,0.319099,0.235503
825,0.588498,0.383629
826,0.586807,0.795373
827,0.301572,0.238778
828,0.32139,0.808511
829,0.234527,0.79115
830,0.560792,0.108517
831,0.583987,0.104626
832,0.547385,0.251621
833,0.549551,0.792048
834,0.320567,0.108014
835,0.167635,0.795373
836,0.271782,0.795373
837,0.650658,0.794136
838,0.271782,0.795373
839,0.560792,0.237156
840,0.586807,0.763706
841,0.652241,0.79074
842,0.586807,0.795373
843,0.586627,0.383629
844,0.647766,0.803581
845,0.271782,0.797895
846,0.271782,0.234827
847,0.244619,0.795373
848,0.560792,0.791801
849,0.549551,0.794698
850,0.586807,0.765631
851,0.162418,0.237156
852,0.580365,0.795373
853,0.301573,0.318134
854,0.560792,0.236864
855,0.591717,0.383629
856,0.272893,0.237156
857,0.586807,0.383629
858,0.302276,0.383629
859,0.560792,0.237156
860,0.586183,0.237156
861,0.645549,0.238445
862,0.586807,0.667887
863,0.586807,0.383629
864,0.585365,0.790743
865,0.611248,0.237105
866,0.305217,0.791124
867,0.585932,0.383615
868,0.586182,0.795373
869,0.241109,0.797972
870,0.582945,0.383629
871,0.580421,0.795373
872,0.586807,0.383629
873,0.59022,0.795373
874,0.586807,0.803179
875,0.581862,0.235984
876,0.549549,0.237156
877,0.635722,0.237145
878,0.549551,0.795373
879,0.268963,0.235423
880,0.586807,0.383745
881,0.304392,0.235088
882,0.39545,0.383841
883,0.304392,0.794875
884,0.713658,0.795373
885,0.586807,0.795373
886,0.583987,0.237156
887,0.580365,0.795373
888,0.549551,0.383629
889,0.586807,0.795373
890,0.586807,0.765631
891,0.560792,0.795373
892,0.267029,0.795373
893,0.271782,0.795373
894,0.304392,0.795373
895,0.586807,0.771101
896,0.367531,0.379229
897,0.322661,0.106103
898,0.347587,0.108517
899,0.599516,0.795373
900,0.271782,0.383614
901,0.586807,0.765631
902,0.304392,0.760985
903,0.268963,0.233459
904,0.586807,0.383629
905,0.145575,0.795373
906,0.586807,0.233697
907,0.162418,0.210699
908,0.577409,0.765631
909,0.549551,0.383629
910,0.549549,0.383629
911,0.598719,0.234355
912,0.212824,0.385034
913,0.547487,0.795373
914,0.561572,0.795373
915,0.585175,0.765631
916,0.278377,0.795373
917,0.588987,0.383629
918,0.549551,0.383232
919,0.548306,0.797806
920,0.314986,0.767819
921,0.54955,0.762064
922,0.586807,0.765631
923,0.555309,0.795373
924,0.603924,0.802304
925,0.586807,0.109701
926,0.572272,0.383629
927,0.586807,0.795373
928,0.583987,0.799883
929,0.268963,0.108517
930,0.586807,0.786507
931,0.271783,0.239998
932,0.593921,0.795373
933,0.269908,0.237156
934,0.262937,0.237156
935,0.347604,0.795373
936,0.615889,0.237129
937,0.586807,0.250596
938,0.566661,0.796628
939,0.586807,0.24221
940,0.278378,0.383629
941,0.271783,0.795373
942,0.314972,0.108512
943,0.586677,0.803735
944,0.273455,0.237156
945,0.586807,0.108517
946,0.620492,0.797978
947,0.290462,0.44063
948,0.271783,0.236476
949,0.580366,0.383629
950,0.242948,0.79617
951,0.353105,0.237156
952,0.586807,0.795373
953,0.55873,0.108517
954,0.282223,0.237156
955,0.560792,0.795887
956,0.600093,0.791948
957,0.870398,0.795373
958,0.549551,0.268268
959,0.304392,0.237409
960,0.304392,0.790781
961,0.288405,0.766272
962,0.271783,0.383629
963,0.560792,0.383623
964,0.586805,0.379061
965,0.344432,0.795373
966,0.583987,0.796613
967,0.586807,0.207414
968,0.585802,0.791088
969,0.591308,0.795634
970,0.313235,0.797048
971,0.317145,0.383629
972,0.586807,0.237156
973,0.61086,0.795373
974,0.592326,0.109517
975,0.303958,0.111584
976,0.234527,0.209773
977,0.271782,0.795373
978,0.580366,0.795373
979,0.428392,0.23914
980,0.304392,0.383629
981,0.304392,0.380525
982,0.588742,0.108517
983,0.577546,0.795373
984,0.585849,0.795373
985,0.586807,0.383487
986,0.597918,0.795373
987,0.333909,0.795373
988,0.634521,0.797613
989,0.245306,0.207414
990,0.245768,0.384811
991,0.579515,0.795373
992,0.938394,0.107893
993,0.162418,0.793602
994,0.271783,0.206315
995,0.613766,0.811308
996,0.586807,0.765631
997,0.54029,0.824102
998,0.29878,0.237156
999,0.1364,0.383629
