Generation,Train,Test
0,0.804977,0.992109
1,0.86149,0.908792
2,0.635242,0.456444
3,0.371302,0.389008
4,0.329028,0.326509
5,0.340716,0.285436
6,0.284637,0.284314
7,0.319119,0.207064
8,0.283434,0.451126
9,0.44891,0.256645
10,0.493522,0.794356
11,0.391219,0.65747
12,0.606367,0.796676
13,0.407136,0.286139
14,0.430626,0.426027
15,0.482591,0.795282
16,0.479235,0.422183
17,0.48262,0.335762
18,0.491432,0.795287
19,0.482291,0.472335
20,0.584761,0.609224
21,0.514814,0.658085
22,0.585906,0.795381
23,0.381697,0.656255
24,0.471456,0.79538
25,0.481269,0.520822
26,0.385985,0.380379
27,0.585137,0.470659
28,0.586257,0.791897
29,0.589507,0.607964
30,0.382009,0.795378
31,0.480074,0.421962
32,0.513369,0.471887
33,0.27352,0.524355
34,0.480187,0.608403
35,0.47974,0.658061
36,0.487725,0.609306
37,0.575926,0.795378
38,0.404397,0.657956
39,0.506219,0.60826
40,0.605728,0.607587
41,0.490999,0.423175
42,0.59037,0.608673
43,0.503289,0.609282
44,0.389909,0.608552
45,0.567705,0.609306
46,0.470138,0.793829
47,0.37727,0.566822
48,0.444466,0.794379
49,0.602029,0.472822
50,0.490999,0.795171
51,0.585139,0.431788
52,0.491288,0.471596
53,0.482542,0.471044
54,0.386059,0.564876
55,0.382783,0.786341
56,0.484737,0.612012
57,0.508408,0.423748
58,0.484448,0.380288
59,0.49046,0.623352
60,0.603375,0.795377
61,0.443821,0.788769
62,0.528124,0.79535
63,0.584199,0.380853
64,0.342897,0.795376
65,0.491306,0.378433
66,0.494093,0.801845
67,0.492315,0.659767
68,0.398967,0.471374
69,0.402397,0.291809
70,0.585423,0.609252
71,0.58514,0.610477
72,0.480132,0.565748
73,0.357473,0.285936
74,0.46213,0.611159
75,0.348463,0.658127
76,0.384943,0.431703
77,0.415611,0.79421
78,0.599099,0.60949
79,0.243921,0.55642
80,0.572722,0.424279
81,0.387041,0.411926
82,0.483088,0.599388
83,0.595771,0.608935
84,0.337386,0.657774
85,0.375125,0.610914
86,0.493006,0.609302
87,0.585084,0.277047
88,0.58494,0.796487
89,0.480132,0.793356
90,0.379302,0.609393
91,0.491003,0.609584
92,0.613307,0.796123
93,0.585141,0.609273
94,0.503097,0.783956
95,0.606009,0.795614
96,0.572125,0.654109
97,0.586521,0.472054
98,0.576469,0.609302
99,0.364306,0.194271
100,0.405899,0.797128
101,0.372782,0.794089
102,0.385994,0.603732
103,0.59188,0.604427
104,0.472188,0.610443
105,0.491719,0.428071
106,0.424993,0.302451
107,0.50264,0.568506
108,0.375083,0.422727
109,0.450327,0.520878
110,0.383452,0.422543
111,0.372978,0.283003
112,0.270117,0.609882
113,0.272145,0.566268
114,0.584697,0.472062
115,0.409347,0.566422
116,0.585313,0.520989
117,0.446875,0.795446
118,0.596129,0.648812
119,0.391323,0.473493
120,0.585141,0.472054
121,0.360743,0.609548
122,0.414193,0.242288
123,0.607544,0.615421
124,0.497686,0.381235
125,0.419125,0.656579
126,0.510144,0.658109
127,0.493348,0.607753
128,0.47977,0.795936
129,0.512963,0.422565
130,0.580295,0.42192
131,0.405107,0.609255
132,0.598311,0.794696
133,0.386728,0.660659
134,0.291749,0.793856
135,0.456934,0.28655
136,0.388209,0.620517
137,0.480133,0.795236
138,0.375125,0.443893
139,0.49311,0.471175
140,0.30245,0.472054
141,0.377018,0.609938
142,0.402232,0.607424
143,0.482471,0.693338
144,0.435007,0.56642
145,0.484227,0.520878
146,0.495263,0.655399
147,0.528158,0.784976
148,0.489443,0.385961
149,0.395583,0.502195
150,0.366453,0.429886
151,0.482366,0.65865
152,0.586746,0.379242
153,0.503916,0.422283
154,0.585817,0.610457
155,0.508553,0.657071
156,0.586384,0.607718
157,0.590353,0.660591
158,0.384149,0.610542
159,0.4132,0.664723
160,0.350702,0.795374
161,0.491291,0.656785
162,0.515002,0.658222
163,0.515118,0.67608
164,0.583247,0.785288
165,0.33997,0.608078
166,0.297896,0.422219
167,0.585141,0.420494
168,0.480133,0.567019
169,0.479041,0.56236
170,0.490397,0.425676
171,0.403436,0.657645
172,0.586531,0.609302
173,0.485984,0.79425
174,0.405595,0.243144
175,0.572305,0.470573
176,0.44187,0.567173
177,0.586111,0.471657
178,0.585141,0.607754
179,0.366453,0.658126
180,0.374695,0.334806
181,0.561904,0.662053
182,0.586597,0.424085
183,0.477524,0.296794
184,0.496347,0.469484
185,0.563194,0.795299
186,0.479608,0.471936
187,0.595013,0.608391
188,0.471462,0.663137
189,0.495206,0.341124
190,0.396865,0.617236
191,0.480133,0.522719
192,0.444716,0.477312
193,0.493907,0.620338
194,0.586313,0.65697
195,0.496321,0.163953
196,0.585481,0.79383
197,0.579286,0.658126
198,0.383691,0.333905
199,0.385989,0.292334
200,0.586129,0.242931
201,0.57647,0.383627
202,0.385995,0.793823
203,0.582455,0.785257
204,0.65153,0.524931
205,0.431555,0.609296
206,0.443217,0.795281
207,0.329999,0.565024
208,0.368743,0.60806
209,0.388841,0.522048
210,0.478995,0.607753
211,0.585141,0.795474
212,0.487204,0.483932
213,0.479647,0.607888
214,0.583635,0.609302
215,0.38571,0.424707
216,0.583449,0.612753
217,0.616264,0.615221
218,0.484616,0.334277
219,0.584606,0.794781
220,0.375123,0.42322
221,0.375123,0.794708
222,0.338668,0.797989
223,0.598109,0.797999
224,0.274594,0.658703
225,0.469834,0.520878
226,0.529544,0.42749
227,0.396855,0.427991
228,0.586228,0.795374
229,0.495296,0.608785
230,0.338978,0.795653
231,0.483124,0.680207
232,0.576029,0.609594
233,0.604163,0.798155
234,0.47362,0.60728
235,0.605911,0.786818
236,0.587809,0.614328
237,0.471462,0.802772
238,0.481059,0.423287
239,0.479782,0.795374
240,0.486715,0.608508
241,0.368035,0.794527
242,0.385174,0.42323
243,0.499492,0.469147
244,0.517507,0.473202
245,0.443101,0.614999
246,0.285383,0.420795
247,0.585141,0.610117
248,0.488597,0.424759
249,0.478145,0.609302
250,0.580701,0.599388
251,0.422917,0.471882
252,0.370059,0.794242
253,0.376685,0.523813
254,0.436415,0.669371
255,0.395382,0.427675
256,0.384273,0.244497
257,0.585125,0.524226
258,0.385995,0.424701
259,0.471456,0.799303
260,0.575972,0.519367
261,0.381018,0.658125
262,0.482331,0.423503
263,0.270116,0.609302
264,0.232719,0.471701
265,0.486476,0.625667
266,0.44912,0.568201
267,0.338308,0.423558
268,0.491186,0.609302
269,0.377754,0.612515
270,0.443678,0.626697
271,0.385995,0.609971
272,0.490063,0.477662
273,0.46527,0.558503
274,0.472007,0.609884
275,0.504581,0.47214
276,0.499969,0.150364
277,0.585324,0.332394
278,0.450976,0.796823
279,0.586459,0.566416
280,0.629953,0.472051
281,0.490063,0.803276
282,0.500646,0.472054
283,0.643608,0.415494
284,0.443678,0.658265
285,0.519061,0.518406
286,0.354731,0.423229
287,0.585717,0.657891
288,0.590648,0.795374
289,0.339505,0.60952
290,0.482331,0.795374
291,0.384982,0.609302
292,0.426306,0.795391
293,0.518407,0.794304
294,0.486569,0.427013
295,0.587839,0.60982
296,0.494852,0.428865
297,0.603086,0.599388
298,0.480133,0.422691
299,0.491003,0.427061
300,0.48071,0.605376
301,0.330515,0.655779
302,0.602161,0.6085
303,0.586861,0.796775
304,0.415637,0.795357
305,0.493004,0.608292
306,0.57553,0.795374
307,0.495881,0.79436
308,0.518006,0.282931
309,0.470981,0.33747
310,0.431233,0.566422
311,0.509462,0.609794
312,0.584984,0.795271
313,0.608401,0.795758
314,0.404365,0.423502
315,0.329999,0.285982
316,0.518603,0.628858
317,0.398857,0.606557
318,0.511541,0.378875
319,0.38539,0.338206
320,0.576413,0.423636
321,0.474731,0.609165
322,0.587857,0.599486
323,0.444426,0.658748
324,0.480133,0.421911
325,0.491801,0.658126
326,0.500513,0.477197
327,0.443678,0.658616
328,0.459043,0.473037
329,0.48128,0.802597
330,0.49022,0.609673
331,0.58012,0.793562
332,0.405309,0.433929
333,0.57647,0.611262
334,0.381068,0.564969
335,0.394634,0.5994
336,0.479891,0.658123
337,0.398642,0.473354
338,0.538752,0.80015
339,0.47373,0.425694
340,0.283932,0.608727
341,0.346256,0.422123
342,0.261165,0.469479
343,0.573929,0.608852
344,0.280656,0.801516
345,0.48149,0.568136
346,0.485909,0.565778
347,0.504399,0.604904
348,0.586352,0.656078
349,0.617779,0.503305
350,0.416308,0.609301
351,0.492266,0.795712
352,0.304332,0.522911
353,0.290486,0.609038
354,0.472711,0.658126
355,0.585142,0.794292
356,0.384407,0.422528
357,0.484484,0.610019
358,0.467522,0.606381
359,0.261603,0.599386
360,0.443618,0.449354
361,0.275563,0.795871
362,0.490439,0.657322
363,0.482334,0.520878
364,0.302212,0.821642
365,0.49501,0.599291
366,0.507831,0.2431
367,0.467619,0.429818
368,0.589469,0.658294
369,0.52973,0.60746
370,0.588049,0.610367
371,0.354091,0.227823
372,0.575988,0.659243
373,0.479559,0.472121
374,0.584567,0.608003
375,0.272285,0.795374
376,0.36636,0.797297
377,0.378605,0.658122
378,0.385995,0.423025
379,0.376936,0.607679
380,0.508189,0.422392
381,0.376246,0.608294
382,0.605128,0.657988
383,0.583159,0.619834
384,0.496246,0.660494
385,0.488856,0.519182
386,0.407321,0.609517
387,0.467833,0.609301
388,0.270397,0.6105
389,0.244533,0.656159
390,0.584866,0.423124
391,0.584967,0.796094
392,0.508601,0.425908
393,0.44409,0.618537
394,0.48209,0.609521
395,0.39476,0.79634
396,0.585142,0.422501
397,0.347954,0.523231
398,0.491002,0.607674
399,0.382126,0.658126
400,0.340869,0.423009
401,0.499772,0.609301
402,0.384446,0.471907
403,0.394714,0.473685
404,0.491004,0.803715
405,0.480134,0.795356
406,0.359832,0.566418
407,0.58114,0.795067
408,0.26952,0.795374
409,0.480802,0.520878
410,0.586092,0.610129
411,0.443108,0.566153
412,0.378542,0.794616
413,0.495544,0.609301
414,0.596067,0.564973
415,0.466775,0.795374
416,0.490466,0.264942
417,0.375546,0.428224
418,0.337987,0.606828
419,0.414935,0.783477
420,0.385991,0.422276
421,0.333595,0.609054
422,0.233663,0.609869
423,0.355523,0.243101
424,0.522017,0.571375
425,0.3756,0.520154
426,0.491196,0.795122
427,0.469293,0.611487
428,0.491003,0.608599
429,0.409292,0.658126
430,0.503293,0.57169
431,0.444489,0.334858
432,0.385384,0.380266
433,0.323637,0.795374
434,0.374838,0.524666
435,0.383757,0.609301
436,0.443813,0.23666
437,0.572723,0.519681
438,0.390957,0.609301
439,0.497692,0.243855
440,0.480134,0.471495
441,0.4939,0.608579
442,0.480134,0.784349
443,0.479201,0.646044
444,0.511993,0.194277
445,0.603049,0.422977
446,0.586963,0.337993
447,0.585142,0.423132
448,0.385996,0.794517
449,0.369329,0.660165
450,0.414518,0.456693
451,0.476916,0.470438
452,0.589901,0.795618
453,0.338492,0.609301
454,0.480559,0.657096
455,0.48843,0.393673
456,0.584621,0.796245
457,0.485279,0.612229
458,0.282534,0.796691
459,0.376405,0.151396
460,0.480038,0.609203
461,0.476988,0.794304
462,0.600364,0.795373
463,0.480134,0.520473
464,0.479881,0.413315
465,0.494592,0.659946
466,0.585142,0.571621
467,0.488615,0.566421
468,0.48792,0.565614
469,0.365812,0.6095
470,0.348859,0.451163
471,0.505737,0.794185
472,0.497458,0.429173
473,0.385287,0.657388
474,0.385889,0.557767
475,0.392384,0.423229
476,0.389341,0.380347
477,0.480944,0.609301
478,0.362522,0.635264
479,0.385135,0.658286
480,0.29518,0.242557
481,0.370928,0.79416
482,0.393945,0.423228
483,0.585952,0.423185
484,0.385994,0.56675
485,0.366454,0.613899
486,0.469914,0.420373
487,0.481079,0.472155
488,0.417439,0.609146
489,0.495609,0.403451
490,0.57647,0.423229
491,0.490803,0.430444
492,0.375126,0.608438
493,0.479569,0.461441
494,0.470997,0.796076
495,0.479782,0.660854
496,0.506316,0.793857
497,0.475773,0.65534
498,0.522541,0.59808
499,0.479689,0.426483
500,0.484058,0.60927
501,0.481926,0.599387
502,0.522175,0.793109
503,0.481318,0.566421
504,0.375126,0.608663
505,0.590356,0.609772
506,0.479624,0.609301
507,0.457446,0.379862
508,0.487299,0.194414
509,0.280988,0.638658
510,0.480134,0.610282
511,0.480844,0.474139
512,0.404413,0.472017
513,0.600447,0.795373
514,0.591664,0.472052
515,0.480134,0.428427
516,0.575531,0.523982
517,0.339482,0.658125
518,0.587668,0.795373
519,0.366712,0.79533
520,0.566986,0.796778
521,0.544522,0.795089
522,0.302741,0.608061
523,0.505654,0.472354
524,0.388056,0.609301
525,0.396111,0.423004
526,0.467428,0.803017
527,0.480134,0.474492
528,0.375126,0.664725
529,0.502922,0.795373
530,0.280558,0.608002
531,0.479905,0.794009
532,0.504353,0.381812
533,0.302727,0.521767
534,0.385995,0.609772
535,0.496832,0.658125
536,0.385996,0.795373
537,0.387859,0.518408
538,0.380513,0.795085
539,0.584295,0.795364
540,0.58606,0.611999
541,0.385295,0.470648
542,0.376333,0.479548
543,0.490848,0.477261
544,0.300069,0.423515
545,0.413587,0.383988
546,0.614155,0.33792
547,0.585142,0.612564
548,0.304297,0.609301
549,0.595501,0.424099
550,0.250849,0.794789
551,0.58457,0.608559
552,0.469616,0.596899
553,0.598291,0.794539
554,0.385421,0.226992
555,0.636621,0.59824
556,0.479602,0.245242
557,0.387455,0.609301
558,0.35112,0.79383
559,0.494484,0.566805
560,0.586983,0.472053
561,0.480134,0.609493
562,0.388194,0.520877
563,0.572531,0.566421
564,0.37865,0.422407
565,0.339253,0.423081
566,0.483404,0.520877
567,0.586786,0.472435
568,0.515593,0.422103
569,0.491004,0.801623
570,0.508588,0.796293
571,0.396418,0.694558
572,0.559712,0.47137
573,0.490885,0.519798
574,0.609111,0.470934
575,0.36158,0.42425
576,0.585142,0.423228
577,0.516624,0.79385
578,0.519471,0.37979
579,0.237227,0.519752
580,0.480134,0.662186
581,0.278367,0.285981
582,0.462105,0.424671
583,0.375126,0.607939
584,0.35304,0.784726
585,0.388032,0.784267
586,0.480134,0.657402
587,0.584202,0.796076
588,0.375126,0.422375
589,0.375126,0.795794
590,0.47679,0.472053
591,0.355313,0.564386
592,0.653282,0.60965
593,0.40806,0.286273
594,0.375063,0.795117
595,0.595501,0.79639
596,0.481433,0.793826
597,0.385555,0.195181
598,0.585424,0.794914
599,0.494476,0.795373
600,0.616074,0.532951
601,0.486109,0.60874
602,0.562891,0.60893
603,0.491004,0.381686
604,0.515687,0.793944
605,0.390164,0.796026
606,0.585615,0.793826
607,0.480134,0.796102
608,0.491003,0.7997
609,0.443679,0.423229
610,0.536173,0.609301
611,0.409373,0.793136
612,0.390913,0.599387
613,0.239419,0.599387
614,0.411016,0.799037
615,0.443679,0.796707
616,0.492202,0.795733
617,0.340087,0.656986
618,0.591962,0.797403
619,0.375126,0.422124
620,0.375126,0.472053
621,0.585808,0.379153
622,0.478131,0.608218
623,0.349541,0.608491
624,0.492886,0.472045
625,0.386489,0.658032
626,0.467715,0.68834
627,0.303074,0.427398
628,0.352822,0.675277
629,0.491259,0.472844
630,0.475795,0.610227
631,0.480314,0.233185
632,0.502079,0.657296
633,0.585262,0.609301
634,0.492586,0.797684
635,0.523164,0.167131
636,0.494087,0.6093
637,0.4717,0.658125
638,0.336902,0.660574
639,0.621053,0.791894
640,0.585142,0.611205
641,0.480134,0.420877
642,0.584719,0.470885
643,0.372312,0.609301
644,0.400574,0.333968
645,0.349199,0.658125
646,0.44734,0.795374
647,0.374186,0.610296
648,0.493338,0.380349
649,0.386028,0.794314
650,0.58486,0.663602
651,0.480975,0.796597
652,0.486191,0.658122
653,0.470717,0.425942
654,0.40097,0.610903
655,0.443679,0.427411
656,0.479867,0.789364
657,0.490064,0.608253
658,0.382292,0.471566
659,0.467471,0.795373
660,0.326238,0.566415
661,0.467715,0.609301
662,0.340868,0.795373
663,0.36369,0.786958
664,0.572723,0.460596
665,0.263723,0.464499
666,0.492743,0.47069
667,0.583343,0.612247
668,0.49118,0.55611
669,0.586244,0.609301
670,0.354042,0.611781
671,0.467715,0.802565
672,0.487679,0.610335
673,0.385855,0.609732
674,0.377407,0.413315
675,0.491004,0.663628
676,0.571775,0.608963
677,0.578043,0.605337
678,0.489957,0.610625
679,0.480134,0.615065
680,0.492002,0.794423
681,0.587378,0.378998
682,0.384447,0.477461
683,0.386134,0.429173
684,0.47186,0.799442
685,0.480134,0.610014
686,0.584499,0.609301
687,0.479194,0.472052
688,0.375121,0.609301
689,0.280988,0.414589
690,0.490695,0.471151
691,0.524291,0.794922
692,0.575935,0.658805
693,0.480134,0.427616
694,0.362707,0.429577
695,0.480981,0.796768
696,0.281107,0.451372
697,0.328855,0.795373
698,0.435008,0.425815
699,0.480134,0.423806
700,0.430565,0.609082
701,0.366454,0.608062
702,0.580053,0.457095
703,0.369025,0.795373
704,0.480571,0.383204
705,0.384332,0.614046
706,0.492024,0.795217
707,0.480347,0.394585
708,0.422014,0.602937
709,0.396866,0.794608
710,0.480134,0.476634
711,0.234616,0.795373
712,0.493148,0.520032
713,0.589598,0.473001
714,0.480134,0.607212
715,0.385056,0.471584
716,0.443596,0.611119
717,0.406912,0.347663
718,0.499127,0.564662
719,0.443283,0.470285
720,0.353983,0.538828
721,0.585142,0.608292
722,0.327985,0.795373
723,0.235709,0.423167
724,0.488855,0.794147
725,0.487917,0.794047
726,0.435008,0.612946
727,0.488312,0.608978
728,0.385996,0.391204
729,0.491816,0.610448
730,0.601842,0.658125
731,0.496298,0.412061
732,0.502264,0.471143
733,0.487795,0.609484
734,0.480134,0.599386
735,0.306222,0.656296
736,0.603829,0.609536
737,0.440833,0.653241
738,0.3581,0.423126
739,0.481753,0.795708
740,0.480932,0.608494
741,0.491003,0.785459
742,0.497272,0.609796
743,0.471119,0.793943
744,0.620041,0.607922
745,0.477987,0.658125
746,0.60144,0.797925
747,0.434795,0.657729
748,0.594629,0.608687
749,0.4873,0.795521
750,0.50881,0.793273
751,0.385679,0.609301
752,0.480935,0.794375
753,0.484691,0.566421
754,0.652963,0.658125
755,0.491064,0.609301
756,0.432445,0.612201
757,0.391417,0.336879
758,0.397569,0.795373
759,0.449007,0.610367
760,0.280988,0.795373
761,0.480134,0.51974
762,0.491426,0.659043
763,0.374676,0.566049
764,0.291586,0.516496
765,0.395742,0.521791
766,0.377072,0.795373
767,0.481686,0.470695
768,0.548581,0.56642
769,0.375433,0.656576
770,0.489195,0.797026
771,0.491004,0.468565
772,0.388907,0.313511
773,0.567969,0.242439
774,0.508057,0.6093
775,0.57647,0.658125
776,0.596455,0.656807
777,0.409749,0.607754
778,0.479871,0.41959
779,0.397206,0.490662
780,0.480134,0.599126
781,0.376412,0.658125
782,0.3662,0.520185
783,0.412706,0.473702
784,0.585679,0.42355
785,0.397447,0.614662
786,0.39582,0.570628
787,0.373577,0.470666
788,0.491115,0.783564
789,0.57224,0.795432
790,0.511657,0.60905
791,0.233061,0.658204
792,0.38395,0.197768
793,0.471111,0.42359
794,0.432861,0.614761
795,0.338611,0.566434
796,0.507487,0.289133
797,0.512023,0.600055
798,0.467715,0.380725
799,0.522326,0.657788
800,0.593605,0.566025
801,0.400296,0.607756
802,0.471462,0.292304
803,0.394564,0.609592
804,0.485033,0.519902
805,0.50349,0.793561
806,0.291858,0.608506
807,0.479642,0.798035
808,0.385994,0.607779
809,0.50709,0.608834
810,0.479715,0.788272
811,0.582861,0.657152
812,0.402053,0.609301
813,0.294961,0.287396
814,0.235899,0.42855
815,0.479901,0.658124
816,0.486005,0.795373
817,0.454049,0.808885
818,0.585127,0.520877
819,0.60703,0.472052
820,0.477987,0.477162
821,0.347322,0.520868
822,0.541882,0.79832
823,0.481019,0.519914
824,0.284632,0.658125
825,0.374598,0.799498
826,0.64143,0.608739
827,0.423811,0.431757
828,0.353895,0.442911
829,0.48871,0.28485
830,0.392277,0.471334
831,0.529421,0.472052
832,0.613599,0.609301
833,0.432499,0.152262
834,0.350376,0.794915
835,0.586408,0.793845
836,0.396866,0.564926
837,0.510616,0.795875
838,0.636996,0.238178
839,0.572723,0.658125
840,0.362111,0.336305
841,0.543104,0.794442
842,0.291857,0.197447
843,0.480134,0.472053
844,0.575951,0.609301
845,0.463044,0.426537
846,0.492452,0.657455
847,0.564857,0.787114
848,0.491693,0.606205
849,0.518678,0.796271
850,0.503182,0.422958
851,0.494261,0.473063
852,0.385996,0.79313
853,0.491099,0.609301
854,0.443679,0.571593
855,0.442015,0.47233
856,0.280615,0.656979
857,0.57647,0.614642
858,0.391673,0.795213
859,0.480134,0.292
860,0.500072,0.382513
861,0.490451,0.657761
862,0.385996,0.471519
863,0.590871,0.658125
864,0.379061,0.422441
865,0.373577,0.608705
866,0.233886,0.546059
867,0.470996,0.795738
868,0.584629,0.795867
869,0.34719,0.427964
870,0.41773,0.566145
871,0.407013,0.793706
872,0.414979,0.607754
873,0.387724,0.60867
874,0.345864,0.472067
875,0.374615,0.65913
876,0.590683,0.611196
877,0.452709,0.658125
878,0.53449,0.794592
879,0.481721,0.472055
880,0.480506,0.669938
881,0.50168,0.799076
882,0.487224,0.42229
883,0.587579,0.609301
884,0.376802,0.609301
885,0.491004,0.610415
886,0.377009,0.609301
887,0.321002,0.794062
888,0.377713,0.712888
889,0.402077,0.656734
890,0.481458,0.70801
891,0.480326,0.609301
892,0.37594,0.520371
893,0.585653,0.610157
894,0.375126,0.801373
895,0.584737,0.795373
896,0.520705,0.565229
897,0.379848,0.794277
898,0.491511,0.79544
899,0.375234,0.652468
900,0.507412,0.46207
901,0.534082,0.796749
902,0.588252,0.613022
903,0.490609,0.796174
904,0.477394,0.423229
905,0.379219,0.611865
906,0.442739,0.610883
907,0.492948,0.795373
908,0.417561,0.617295
909,0.34954,0.380589
910,0.57647,0.610542
911,0.480134,0.423225
912,0.354062,0.42596
913,0.4916,0.473144
914,0.350893,0.423227
915,0.377619,0.608434
916,0.489211,0.423287
917,0.302442,0.794576
918,0.502701,0.462139
919,0.57647,0.611608
920,0.480621,0.461076
921,0.366454,0.797338
922,0.59101,0.792457
923,0.366338,0.656628
924,0.490429,0.475017
925,0.338671,0.475476
926,0.493256,0.794693
927,0.564624,0.423229
928,0.388582,0.337469
929,0.652407,0.422054
930,0.491074,0.607755
931,0.480941,0.795373
932,0.421518,0.472053
933,0.508136,0.609417
934,0.455655,0.794685
935,0.585116,0.435545
936,0.350947,0.428177
937,0.610069,0.423946
938,0.402418,0.423093
939,0.455673,0.473132
940,0.374952,0.519171
941,0.482241,0.520877
942,0.479297,0.795373
943,0.57309,0.382291
944,0.572723,0.555909
945,0.585142,0.197581
946,0.495587,0.657797
947,0.545101,0.608089
948,0.270403,0.658125
949,0.292609,0.38107
950,0.620356,0.799084
951,0.510287,0.609301
952,0.399322,0.609301
953,0.486529,0.610897
954,0.486241,0.423399
955,0.387264,0.334805
956,0.589981,0.551682
957,0.338671,0.610309
958,0.489822,0.483462
959,0.471279,0.476054
960,0.585203,0.423229
961,0.373154,0.476753
962,0.294624,0.658024
963,0.575941,0.554955
964,0.499496,0.338708
965,0.484898,0.430287
966,0.489463,0.794075
967,0.261446,0.524305
968,0.382135,0.793878
969,0.485842,0.285017
970,0.443208,0.380146
971,0.518551,0.471004
972,0.477731,0.609301
973,0.386047,0.506106
974,0.480134,0.374545
975,0.375707,0.428193
976,0.585746,0.795373
977,0.609312,0.656595
978,0.377525,0.794767
979,0.491004,0.785459
980,0.403641,0.602632
981,0.545376,0.607788
982,0.49102,0.658125
983,0.582995,0.471829
984,0.480134,0.608101
985,0.413852,0.423229
986,0.379694,0.47231
987,0.490629,0.797215
988,0.584554,0.655872
989,0.396373,0.794876
990,0.492886,0.609262
991,0.585142,0.794362
992,0.572723,0.795373
993,0.374186,0.423181
994,0.479576,0.609301
995,0.575607,0.609301
996,0.349541,0.658125
997,0.233663,0.284764
998,0.585073,0.784277
999,0.427064,0.796501
0,0.980022,0.963571
1,0.743522,0.96978
2,0.5032,0.514556
3,0.313808,0.506054
4,0.25779,0.360579
5,0.254119,0.301928
6,0.217691,0.264369
7,0.312993,0.231169
8,0.256418,0.426689
9,0.374139,0.79325
10,0.495216,0.608054
11,0.499854,0.471989
12,0.58596,0.799465
13,0.490592,0.797709
14,0.585273,0.413176
15,0.588353,0.470703
16,0.395191,0.661362
17,0.490854,0.608597
18,0.358118,0.658533
19,0.483239,0.666203
20,0.406047,0.795822
21,0.483446,0.422934
22,0.339802,0.599178
23,0.281014,0.61196
24,0.385495,0.379091
25,0.338713,0.510898
26,0.577582,0.570349
27,0.48674,0.610485
28,0.280651,0.609431
29,0.479677,0.522119
30,0.585191,0.795328
31,0.408571,0.424693
32,0.490587,0.614036
33,0.400236,0.608833
34,0.340921,0.671277
35,0.478037,0.659521
36,0.443151,0.660562
37,0.604631,0.658114
38,0.480186,0.657363
39,0.489737,0.566311
40,0.349092,0.412364
41,0.586382,0.794222
42,0.585913,0.656113
43,0.304187,0.795787
44,0.606723,0.609304
45,0.42038,0.194267
46,0.409324,0.449205
47,0.472589,0.607953
48,0.481481,0.658566
49,0.620033,0.6595
50,0.479561,0.795376
51,0.375742,0.455576
52,0.597446,0.657853
53,0.619943,0.608431
54,0.375135,0.606923
55,0.479979,0.658207
56,0.397199,0.607917
57,0.649627,0.795209
58,0.585139,0.658128
59,0.386755,0.659806
60,0.52398,0.429176
61,0.471462,0.658128
62,0.367566,0.608166
63,0.480114,0.334808
64,0.453803,0.243982
65,0.58688,0.608882
66,0.480131,0.658092
67,0.585139,0.59939
68,0.588145,0.796157
69,0.468347,0.61044
70,0.563999,0.566435
71,0.491001,0.422576
72,0.407088,0.609304
73,0.540143,0.799223
74,0.466592,0.794718
75,0.473974,0.380961
76,0.495136,0.471877
77,0.599432,0.474387
78,0.338669,0.610378
79,0.591136,0.39003
80,0.408244,0.795358
81,0.584631,0.237131
82,0.503719,0.521642
83,0.596623,0.784699
84,0.408946,0.235351
85,0.491001,0.569626
86,0.411261,0.429526
87,0.470544,0.613085
88,0.278958,0.608749
89,0.4815,0.61014
90,0.504008,0.423222
91,0.467492,0.658128
92,0.584689,0.283273
93,0.385925,0.38299
94,0.349198,0.474718
95,0.580427,0.291442
96,0.28081,0.783761
97,0.244514,0.423216
98,0.491567,0.28502
99,0.503406,0.794155
100,0.37244,0.658128
101,0.490427,0.472039
102,0.375123,0.422089
103,0.480131,0.429213
104,0.297828,0.796333
105,0.617493,0.423285
106,0.576468,0.796175
107,0.479462,0.794223
108,0.349022,0.60834
109,0.373739,0.556138
110,0.260272,0.477437
111,0.480131,0.799911
112,0.486146,0.655038
113,0.377552,0.471918
114,0.410245,0.659627
115,0.495032,0.42889
116,0.400579,0.794038
117,0.385992,0.421251
118,0.374864,0.609455
119,0.291943,0.565607
120,0.593221,0.659578
121,0.45504,0.428732
122,0.479566,0.47783
123,0.374897,0.607108
124,0.294024,0.794965
125,0.493518,0.655922
126,0.479789,0.423231
127,0.588595,0.472539
128,0.491629,0.621253
129,0.480529,0.607421
130,0.503749,0.795566
131,0.492397,0.421759
132,0.585141,0.427587
133,0.511012,0.60964
134,0.486731,0.609358
135,0.412687,0.237978
136,0.357941,0.609302
137,0.585141,0.42323
138,0.356855,0.378255
139,0.500809,0.26862
140,0.471321,0.192849
141,0.512508,0.193807
142,0.395844,0.611547
143,0.484594,0.607475
144,0.480724,0.607916
145,0.47181,0.331902
146,0.452627,0.564877
147,0.342702,0.610137
148,0.281813,0.796113
149,0.509671,0.658999
150,0.585551,0.423226
151,0.483107,0.657138
152,0.434756,0.19946
153,0.375125,0.520936
154,0.385995,0.795375
155,0.480133,0.472054
156,0.517491,0.609015
157,0.572722,0.429159
158,0.481333,0.794255
159,0.296996,0.795375
160,0.598823,0.472054
161,0.599711,0.658127
162,0.376572,0.614691
163,0.585141,0.796004
164,0.584839,0.660091
165,0.509984,0.422864
166,0.481907,0.791583
167,0.441729,0.794736
168,0.482331,0.607084
169,0.385683,0.608759
170,0.48314,0.244758
171,0.617786,0.286727
172,0.585147,0.785885
173,0.584994,0.469499
174,0.496847,0.448055
175,0.480145,0.471159
176,0.49052,0.427876
177,0.588016,0.473937
178,0.584687,0.472052
179,0.480338,0.799054
180,0.353482,0.425912
181,0.377324,0.660684
182,0.366453,0.791789
183,0.244531,0.795354
184,0.572661,0.471793
185,0.480182,0.608197
186,0.482576,0.801175
187,0.338566,0.238002
188,0.586187,0.422834
189,0.446582,0.608256
190,0.244532,0.659674
191,0.345199,0.427113
192,0.479456,0.808289
193,0.634185,0.428015
194,0.583485,0.463125
195,0.524875,0.784282
196,0.576469,0.488196
197,0.477912,0.6102
198,0.489959,0.60881
199,0.57277,0.608154
200,0.481867,0.609302
201,0.375123,0.61387
202,0.482262,0.795052
203,0.396662,0.796045
204,0.49479,0.609302
205,0.383933,0.657518
206,0.585141,0.794172
207,0.491003,0.796649
208,0.486872,0.472075
209,0.362706,0.241367
210,0.400021,0.472925
211,0.467712,0.658127
212,0.359242,0.425066
213,0.517877,0.477972
214,0.481758,0.42297
215,0.500129,0.794343
216,0.585141,0.65667
217,0.628219,0.33361
218,0.479606,0.417677
219,0.600858,0.565993
220,0.509669,0.474362
221,0.584648,0.42786
222,0.383794,0.193204
223,0.315936,0.609302
224,0.48529,0.606873
225,0.443678,0.610359
226,0.494307,0.795375
227,0.480311,0.795375
228,0.377165,0.290322
229,0.586155,0.610195
230,0.510659,0.470823
231,0.467124,0.427961
232,0.482283,0.609293
233,0.609075,0.661216
234,0.334967,0.610294
235,0.503927,0.610098
236,0.48357,0.599388
237,0.404905,0.42323
238,0.349179,0.609721
239,0.375287,0.497826
240,0.482369,0.794801
241,0.504512,0.795734
242,0.480928,0.472162
243,0.385994,0.520879
244,0.474663,0.609299
245,0.595221,0.571727
246,0.586604,0.470846
247,0.480133,0.421703
248,0.515638,0.609302
249,0.366451,0.424016
250,0.513312,0.38035
251,0.487545,0.520879
252,0.417901,0.666266
253,0.443676,0.42823
254,0.477505,0.570626
255,0.482021,0.800002
256,0.576789,0.795375
257,0.38384,0.38035
258,0.489742,0.609844
259,0.386513,0.658127
260,0.434527,0.566422
261,0.401068,0.664817
262,0.338353,0.520102
263,0.536432,0.472496
264,0.582994,0.518492
265,0.34954,0.609681
266,0.480628,0.794817
267,0.616664,0.794279
268,0.387285,0.795375
269,0.3864,0.609767
270,0.577264,0.472054
271,0.478628,0.565502
272,0.622391,0.655649
273,0.479636,0.657746
274,0.467714,0.471384
275,0.49996,0.797459
276,0.472079,0.60953
277,0.576469,0.796666
278,0.469509,0.610397
279,0.593261,0.43588
280,0.478913,0.65779
281,0.245903,0.566417
282,0.446936,0.657118
283,0.491003,0.61017
284,0.481955,0.658222
285,0.489408,0.422558
286,0.449299,0.566421
287,0.387505,0.610954
288,0.471176,0.795887
289,0.40646,0.38137
290,0.584649,0.424097
291,0.498497,0.655982
292,0.418054,0.476674
293,0.370779,0.606401
294,0.480133,0.609756
295,0.443686,0.420538
296,0.479631,0.472051
297,0.480133,0.607752
298,0.586749,0.599379
299,0.480131,0.598853
300,0.272048,0.657917
301,0.479636,0.795375
302,0.452976,0.334971
303,0.294033,0.795114
304,0.577889,0.47263
305,0.389501,0.609549
306,0.395614,0.657814
307,0.415473,0.659909
308,0.503591,0.423111
309,0.385303,0.800363
310,0.402906,0.701385
311,0.570773,0.520879
312,0.48048,0.607232
313,0.585141,0.600356
314,0.480133,0.609302
315,0.6557,0.798178
316,0.494241,0.80095
317,0.504764,0.795375
318,0.339928,0.607664
319,0.491003,0.808794
320,0.385994,0.464535
321,0.57663,0.60797
322,0.623454,0.479211
323,0.475703,0.795375
324,0.574273,0.426523
325,0.477986,0.609842
326,0.538175,0.618067
327,0.481327,0.79472
328,0.490977,0.611072
329,0.456895,0.413946
330,0.585141,0.42323
331,0.480133,0.608008
332,0.504298,0.714415
333,0.398615,0.670557
334,0.442194,0.382723
335,0.591422,0.795375
336,0.488797,0.795951
337,0.367748,0.658127
338,0.443678,0.385614
339,0.477317,0.795375
340,0.280987,0.615406
341,0.480292,0.381316
342,0.58082,0.660651
343,0.585141,0.424034
344,0.397962,0.565003
345,0.582529,0.728495
346,0.375358,0.566764
347,0.507962,0.609443
348,0.648173,0.42677
349,0.414332,0.794928
350,0.482725,0.658127
351,0.480133,0.794751
352,0.484524,0.380346
353,0.29264,0.578051
354,0.491003,0.79538
355,0.40266,0.794849
356,0.576554,0.606809
357,0.4862,0.657753
358,0.345601,0.472038
359,0.480133,0.42322
360,0.54382,0.598316
361,0.480132,0.794354
362,0.509451,0.795899
363,0.38994,0.795087
364,0.394768,0.2376
365,0.51,0.421863
366,0.510355,0.658106
367,0.33867,0.658127
368,0.477604,0.615247
369,0.585551,0.609199
370,0.585141,0.599388
371,0.585141,0.79499
372,0.41096,0.794829
373,0.480172,0.425451
374,0.582838,0.610529
375,0.606887,0.609302
376,0.387087,0.472426
377,0.391616,0.659573
378,0.588792,0.793697
379,0.48024,0.81109
380,0.42625,0.798791
381,0.608865,0.608105
382,0.480537,0.656672
383,0.443678,0.658127
384,0.491556,0.608932
385,0.5113,0.621945
386,0.398028,0.428882
387,0.479206,0.785461
388,0.481389,0.795375
389,0.471461,0.56514
390,0.45346,0.609302
391,0.471461,0.472054
392,0.479971,0.610921
393,0.505917,0.52031
394,0.58762,0.607983
395,0.446107,0.807089
396,0.487776,0.243082
397,0.514256,0.607756
398,0.375215,0.657161
399,0.375125,0.794978
400,0.509637,0.15209
401,0.404755,0.607596
402,0.492297,0.795375
403,0.610766,0.532884
404,0.50454,0.610716
405,0.585532,0.797363
406,0.493127,0.609302
407,0.575989,0.607642
408,0.492267,0.422505
409,0.505907,0.470992
410,0.5871,0.422602
411,0.482328,0.468791
412,0.525129,0.429222
413,0.509135,0.794754
414,0.392971,0.7961
415,0.413438,0.566423
416,0.329798,0.565793
417,0.269963,0.794109
418,0.194272,0.423539
419,0.385135,0.378607
420,0.51883,0.648213
421,0.485831,0.609515
422,0.296591,0.283647
423,0.479887,0.662238
424,0.57224,0.795375
425,0.479889,0.607736
426,0.591797,0.658127
427,0.341095,0.610159
428,0.495735,0.211926
429,0.577146,0.648112
430,0.500063,0.607998
431,0.338011,0.79624
432,0.5058,0.783556
433,0.585141,0.608744
434,0.582994,0.42175
435,0.386491,0.42323
436,0.288152,0.509826
437,0.594338,0.412184
438,0.272908,0.237041
439,0.396864,0.607265
440,0.319916,0.798342
441,0.486708,0.565911
442,0.585399,0.795159
443,0.586543,0.568376
444,0.387679,0.251687
445,0.391336,0.423665
446,0.597757,0.79626
447,0.590409,0.606543
448,0.479803,0.801433
449,0.315383,0.79587
450,0.349602,0.609302
451,0.396932,0.566365
452,0.444197,0.613786
453,0.510787,0.200223
454,0.512273,0.609302
455,0.480133,0.658126
456,0.297307,0.658367
457,0.389348,0.610137
458,0.480347,0.792699
459,0.480386,0.793899
460,0.599678,0.470578
461,0.491948,0.521017
462,0.363714,0.38035
463,0.598599,0.53427
464,0.480546,0.607935
465,0.338222,0.609302
466,0.505024,0.383426
467,0.584201,0.65603
468,0.33928,0.608096
469,0.490666,0.795375
470,0.385995,0.659362
471,0.6013,0.608164
472,0.375125,0.227244
473,0.589976,0.609398
474,0.507562,0.798381
475,0.542009,0.795375
476,0.470369,0.795375
477,0.396853,0.61565
478,0.496642,0.608219
479,0.592067,0.520041
480,0.477982,0.566281
481,0.349897,0.47848
482,0.29392,0.613958
483,0.480003,0.22961
484,0.471973,0.615198
485,0.482077,0.610271
486,0.593409,0.793402
487,0.380698,0.659274
488,0.395015,0.291926
489,0.568012,0.736572
490,0.603531,0.565466
491,0.482545,0.608313
492,0.520611,0.285962
493,0.343287,0.425352
494,0.585141,0.609302
495,0.498437,0.658126
496,0.518482,0.608588
497,0.4938,0.42323
498,0.427515,0.33747
499,0.374939,0.579176
500,0.491002,0.797799
501,0.585567,0.422136
502,0.516799,0.660732
503,0.396213,0.309905
504,0.585071,0.19523
505,0.437872,0.472053
506,0.402942,0.472556
507,0.599991,0.795374
508,0.377396,0.657071
509,0.489335,0.432597
510,0.585141,0.608096
511,0.513787,0.544013
512,0.377324,0.615065
513,0.374589,0.658
514,0.50335,0.472054
515,0.478767,0.286734
516,0.502924,0.47051
517,0.390542,0.47502
518,0.613077,0.795516
519,0.602844,0.470693
520,0.585141,0.403402
521,0.504402,0.607873
522,0.48233,0.236866
523,0.516437,0.341741
524,0.50302,0.656146
525,0.339996,0.662282
526,0.491003,0.793911
527,0.385991,0.794703
528,0.402242,0.520879
529,0.375592,0.584717
530,0.489499,0.606907
531,0.480699,0.194066
532,0.585141,0.66074
533,0.356148,0.421855
534,0.411442,0.471011
535,0.585772,0.472054
536,0.477986,0.571342
537,0.549771,0.60671
538,0.386722,0.67075
539,0.401631,0.607433
540,0.408582,0.609293
541,0.599294,0.470633
542,0.377653,0.599388
543,0.491082,0.292853
544,0.479033,0.796246
545,0.506085,0.609302
546,0.459043,0.656856
547,0.537127,0.486681
548,0.371443,0.6596
549,0.49178,0.566057
550,0.58727,0.797717
551,0.497116,0.800651
552,0.374834,0.795375
553,0.585141,0.243099
554,0.386814,0.608966
555,0.452628,0.42194
556,0.37343,0.423312
557,0.491003,0.422457
558,0.479955,0.803376
559,0.559406,0.47168
560,0.398795,0.471534
561,0.575695,0.658733
562,0.481534,0.334806
563,0.430508,0.236611
564,0.393161,0.545616
565,0.60972,0.658127
566,0.280987,0.795375
567,0.356335,0.609302
568,0.479565,0.796007
569,0.303649,0.564873
570,0.477203,0.610054
571,0.348852,0.462119
572,0.472288,0.656529
573,0.6123,0.566421
574,0.461803,0.794445
575,0.346826,0.370421
576,0.339873,0.423602
577,0.34954,0.607759
578,0.587024,0.795374
579,0.584148,0.808917
580,0.459011,0.335989
581,0.585141,0.663059
582,0.288068,0.420639
583,0.477559,0.470696
584,0.595544,0.609271
585,0.374093,0.423936
586,0.397545,0.423229
587,0.499988,0.655316
588,0.280735,0.800413
589,0.584403,0.473213
590,0.291389,0.285771
591,0.374978,0.336379
592,0.29872,0.796756
593,0.353194,0.427377
594,0.480298,0.609302
595,0.466166,0.79688
596,0.396067,0.644375
597,0.491003,0.381607
598,0.594515,0.658461
599,0.478547,0.613969
600,0.378496,0.601487
601,0.608821,0.334803
602,0.47089,0.600856
603,0.270117,0.423169
604,0.575812,0.801792
605,0.481204,0.618983
606,0.485136,0.607756
607,0.490996,0.242596
608,0.482332,0.804792
609,0.416571,0.428793
610,0.385558,0.424003
611,0.593021,0.524547
612,0.480395,0.420499
613,0.279213,0.564877
614,0.446025,0.794903
615,0.380351,0.284828
616,0.517436,0.237087
617,0.585141,0.607998
618,0.586845,0.795374
619,0.372627,0.422479
620,0.340938,0.794223
621,0.38639,0.794764
622,0.604384,0.792572
623,0.495525,0.657459
624,0.497732,0.796528
625,0.480133,0.794723
626,0.471162,0.423229
627,0.585217,0.613492
628,0.57647,0.242825
629,0.374639,0.609302
630,0.518393,0.335455
631,0.420285,0.611852
632,0.401772,0.422137
633,0.595967,0.611904
634,0.491846,0.796549
635,0.587403,0.472017
636,0.480133,0.609302
637,0.373117,0.524336
638,0.495879,0.33747
639,0.385995,0.338993
640,0.385993,0.658126
641,0.34954,0.470503
642,0.376902,0.192712
643,0.382313,0.472053
644,0.452372,0.42322
645,0.488856,0.794878
646,0.381393,0.420895
647,0.501457,0.520863
648,0.338671,0.380349
649,0.477987,0.794742
650,0.572723,0.606856
651,0.482428,0.473287
652,0.337731,0.658125
653,0.441293,0.613162
654,0.37471,0.423869
655,0.480712,0.520249
656,0.478167,0.424291
657,0.491061,0.795183
658,0.401668,0.62729
659,0.496084,0.653577
660,0.421531,0.79544
661,0.362038,0.635789
662,0.473559,0.656789
663,0.480134,0.608607
664,0.480134,0.422809
665,0.375125,0.795448
666,0.534817,0.204483
667,0.594446,0.609298
668,0.397892,0.616619
669,0.480134,0.657905
670,0.474934,0.423226
671,0.446609,0.599127
672,0.516229,0.56707
673,0.591569,0.609301
674,0.59634,0.658125
675,0.602538,0.599517
676,0.375015,0.795269
677,0.34279,0.520876
678,0.483057,0.564545
679,0.394292,0.657289
680,0.585142,0.795373
681,0.339146,0.42185
682,0.589935,0.657684
683,0.386451,0.601166
684,0.537404,0.615866
685,0.471462,0.794457
686,0.396865,0.609131
687,0.566751,0.797877
688,0.485975,0.784258
689,0.573345,0.334448
690,0.584677,0.566726
691,0.588984,0.152363
692,0.628889,0.609301
693,0.385996,0.423133
694,0.480124,0.79816
695,0.38591,0.733151
696,0.480792,0.566765
697,0.59692,0.59812
698,0.479431,0.794682
699,0.43606,0.473802
700,0.575896,0.370435
701,0.510128,0.784999
702,0.375478,0.609301
703,0.480865,0.608937
704,0.584416,0.60824
705,0.434955,0.338123
706,0.29134,0.609868
707,0.3868,0.608015
708,0.492172,0.423229
709,0.584202,0.599387
710,0.386609,0.670352
711,0.483093,0.522377
712,0.300351,0.474446
713,0.492676,0.422299
714,0.513161,0.608345
715,0.476252,0.610172
716,0.385996,0.472826
717,0.376587,0.422834
718,0.585313,0.481891
719,0.466991,0.613361
720,0.302727,0.520254
721,0.57647,0.598666
722,0.537924,0.794984
723,0.385995,0.56642
724,0.527208,0.799535
725,0.491004,0.796352
726,0.51586,0.609301
727,0.339114,0.609569
728,0.529968,0.609429
729,0.372979,0.599387
730,0.255885,0.650002
731,0.584587,0.567994
732,0.490991,0.609301
733,0.588371,0.607876
734,0.480161,0.798004
735,0.529252,0.243101
736,0.48002,0.647867
737,0.49442,0.566421
738,0.291627,0.610264
739,0.491004,0.285974
740,0.507551,0.665159
741,0.374887,0.338335
742,0.605016,0.470215
743,0.479602,0.472316
744,0.473115,0.421843
745,0.482043,0.422269
746,0.576198,0.795373
747,0.445265,0.421867
748,0.489064,0.423229
749,0.585036,0.520877
750,0.467484,0.607754
751,0.478884,0.609301
752,0.585142,0.785867
753,0.479359,0.658796
754,0.576566,0.608422
755,0.391305,0.798086
756,0.240829,0.241205
757,0.484309,0.799759
758,0.374864,0.609122
759,0.282792,0.79584
760,0.593284,0.472052
761,0.4026,0.471122
762,0.586205,0.609395
763,0.585146,0.609309
764,0.499317,0.461361
765,0.439318,0.424423
766,0.47748,0.240587
767,0.362277,0.608559
768,0.385437,0.380346
769,0.388194,0.336308
770,0.345264,0.796396
771,0.400694,0.476334
772,0.443979,0.795373
773,0.5384,0.434758
774,0.388912,0.795373
775,0.378876,0.796824
776,0.589646,0.658315
777,0.58474,0.608782
778,0.474106,0.423229
779,0.585353,0.793828
780,0.491248,0.237062
781,0.585142,0.471971
782,0.607891,0.607956
783,0.338271,0.658507
784,0.386113,0.658125
785,0.583679,0.474911
786,0.403042,0.607622
787,0.482028,0.334878
788,0.300645,0.656578
789,0.393002,0.387369
790,0.349541,0.380829
791,0.481964,0.520874
792,0.622313,0.657753
793,0.377454,0.607069
794,0.486324,0.464626
795,0.525568,0.423223
796,0.586365,0.726383
797,0.430079,0.607973
798,0.338671,0.521076
799,0.532231,0.520923
800,0.455455,0.565401
801,0.590072,0.795373
802,0.538003,0.462099
803,0.385535,0.618272
804,0.591197,0.423229
805,0.244531,0.609301
806,0.398213,0.798288
807,0.451413,0.426049
808,0.499425,0.610663
809,0.472782,0.424444
810,0.374542,0.423188
811,0.486148,0.600267
812,0.305905,0.676695
813,0.37545,0.427794
814,0.542695,0.422378
815,0.492362,0.803345
816,0.374924,0.607356
817,0.585142,0.61041
818,0.486649,0.608377
819,0.284874,0.555164
820,0.496059,0.422585
821,0.481831,0.795616
822,0.491004,0.664661
823,0.389697,0.795373
824,0.584614,0.275016
825,0.382198,0.472053
826,0.609489,0.656607
827,0.480134,0.607753
828,0.57647,0.794252
829,0.348985,0.658125
830,0.413257,0.607464
831,0.449245,0.609301
832,0.27338,0.793845
833,0.5805,0.796394
834,0.506547,0.609301
835,0.59548,0.421679
836,0.486771,0.276066
837,0.491261,0.607964
838,0.270497,0.285981
839,0.29812,0.646879
840,0.385807,0.472052
841,0.375131,0.648675
842,0.386857,0.470822
843,0.289711,0.423228
844,0.478476,0.423153
845,0.348984,0.657537
846,0.483922,0.608992
847,0.480134,0.659343
848,0.386378,0.656574
849,0.376483,0.429171
850,0.490881,0.471922
851,0.387861,0.224616
852,0.338671,0.600273
853,0.357783,0.658125
854,0.503552,0.657167
855,0.480096,0.423228
856,0.482497,0.648211
857,0.343888,0.608763
858,0.492857,0.424368
859,0.379624,0.424368
860,0.584941,0.509491
861,0.376759,0.558114
862,0.486867,0.472053
863,0.372654,0.28598
864,0.507571,0.427303
865,0.614451,0.566421
866,0.422751,0.658045
867,0.491004,0.608354
868,0.364906,0.783916
869,0.585142,0.381451
870,0.368145,0.79535
871,0.567872,0.472823
872,0.58426,0.609301
873,0.435008,0.429038
874,0.455182,0.4289
875,0.572723,0.477832
876,0.619134,0.472053
877,0.484462,0.609883
878,0.349541,0.661568
879,0.62175,0.472053
880,0.48792,0.79422
881,0.491003,0.608331
882,0.400909,0.338317
883,0.40389,0.28934
884,0.481235,0.610968
885,0.601551,0.608386
886,0.446308,0.472053
887,0.526653,0.428801
888,0.576153,0.795907
889,0.37447,0.608108
890,0.49607,0.427479
891,0.505273,0.79243
892,0.396532,0.658095
893,0.394813,0.423228
894,0.49058,0.421923
895,0.586566,0.611453
896,0.346021,0.608618
897,0.489611,0.79465
898,0.382292,0.565146
899,0.402294,0.65633
900,0.296881,0.663085
901,0.526521,0.380349
902,0.387592,0.472081
903,0.385996,0.521594
904,0.458423,0.609204
905,0.465244,0.423404
906,0.385725,0.380349
907,0.448507,0.480234
908,0.443169,0.794349
909,0.491724,0.51893
910,0.272316,0.658125
911,0.370183,0.609301
912,0.480134,0.609152
913,0.387026,0.284863
914,0.502465,0.566421
915,0.488424,0.793863
916,0.491004,0.795373
917,0.373866,0.795662
918,0.378033,0.474483
919,0.483626,0.658125
920,0.490673,0.429555
921,0.496057,0.660157
922,0.472828,0.472953
923,0.377324,0.598607
924,0.6048,0.607866
925,0.613784,0.423229
926,0.464198,0.608599
927,0.481351,0.565681
928,0.48076,0.423873
929,0.435137,0.4724
930,0.491004,0.796547
931,0.387323,0.612924
932,0.375961,0.795968
933,0.491662,0.421877
934,0.38055,0.430767
935,0.311136,0.234634
936,0.481394,0.794413
937,0.497165,0.792483
938,0.480134,0.571884
939,0.385492,0.472053
940,0.480186,0.661135
941,0.375244,0.600592
942,0.387844,0.611039
943,0.483998,0.607419
944,0.578031,0.659498
945,0.48619,0.795799
946,0.449213,0.656652
947,0.480285,0.658125
948,0.576589,0.430851
949,0.491002,0.612222
950,0.585142,0.471036
951,0.375302,0.658397
952,0.576471,0.611475
953,0.396864,0.470506
954,0.487913,0.659895
955,0.480134,0.336408
956,0.498822,0.785453
957,0.587507,0.638494
958,0.600391,0.796347
959,0.387079,0.798997
960,0.491656,0.434199
961,0.481565,0.659314
962,0.595839,0.568672
963,0.483981,0.566421
964,0.495351,0.609068
965,0.478749,0.784475
966,0.479225,0.657988
967,0.490174,0.609301
968,0.443679,0.462139
969,0.336115,0.472053
970,0.385016,0.609163
971,0.481924,0.567087
972,0.377181,0.648211
973,0.39467,0.4274
974,0.576184,0.421864
975,0.270118,0.609859
976,0.304641,0.334805
977,0.28705,0.438522
978,0.619633,0.793906
979,0.339367,0.794369
980,0.480835,0.29121
981,0.480134,0.608014
982,0.585142,0.793778
983,0.443679,0.608675
984,0.418744,0.471714
985,0.394104,0.794883
986,0.48024,0.796456
987,0.524148,0.609301
988,0.451285,0.784629
989,0.491019,0.472051
990,0.443679,0.422669
991,0.471462,0.79547
992,0.448535,0.470683
993,0.488276,0.79491
994,0.494101,0.237156
995,0.431308,0.656931
996,0.479613,0.79381
997,0.61219,0.600059
998,0.386955,0.609301
999,0.283252,0.616354
0,0.961751,0.724235
1,0.857919,0.887607
2,0.540455,0.740881
3,0.312557,0.447865
4,0.295992,0.379146
5,0.37229,0.324946
6,0.300249,0.257996
7,0.33053,0.226288
8,0.218027,0.26204
9,0.378645,0.281479
10,0.490472,0.429576
11,0.539912,0.609024
12,0.471052,0.608187
13,0.58604,0.420903
14,0.491239,0.475889
15,0.386261,0.424199
16,0.386238,0.613181
17,0.38635,0.788337
18,0.585336,0.609354
19,0.37526,0.380828
20,0.385929,0.658828
21,0.478631,0.488519
22,0.430075,0.659241
23,0.386015,0.610278
24,0.490457,0.472036
25,0.460646,0.609289
26,0.462331,0.470915
27,0.577585,0.794211
28,0.287012,0.795376
29,0.364046,0.607824
30,0.405105,0.243073
31,0.488855,0.428847
32,0.280987,0.795202
33,0.479968,0.334922
34,0.447251,0.799854
35,0.480903,0.288092
36,0.26658,0.795374
37,0.375126,0.608935
38,0.312796,0.264683
39,0.480642,0.381243
40,0.343175,0.795373
41,0.430112,0.382081
42,0.336743,0.794857
43,0.520983,0.470657
44,0.456374,0.796564
45,0.460358,0.609301
46,0.501333,0.326656
47,0.440299,0.6111
48,0.280987,0.238057
49,0.472915,0.608762
50,0.387741,0.520877
51,0.481083,0.474018
52,0.585882,0.658388
53,0.491004,0.471187
54,0.547998,0.60299
55,0.585716,0.806128
56,0.354036,0.423229
57,0.483359,0.669749
58,0.47113,0.382145
59,0.585142,0.794009
60,0.57653,0.71156
61,0.374529,0.607609
62,0.381157,0.336915
63,0.385594,0.793827
64,0.382071,0.460933
65,0.393155,0.609252
66,0.485599,0.42758
67,0.473647,0.292831
68,0.451197,0.567868
69,0.399416,0.566422
70,0.498364,0.423229
71,0.443677,0.786191
72,0.254465,0.608944
73,0.47987,0.33519
74,0.483005,0.66305
75,0.492023,0.434616
76,0.386861,0.422588
77,0.484295,0.333664
78,0.48036,0.795041
79,0.386391,0.609835
80,0.379522,0.610266
81,0.531951,0.608665
82,0.59914,0.379857
83,0.260743,0.795553
84,0.232093,0.606212
85,0.317246,0.568006
86,0.491693,0.472247
87,0.337377,0.378872
88,0.385996,0.79432
89,0.407299,0.413314
90,0.487994,0.608364
91,0.443679,0.709266
92,0.444829,0.608597
93,0.380427,0.52126
94,0.482376,0.567642
95,0.50882,0.619572
96,0.341735,0.371608
97,0.369278,0.65685
98,0.499904,0.423229
99,0.317715,0.423587
100,0.244533,0.609301
101,0.584202,0.47091
102,0.499802,0.79401
103,0.415932,0.338838
104,0.613615,0.566419
105,0.338609,0.472051
106,0.350331,0.428782
107,0.492549,0.471726
108,0.572071,0.601972
109,0.385134,0.381651
110,0.391485,0.565309
111,0.495716,0.658126
112,0.486308,0.424122
113,0.406141,0.608208
114,0.585867,0.609236
115,0.491004,0.472053
116,0.585045,0.804242
117,0.59019,0.658675
118,0.286071,0.795598
119,0.37512,0.422198
120,0.575531,0.476312
121,0.378535,0.284321
122,0.285515,0.429173
123,0.37657,0.61163
124,0.231783,0.599387
125,0.503388,0.427815
126,0.396119,0.795374
127,0.479177,0.520878
128,0.374663,0.613332
129,0.446907,0.470646
130,0.491639,0.608688
131,0.444818,0.423229
132,0.480073,0.658126
133,0.395655,0.658126
134,0.377593,0.607931
135,0.472235,0.793826
136,0.489339,0.566315
137,0.256242,0.470751
138,0.62158,0.795374
139,0.443972,0.608744
140,0.313406,0.65812
141,0.491003,0.472053
142,0.480159,0.65812
143,0.487766,0.606787
144,0.469266,0.609777
145,0.580575,0.469481
146,0.471462,0.792775
147,0.35786,0.608107
148,0.494031,0.520221
149,0.471809,0.605081
150,0.481761,0.609291
151,0.442607,0.609297
152,0.252865,0.334805
153,0.585142,0.797174
154,0.521636,0.380349
155,0.537677,0.608426
156,0.550672,0.556507
157,0.376874,0.658125
158,0.590375,0.609297
159,0.385996,0.601053
160,0.24453,0.509679
161,0.463315,0.794758
162,0.434966,0.184362
163,0.480134,0.423227
164,0.593888,0.805247
165,0.47994,0.655307
166,0.584693,0.599098
167,0.609879,0.658125
168,0.480134,0.608853
169,0.270617,0.424804
170,0.495825,0.658325
171,0.51401,0.656809
172,0.476181,0.284978
173,0.280417,0.61003
174,0.340869,0.472053
175,0.55233,0.658553
176,0.481177,0.614657
177,0.408275,0.471947
178,0.481494,0.285979
179,0.385995,0.609301
180,0.512058,0.331821
181,0.494867,0.673712
182,0.482744,0.423637
183,0.58523,0.796461
184,0.592263,0.607978
185,0.443987,0.471665
186,0.34545,0.235921
187,0.492319,0.380043
188,0.479225,0.663586
189,0.477987,0.797785
190,0.47958,0.285571
191,0.280987,0.800745
192,0.343874,0.572439
193,0.339837,0.613143
194,0.488828,0.470506
195,0.57243,0.607291
196,0.604279,0.795374
197,0.36617,0.470636
198,0.375126,0.421833
199,0.480133,0.598309
200,0.480134,0.411909
201,0.338669,0.236501
202,0.482332,0.60812
203,0.606982,0.609999
204,0.585952,0.471479
205,0.419924,0.442
206,0.585142,0.285845
207,0.480134,0.51637
208,0.491681,0.243782
209,0.303607,0.465324
210,0.500454,0.609297
211,0.585142,0.614302
212,0.585142,0.428677
213,0.506743,0.423229
214,0.492727,0.613281
215,0.610699,0.472053
216,0.422528,0.424615
217,0.444317,0.348513
218,0.481649,0.471043
219,0.480134,0.798383
220,0.574996,0.384199
221,0.471274,0.794504
222,0.280723,0.336779
223,0.484213,0.61016
224,0.301974,0.658458
225,0.515255,0.66071
226,0.480715,0.797007
227,0.350643,0.525189
228,0.443679,0.37941
229,0.375126,0.656582
230,0.585142,0.658126
231,0.488766,0.610008
232,0.497643,0.806335
233,0.400791,0.475617
234,0.480134,0.5752
235,0.595792,0.472156
236,0.501698,0.658125
237,0.384056,0.608146
238,0.595059,0.472053
239,0.585176,0.423534
240,0.367044,0.413315
241,0.390303,0.793969
242,0.29974,0.659102
243,0.444163,0.608606
244,0.493609,0.423322
245,0.450507,0.599387
246,0.584909,0.334805
247,0.479987,0.799223
248,0.57647,0.795551
249,0.604581,0.649037
250,0.374851,0.609573
251,0.480134,0.799369
252,0.467715,0.555177
253,0.234428,0.420857
254,0.387847,0.423432
255,0.441859,0.609301
256,0.502049,0.566244
257,0.443887,0.338117
258,0.424073,0.380011
259,0.40406,0.423341
260,0.375126,0.609301
261,0.575903,0.795374
262,0.499726,0.65831
263,0.586783,0.292471
264,0.338671,0.654908
265,0.480134,0.470512
266,0.585142,0.795374
267,0.588463,0.609301
268,0.498672,0.276675
269,0.585142,0.795374
270,0.576045,0.61154
271,0.292407,0.608926
272,0.584534,0.792739
273,0.601554,0.520878
274,0.424094,0.569446
275,0.431907,0.78546
276,0.492037,0.658126
277,0.401357,0.530962
278,0.490663,0.380349
279,0.611391,0.609301
280,0.586797,0.786102
281,0.360363,0.610257
282,0.480134,0.422653
283,0.398572,0.285907
284,0.480943,0.608807
285,0.489415,0.603176
286,0.601524,0.793715
287,0.587331,0.290726
288,0.467715,0.60798
289,0.351404,0.793825
290,0.488857,0.658125
291,0.502413,0.438401
292,0.518338,0.609356
293,0.606681,0.422705
294,0.375703,0.609297
295,0.598806,0.658462
296,0.479193,0.367257
297,0.585758,0.609822
298,0.426336,0.657962
299,0.233663,0.285974
300,0.255778,0.794989
301,0.305813,0.565549
302,0.447551,0.199685
303,0.567548,0.656745
304,0.463505,0.194179
305,0.479921,0.795531
306,0.537413,0.382891
307,0.487953,0.658432
308,0.482283,0.609297
309,0.502221,0.609995
310,0.372015,0.795583
311,0.479695,0.286438
312,0.477926,0.469513
313,0.487117,0.793999
314,0.481555,0.615667
315,0.480127,0.793265
316,0.385829,0.607753
317,0.374637,0.610819
318,0.377064,0.793473
319,0.497624,0.432918
320,0.375126,0.434585
321,0.467715,0.794992
322,0.585234,0.656772
323,0.386561,0.380349
324,0.515408,0.796997
325,0.584377,0.424191
326,0.58701,0.422603
327,0.511429,0.655827
328,0.479864,0.387458
329,0.497449,0.227421
330,0.277327,0.799122
331,0.611772,0.609806
332,0.511768,0.795584
333,0.480134,0.784951
334,0.238194,0.424031
335,0.578568,0.609301
336,0.585142,0.656653
337,0.292314,0.607774
338,0.270421,0.556505
339,0.340869,0.520029
340,0.389117,0.658126
341,0.231516,0.540939
342,0.496548,0.413314
343,0.493266,0.478648
344,0.24453,0.663499
345,0.391198,0.470584
346,0.590738,0.795718
347,0.377936,0.796135
348,0.365445,0.566704
349,0.331198,0.608138
350,0.376133,0.291179
351,0.383014,0.612121
352,0.245706,0.195092
353,0.375126,0.60902
354,0.254167,0.286375
355,0.486864,0.657806
356,0.48592,0.658351
357,0.389726,0.194277
358,0.483368,0.425332
359,0.459044,0.469352
360,0.513695,0.430144
361,0.606693,0.60844
362,0.40677,0.603416
363,0.522418,0.610785
364,0.386216,0.474684
365,0.374596,0.605905
366,0.385993,0.566422
367,0.480134,0.4284
368,0.493019,0.797203
369,0.312953,0.609301
370,0.437986,0.42991
371,0.467715,0.566421
372,0.349541,0.647758
373,0.388318,0.800499
374,0.494466,0.620346
375,0.594519,0.520878
376,0.482263,0.659861
377,0.505057,0.792891
378,0.606792,0.785396
379,0.388615,0.795374
380,0.480134,0.610075
381,0.375126,0.613286
382,0.366454,0.422609
383,0.338413,0.80035
384,0.40258,0.609301
385,0.581555,0.380826
386,0.516615,0.795274
387,0.537015,0.632476
388,0.480134,0.609301
389,0.480134,0.796094
390,0.498969,0.200222
391,0.338717,0.659572
392,0.400085,0.614488
393,0.584202,0.660973
394,0.572541,0.797266
395,0.479619,0.608623
396,0.375126,0.609301
397,0.616586,0.801644
398,0.349431,0.471613
399,0.340466,0.423229
400,0.576321,0.794141
401,0.322462,0.243126
402,0.480134,0.380503
403,0.349541,0.610039
404,0.330375,0.793362
405,0.476254,0.557426
406,0.342065,0.237154
407,0.50395,0.287407
408,0.511914,0.658125
409,0.392055,0.658654
410,0.480562,0.796126
411,0.576471,0.609301
412,0.467202,0.42194
413,0.382232,0.609573
414,0.472191,0.566421
415,0.480134,0.470662
416,0.602271,0.798277
417,0.362707,0.285981
418,0.37526,0.614101
419,0.340381,0.795373
420,0.520087,0.607278
421,0.392104,0.337744
422,0.480134,0.615136
423,0.374241,0.659275
424,0.280562,0.291003
425,0.503889,0.423228
426,0.528485,0.427627
427,0.493676,0.519807
428,0.379575,0.379593
429,0.497324,0.427601
430,0.493274,0.424892
431,0.585142,0.658125
432,0.244533,0.6095
433,0.585269,0.608217
434,0.375125,0.663202
435,0.421338,0.656962
436,0.375126,0.427612
437,0.478648,0.609301
438,0.480134,0.599914
439,0.491004,0.467495
440,0.587629,0.658125
441,0.396893,0.341446
442,0.507941,0.658019
443,0.479847,0.429746
444,0.513528,0.379972
445,0.384482,0.472053
446,0.481675,0.795321
447,0.591053,0.797193
448,0.495897,0.663093
449,0.38628,0.471477
450,0.459677,0.422721
451,0.375423,0.656805
452,0.570285,0.191845
453,0.338965,0.658125
454,0.480382,0.610379
455,0.600556,0.658125
456,0.280672,0.236686
457,0.421848,0.470832
458,0.375755,0.662959
459,0.338968,0.795478
460,0.272118,0.79573
461,0.585142,0.796492
462,0.385996,0.60998
463,0.314224,0.658125
464,0.584604,0.380556
465,0.563596,0.659718
466,0.480134,0.423229
467,0.479231,0.795373
468,0.490605,0.658545
469,0.375126,0.656099
470,0.619968,0.520231
471,0.374932,0.657986
472,0.50341,0.610398
473,0.479636,0.659874
474,0.482636,0.42271
475,0.499492,0.423857
476,0.577869,0.796332
477,0.385996,0.468401
478,0.233663,0.656213
479,0.514081,0.642918
480,0.593285,0.472053
481,0.488913,0.608277
482,0.48012,0.563672
483,0.283547,0.193474
484,0.385056,0.795225
485,0.476427,0.456357
486,0.319948,0.473542
487,0.374937,0.657349
488,0.487936,0.663561
489,0.38305,0.80183
490,0.444108,0.658125
491,0.482167,0.608047
492,0.491004,0.598131
493,0.518169,0.795203
494,0.386638,0.786562
495,0.634365,0.462313
496,0.338156,0.380349
497,0.491818,0.79917
498,0.443679,0.613387
499,0.344731,0.607928
500,0.582995,0.380869
501,0.433232,0.607639
502,0.493754,0.78278
503,0.540089,0.65745
504,0.480134,0.783914
505,0.375126,0.426493
506,0.396939,0.795209
507,0.401091,0.658125
508,0.5401,0.609301
509,0.503163,0.616945
510,0.590906,0.657174
511,0.389696,0.609301
512,0.48063,0.237156
513,0.375126,0.472053
514,0.337275,0.617748
515,0.449181,0.334739
516,0.586519,0.795288
517,0.596112,0.609301
518,0.483151,0.657448
519,0.506893,0.795502
520,0.375124,0.379983
521,0.58373,0.424576
522,0.385996,0.607561
523,0.521076,0.795395
524,0.480134,0.608093
525,0.396987,0.60815
526,0.479168,0.656574
527,0.585142,0.600996
528,0.385996,0.519429
529,0.519988,0.429173
530,0.472907,0.469099
531,0.375126,0.609301
532,0.358756,0.605462
533,0.613162,0.253816
534,0.386877,0.566474
535,0.443451,0.472345
536,0.480329,0.421814
537,0.550244,0.607478
538,0.589625,0.656699
539,0.585798,0.426175
540,0.584603,0.608079
541,0.480134,0.658355
542,0.338671,0.341148
543,0.40157,0.607886
544,0.544625,0.611199
545,0.471462,0.277806
546,0.515601,0.71154
547,0.366454,0.424227
548,0.373761,0.795373
549,0.426346,0.364862
550,0.27978,0.5669
551,0.524566,0.481477
552,0.399885,0.795373
553,0.37672,0.454975
554,0.57647,0.801209
555,0.597556,0.421418
556,0.585142,0.422437
557,0.435008,0.566845
558,0.384172,0.609595
559,0.572723,0.472053
560,0.515221,0.429173
561,0.604812,0.470651
562,0.59084,0.800858
563,0.375429,0.285981
564,0.480095,0.794176
565,0.310901,0.476082
566,0.485031,0.472099
567,0.375832,0.566421
568,0.597639,0.609461
569,0.398435,0.79874
570,0.366454,0.795373
571,0.584576,0.794239
572,0.374324,0.795366
573,0.385996,0.423709
574,0.385996,0.609301
575,0.480403,0.610667
576,0.601332,0.656118
577,0.51308,0.56561
578,0.585142,0.61126
579,0.590122,0.383917
580,0.480134,0.785425
581,0.57647,0.227455
582,0.382059,0.609102
583,0.411282,0.775545
584,0.313095,0.350588
585,0.572824,0.657312
586,0.61122,0.422524
587,0.430691,0.794895
588,0.506956,0.797219
589,0.279298,0.613268
590,0.484613,0.517803
591,0.4991,0.472053
592,0.313546,0.658212
593,0.524264,0.658125
594,0.384944,0.607908
595,0.383131,0.609301
596,0.596138,0.283905
597,0.324137,0.795377
598,0.490064,0.674722
599,0.479966,0.469969
600,0.475268,0.423314
601,0.372272,0.482435
602,0.472756,0.795992
603,0.25144,0.421811
604,0.366283,0.194141
605,0.482332,0.658018
606,0.477987,0.79489
607,0.421137,0.622221
608,0.587134,0.607875
609,0.504813,0.609016
610,0.37475,0.795865
611,0.480134,0.423229
612,0.278841,0.658125
613,0.286595,0.56699
614,0.572723,0.795373
615,0.514116,0.337392
616,0.491003,0.612232
617,0.381427,0.470506
618,0.49773,0.380349
619,0.354036,0.794417
620,0.471442,0.803305
621,0.590276,0.536618
622,0.57647,0.470816
623,0.380904,0.657396
624,0.374703,0.608735
625,0.502702,0.42235
626,0.579998,0.794479
627,0.271203,0.655689
628,0.509713,0.283178
629,0.496688,0.211137
630,0.396489,0.568904
631,0.465598,0.521127
632,0.372979,0.380349
633,0.572211,0.428528
634,0.586849,0.47166
635,0.388194,0.657886
636,0.45224,0.423229
637,0.515578,0.61018
638,0.465568,0.608336
639,0.396763,0.471102
640,0.491272,0.609301
641,0.557314,0.784614
642,0.49108,0.795373
643,0.28403,0.611075
644,0.255193,0.608979
645,0.374265,0.470638
646,0.498536,0.334077
647,0.480134,0.42713
648,0.34104,0.609688
649,0.391912,0.242789
650,0.338712,0.609301
651,0.596241,0.423228
652,0.491004,0.423229
653,0.375125,0.472053
654,0.491676,0.50967
655,0.452694,0.205878
656,0.383849,0.470503
657,0.488924,0.472996
658,0.415488,0.421678
659,0.447816,0.609299
660,0.269437,0.184363
661,0.584906,0.784125
662,0.463214,0.791491
663,0.491004,0.794217
664,0.49423,0.608855
665,0.512197,0.785459
666,0.387627,0.530925
667,0.251498,0.606964
668,0.385996,0.519708
669,0.429245,0.423229
670,0.480134,0.795373
671,0.417514,0.673292
672,0.62144,0.522326
673,0.594332,0.570691
674,0.374623,0.609301
675,0.467715,0.661744
676,0.385999,0.409579
677,0.582833,0.656472
678,0.338671,0.429173
679,0.585142,0.656766
680,0.484972,0.658125
681,0.385993,0.472143
682,0.233663,0.423776
683,0.385457,0.795525
684,0.300119,0.470958
685,0.300837,0.463556
686,0.471755,0.608323
687,0.55788,0.609301
688,0.347666,0.200724
689,0.516188,0.570091
690,0.480134,0.472582
691,0.375358,0.657237
692,0.484536,0.609468
693,0.491004,0.609628
694,0.480134,0.417055
695,0.375126,0.651328
696,0.635717,0.658125
697,0.282662,0.791435
698,0.291855,0.656671
699,0.375126,0.794608
700,0.363821,0.608236
701,0.448096,0.785459
702,0.481807,0.794067
703,0.340869,0.597185
704,0.421647,0.656836
705,0.480179,0.472951
706,0.375126,0.796249
707,0.373281,0.609301
708,0.389067,0.623355
709,0.282222,0.380229
710,0.504325,0.337158
711,0.54611,0.793712
712,0.602966,0.795158
713,0.374661,0.421375
714,0.585142,0.608418
715,0.586585,0.613784
716,0.597644,0.566421
717,0.381958,0.611068
718,0.338321,0.798104
719,0.521067,0.658125
720,0.435027,0.659072
721,0.385862,0.421919
722,0.396866,0.794071
723,0.490993,0.785459
724,0.585505,0.682861
725,0.584589,0.658761
726,0.498268,0.294466
727,0.488173,0.521112
728,0.572903,0.658803
729,0.562335,0.609301
730,0.481858,0.609265
731,0.380313,0.423229
732,0.575531,0.422443
733,0.487371,0.194074
734,0.410937,0.473636
735,0.356743,0.779708
736,0.396656,0.795373
737,0.585142,0.607994
738,0.49261,0.793825
739,0.488044,0.472299
740,0.47123,0.472048
741,0.58918,0.79537
742,0.504652,0.796301
743,0.412229,0.423111
744,0.459699,0.658858
745,0.388209,0.607709
746,0.585094,0.609301
747,0.375126,0.566031
748,0.475727,0.66339
749,0.585214,0.784127
750,0.377324,0.795787
751,0.620338,0.380348
752,0.388655,0.658125
753,0.264407,0.379741
754,0.383012,0.379754
755,0.585142,0.381402
756,0.525222,0.566421
757,0.33568,0.794284
758,0.585142,0.657662
759,0.375126,0.565203
760,0.373577,0.793603
761,0.506697,0.610172
762,0.385996,0.236684
763,0.499343,0.612802
764,0.507082,0.658733
765,0.302216,0.608395
766,0.385996,0.795138
767,0.601925,0.61432
768,0.491004,0.795372
769,0.388194,0.656785
770,0.495943,0.658158
771,0.305342,0.52039
772,0.379055,0.237156
773,0.491104,0.795373
774,0.441247,0.795085
775,0.497898,0.60911
776,0.504588,0.609301
777,0.39008,0.519256
778,0.479179,0.520877
779,0.374186,0.609301
780,0.585142,0.392314
781,0.425845,0.428257
782,0.582893,0.566213
783,0.271576,0.151575
784,0.290605,0.797241
785,0.245823,0.470811
786,0.470523,0.794849
787,0.445675,0.660759
788,0.4344,0.415443
789,0.482199,0.608118
790,0.49178,0.608287
791,0.491004,0.394356
792,0.490636,0.61003
793,0.267808,0.413515
794,0.470971,0.557123
795,0.57333,0.397267
796,0.294495,0.611318
797,0.520034,0.795793
798,0.602073,0.61451
799,0.521345,0.423274
800,0.585142,0.433777
801,0.400846,0.477845
802,0.283183,0.795373
803,0.479586,0.422024
804,0.384464,0.793829
805,0.398103,0.609743
806,0.401963,0.473803
807,0.375046,0.796035
808,0.366779,0.785604
809,0.474536,0.434615
810,0.621907,0.423229
811,0.33683,0.612988
812,0.375126,0.421134
813,0.33,0.657415
814,0.443679,0.795376
815,0.488743,0.613242
816,0.519944,0.584014
817,0.365552,0.427801
818,0.35031,0.413974
819,0.584805,0.796272
820,0.491004,0.795321
821,0.471777,0.798099
822,0.385995,0.471334
823,0.585142,0.612093
824,0.444478,0.423857
825,0.39438,0.796891
826,0.585474,0.421819
827,0.388851,0.609301
828,0.488856,0.649636
829,0.486275,0.470503
830,0.359523,0.795285
831,0.490231,0.566421
832,0.577103,0.472053
833,0.583936,0.414178
834,0.58737,0.793959
835,0.471462,0.470655
836,0.400167,0.609332
837,0.297104,0.519631
838,0.612024,0.795373
839,0.576521,0.795941
840,0.287346,0.566769
841,0.349541,0.6093
842,0.302214,0.6093
843,0.368449,0.628945
844,0.481521,0.422333
845,0.444414,0.607893
846,0.448468,0.794766
847,0.509708,0.550628
848,0.398122,0.547103
849,0.576561,0.472239
850,0.585048,0.233341
851,0.531626,0.668597
852,0.233663,0.794773
853,0.443647,0.370402
854,0.385996,0.609301
855,0.480134,0.413543
856,0.446435,0.471652
857,0.563844,0.239679
858,0.608287,0.6093
859,0.338133,0.608497
860,0.490064,0.795373
861,0.39009,0.608873
862,0.376811,0.565751
863,0.514346,0.390098
864,0.476438,0.794586
865,0.263621,0.608213
866,0.47862,0.657797
867,0.481399,0.793018
868,0.401745,0.798114
869,0.270118,0.395678
870,0.500518,0.421858
871,0.481005,0.392331
872,0.58784,0.195879
873,0.35943,0.610926
874,0.480155,0.423324
875,0.503211,0.521721
876,0.255403,0.470469
877,0.515285,0.796351
878,0.252183,0.795288
879,0.292605,0.337825
880,0.623808,0.469775
881,0.375126,0.610523
882,0.375126,0.425124
883,0.385404,0.783909
884,0.464922,0.517834
885,0.584396,0.79486
886,0.397492,0.801763
887,0.476142,0.796089
888,0.494867,0.469462
889,0.469957,0.60904
890,0.375269,0.613803
891,0.385996,0.609069
892,0.463255,0.609056
893,0.385996,0.470701
894,0.46906,0.423965
895,0.233663,0.681375
896,0.491004,0.656582
897,0.298436,0.43704
898,0.481257,0.422383
899,0.6158,0.609301
900,0.6104,0.424147
901,0.490111,0.658125
902,0.469582,0.472339
903,0.505519,0.36462
904,0.386341,0.421169
905,0.383782,0.795617
906,0.261446,0.609301
907,0.388037,0.520877
908,0.401531,0.609301
909,0.389684,0.613537
910,0.499095,0.425632
911,0.488956,0.792737
912,0.61423,0.608264
913,0.599741,0.429155
914,0.584754,0.608819
915,0.399957,0.607967
916,0.293,0.423229
917,0.57647,0.794738
918,0.496406,0.471735
919,0.411438,0.606682
920,0.585342,0.795602
921,0.5907,0.598817
922,0.411661,0.698733
923,0.471462,0.470805
924,0.497124,0.472004
925,0.586005,0.608482
926,0.444827,0.46982
927,0.478758,0.425899
928,0.587617,0.600476
929,0.479623,0.799823
930,0.443677,0.611175
931,0.584574,0.472053
932,0.59523,0.470745
933,0.479567,0.796068
934,0.377108,0.658125
935,0.459044,0.607509
936,0.264886,0.609646
937,0.473002,0.656827
938,0.438652,0.424758
939,0.354656,0.658155
940,0.471463,0.608359
941,0.498318,0.65305
942,0.632995,0.801243
943,0.388673,0.655899
944,0.595941,0.566417
945,0.477987,0.606992
946,0.600582,0.471894
947,0.303478,0.598376
948,0.421376,0.539099
949,0.585142,0.616144
950,0.389937,0.613225
951,0.394261,0.286713
952,0.377114,0.793653
953,0.348173,0.416373
954,0.300988,0.658519
955,0.472778,0.498686
956,0.480134,0.784065
957,0.471592,0.656778
958,0.585164,0.424069
959,0.502991,0.472053
960,0.585061,0.33462
961,0.585142,0.658125
962,0.336524,0.794178
963,0.375,0.627267
964,0.501427,0.658761
965,0.598722,0.462139
966,0.471462,0.656557
967,0.491244,0.657754
968,0.525538,0.656601
969,0.394228,0.287734
970,0.480134,0.423229
971,0.585142,0.794412
972,0.514227,0.799635
973,0.514459,0.794669
974,0.585142,0.796713
975,0.210582,0.658118
976,0.291858,0.565363
977,0.366454,0.611986
978,0.245233,0.795373
979,0.38224,0.422629
980,0.595505,0.609301
981,0.385877,0.426259
982,0.391541,0.429628
983,0.59453,0.519798
984,0.343554,0.436193
985,0.448395,0.61115
986,0.431261,0.609301
987,0.512761,0.667729
988,0.394977,0.429662
989,0.493311,0.656576
990,0.387583,0.423695
991,0.494239,0.287476
992,0.379476,0.60765
993,0.432242,0.470504
994,0.468409,0.793434
995,0.374612,0.470209
996,0.387286,0.381373
997,0.385795,0.429173
998,0.236583,0.194352
999,0.287954,0.431302
0,0.968381,0.907623
1,0.895341,0.806879
2,0.481728,0.672007
3,0.417181,0.316499
4,0.281682,0.256999
5,0.294334,0.404815
6,0.358857,0.378724
7,0.306133,0.246174
8,0.38091,0.25709
9,0.314346,0.299115
10,0.474824,0.432767
11,0.25543,0.409685
12,0.435087,0.471977
13,0.468038,0.795047
14,0.577651,0.796314
15,0.585634,0.6579
16,0.498773,0.785348
17,0.384499,0.337463
18,0.365889,0.799415
19,0.535554,0.47642
20,0.443683,0.609303
21,0.585093,0.799565
22,0.480067,0.690092
23,0.374588,0.436671
24,0.602534,0.609301
25,0.480134,0.520877
26,0.49883,0.656707
27,0.490129,0.794504
28,0.480895,0.607806
29,0.396845,0.608
30,0.369285,0.609301
31,0.483518,0.520869
32,0.521906,0.60871
33,0.412363,0.785134
34,0.481484,0.334805
35,0.401975,0.290638
36,0.532535,0.566453
37,0.443679,0.613545
38,0.586233,0.42151
39,0.585142,0.657144
40,0.498275,0.397728
41,0.485874,0.425863
42,0.481264,0.658038
43,0.283101,0.658181
44,0.519018,0.570401
45,0.396865,0.794361
46,0.584557,0.79539
47,0.480134,0.647198
48,0.5925,0.646977
49,0.595038,0.612152
50,0.601181,0.795373
51,0.585142,0.793877
52,0.479152,0.793876
53,0.375115,0.419979
54,0.374709,0.472561
55,0.432663,0.423756
56,0.603186,0.286113
57,0.473975,0.656862
58,0.49536,0.566272
59,0.477587,0.795373
60,0.524981,0.658125
61,0.585119,0.472466
62,0.465097,0.475144
63,0.490334,0.599387
64,0.584718,0.61
65,0.591533,0.519335
66,0.480365,0.658125
67,0.499393,0.658125
68,0.587675,0.471011
69,0.465568,0.659587
70,0.572723,0.658125
71,0.3645,0.471481
72,0.343618,0.566421
73,0.572434,0.657367
74,0.585274,0.609301
75,0.57647,0.609301
76,0.422316,0.507664
77,0.402644,0.658125
78,0.491004,0.656468
79,0.510116,0.610152
80,0.270118,0.79628
81,0.583596,0.151397
82,0.478099,0.423291
83,0.583143,0.380349
84,0.345098,0.434911
85,0.465568,0.478366
86,0.586059,0.609784
87,0.491004,0.607912
88,0.396704,0.662046
89,0.481113,0.472601
90,0.506619,0.606367
91,0.501496,0.66129
92,0.349157,0.659454
93,0.57647,0.423229
94,0.607651,0.42275
95,0.482332,0.794936
96,0.50637,0.658282
97,0.388375,0.472522
98,0.585142,0.610933
99,0.412342,0.413693
100,0.372978,0.657412
101,0.576024,0.42917
102,0.585142,0.284752
103,0.496728,0.324891
104,0.631262,0.793828
105,0.473719,0.332802
106,0.504696,0.472319
107,0.533671,0.472045
108,0.480134,0.510995
109,0.404891,0.50039
110,0.30794,0.797807
111,0.443679,0.429173
112,0.585142,0.608318
113,0.607712,0.662162
114,0.401802,0.609382
115,0.491004,0.286558
116,0.479653,0.609973
117,0.480134,0.243085
118,0.224052,0.429706
119,0.433379,0.609301
120,0.585142,0.606957
121,0.592675,0.795045
122,0.340168,0.470595
123,0.571975,0.474148
124,0.398719,0.236593
125,0.386281,0.609889
126,0.4907,0.237156
127,0.496099,0.565205
128,0.365978,0.470462
129,0.44408,0.606766
130,0.549749,0.659831
131,0.490857,0.656575
132,0.390575,0.471983
133,0.494222,0.61005
134,0.339935,0.378534
135,0.480432,0.794644
136,0.389072,0.795918
137,0.436379,0.596505
138,0.385995,0.581958
139,0.584651,0.634758
140,0.491004,0.658125
141,0.394718,0.65973
142,0.480133,0.56883
143,0.588735,0.792085
144,0.480134,0.475548
145,0.338921,0.423229
146,0.481535,0.475799
147,0.489839,0.607923
148,0.373253,0.658125
149,0.244993,0.795576
150,0.586621,0.567709
151,0.611678,0.520877
152,0.421172,0.563536
153,0.505203,0.423229
154,0.595941,0.285981
155,0.339461,0.614114
156,0.37385,0.55673
157,0.371595,0.472266
158,0.482332,0.424822
159,0.561329,0.421835
160,0.505022,0.793647
161,0.274876,0.609088
162,0.5884,0.658125
163,0.605683,0.795373
164,0.602247,0.56539
165,0.491065,0.607689
166,0.600415,0.795803
167,0.525798,0.472053
168,0.610443,0.796458
169,0.584099,0.657641
170,0.491111,0.658751
171,0.480134,0.609209
172,0.355941,0.60817
173,0.380969,0.607236
174,0.49069,0.795633
175,0.386595,0.798337
176,0.377324,0.794521
177,0.491004,0.609301
178,0.387579,0.780725
179,0.491004,0.607639
180,0.315312,0.796354
181,0.484916,0.800179
182,0.437238,0.7945
183,0.419596,0.423228
184,0.556837,0.472118
185,0.386766,0.658117
186,0.432847,0.666846
187,0.33826,0.47077
188,0.603369,0.795203
189,0.501555,0.426249
190,0.280988,0.611763
191,0.443104,0.566421
192,0.496852,0.236336
193,0.585742,0.610116
194,0.480134,0.796044
195,0.589,0.42243
196,0.396386,0.334929
197,0.38459,0.614484
198,0.514894,0.380349
199,0.492842,0.486179
200,0.467715,0.613017
201,0.543432,0.80382
202,0.480133,0.79383
203,0.343617,0.197085
204,0.479772,0.609301
205,0.480133,0.462928
206,0.443679,0.595754
207,0.489864,0.794822
208,0.402035,0.796024
209,0.59045,0.795539
210,0.386339,0.518453
211,0.585084,0.425823
212,0.375126,0.193322
213,0.480134,0.285981
214,0.585142,0.609952
215,0.349541,0.380349
216,0.299684,0.794847
217,0.360067,0.607902
218,0.544238,0.474582
219,0.47288,0.237156
220,0.506243,0.608894
221,0.588533,0.609301
222,0.47639,0.609255
223,0.585142,0.609987
224,0.246486,0.609301
225,0.408676,0.594101
226,0.495406,0.65786
227,0.585142,0.607317
228,0.586566,0.658307
229,0.520601,0.795373
230,0.49387,0.657692
231,0.584834,0.324889
232,0.478722,0.337481
233,0.466038,0.610076
234,0.435008,0.658278
235,0.491354,0.609301
236,0.491156,0.607905
237,0.338671,0.567294
238,0.490498,0.291925
239,0.611726,0.656833
240,0.480981,0.422804
241,0.40871,0.422768
242,0.375126,0.609364
243,0.443928,0.290589
244,0.59488,0.609301
245,0.584396,0.613419
246,0.585246,0.610404
247,0.343227,0.51499
248,0.366454,0.660324
249,0.479578,0.648637
250,0.585142,0.656607
251,0.33,0.471903
252,0.280988,0.609519
253,0.480134,0.795373
254,0.388919,0.422791
255,0.484429,0.428376
256,0.47114,0.656673
257,0.33895,0.520608
258,0.585142,0.609301
259,0.375781,0.609301
260,0.473661,0.604122
261,0.413209,0.658125
262,0.479898,0.472952
263,0.576471,0.423229
264,0.585142,0.474138
265,0.584692,0.60859
266,0.383383,0.612377
267,0.46498,0.773276
268,0.510077,0.65528
269,0.349477,0.609301
270,0.38097,0.784022
271,0.487421,0.609298
272,0.478585,0.382509
273,0.402143,0.798151
274,0.58563,0.609563
275,0.490843,0.658484
276,0.480134,0.784619
277,0.405946,0.608498
278,0.367046,0.609301
279,0.302217,0.470495
280,0.502044,0.793576
281,0.385695,0.519388
282,0.385996,0.462139
283,0.265574,0.567232
284,0.490443,0.469261
285,0.574996,0.428528
286,0.490726,0.794139
287,0.338143,0.655448
288,0.489831,0.615197
289,0.270118,0.599387
290,0.281647,0.609077
291,0.491004,0.612642
292,0.473882,0.609301
293,0.494492,0.384156
294,0.585142,0.520877
295,0.291734,0.379094
296,0.394469,0.607751
297,0.479606,0.384507
298,0.584688,0.78475
299,0.386282,0.420689
300,0.448115,0.471697
301,0.516165,0.472891
302,0.507886,0.609138
303,0.443679,0.380207
304,0.403761,0.789898
305,0.446938,0.410543
306,0.385996,0.286121
307,0.367494,0.658039
308,0.602486,0.520877
309,0.480134,0.801099
310,0.653224,0.597902
311,0.491029,0.613277
312,0.299638,0.607199
313,0.385421,0.6577
314,0.582995,0.655649
315,0.467798,0.609301
316,0.488309,0.475102
317,0.480134,0.658584
318,0.488451,0.381028
319,0.49227,0.236824
320,0.586013,0.565072
321,0.556502,0.56473
322,0.390718,0.797769
323,0.507329,0.713003
324,0.375126,0.423057
325,0.446263,0.227713
326,0.489314,0.674765
327,0.58521,0.427272
328,0.386142,0.648211
329,0.291858,0.379814
330,0.500885,0.423229
331,0.385499,0.423236
332,0.459044,0.60917
333,0.517278,0.567142
334,0.529069,0.656313
335,0.587021,0.42491
336,0.478772,0.491174
337,0.491004,0.658826
338,0.491004,0.650052
339,0.491469,0.287219
340,0.480134,0.42906
341,0.385629,0.658125
342,0.366455,0.795723
343,0.385,0.796034
344,0.467959,0.657113
345,0.366455,0.472048
346,0.386444,0.567556
347,0.480134,0.614206
348,0.348447,0.610723
349,0.587972,0.423229
350,0.480134,0.609469
351,0.501748,0.623482
352,0.443105,0.785459
353,0.471586,0.56695
354,0.488123,0.795373
355,0.336524,0.648375
356,0.491004,0.465636
357,0.521043,0.657033
358,0.443717,0.609759
359,0.481425,0.609299
360,0.490463,0.658327
361,0.586492,0.793076
362,0.269178,0.238653
363,0.381193,0.808774
364,0.375242,0.422594
365,0.493575,0.470532
366,0.576841,0.498369
367,0.587964,0.614545
368,0.526896,0.469308
369,0.492282,0.597839
370,0.37612,0.412723
371,0.505057,0.384997
372,0.378393,0.472051
373,0.404679,0.655758
374,0.338228,0.793155
375,0.490383,0.423428
376,0.484932,0.657629
377,0.375447,0.609542
378,0.252775,0.657967
379,0.482755,0.607857
380,0.372404,0.793997
381,0.484866,0.796973
382,0.289934,0.658125
383,0.585795,0.795833
384,0.58279,0.79965
385,0.616309,0.588058
386,0.377572,0.598784
387,0.38039,0.520877
388,0.338258,0.795373
389,0.490022,0.658528
390,0.375126,0.609283
391,0.376706,0.607756
392,0.478702,0.285979
393,0.463671,0.609301
394,0.406061,0.47457
395,0.585927,0.794983
396,0.440659,0.379906
397,0.396866,0.459867
398,0.576471,0.658835
399,0.373992,0.793945
400,0.284951,0.79639
401,0.405188,0.429173
402,0.283015,0.247603
403,0.263138,0.471322
404,0.492486,0.429173
405,0.622263,0.658125
406,0.375126,0.612314
407,0.385996,0.471478
408,0.621882,0.608912
409,0.379936,0.608731
410,0.410342,0.427627
411,0.330239,0.795613
412,0.383001,0.802154
413,0.389685,0.472053
414,0.458564,0.429173
415,0.605829,0.42209
416,0.377251,0.795373
417,0.523693,0.795494
418,0.472926,0.795989
419,0.480134,0.795009
420,0.513028,0.284913
421,0.576471,0.609377
422,0.405377,0.462139
423,0.480942,0.60932
424,0.477987,0.472744
425,0.287404,0.795373
426,0.60527,0.294452
427,0.343894,0.423977
428,0.516655,0.795373
429,0.40015,0.795144
430,0.349541,0.795464
431,0.375887,0.609698
432,0.366636,0.609648
433,0.492984,0.286089
434,0.430001,0.796133
435,0.470691,0.566573
436,0.477987,0.61011
437,0.445781,0.420708
438,0.467716,0.597991
439,0.471463,0.419258
440,0.585289,0.793908
441,0.70262,0.413315
442,0.377022,0.487662
443,0.385996,0.609301
444,0.490594,0.422618
445,0.585142,0.472053
446,0.412473,0.658877
447,0.397505,0.795663
448,0.579401,0.422388
449,0.388194,0.607426
450,0.396866,0.790539
451,0.487301,0.787385
452,0.385828,0.795373
453,0.59193,0.658191
454,0.389142,0.436297
455,0.265265,0.656942
456,0.467716,0.225379
457,0.584015,0.42336
458,0.443678,0.608546
459,0.386208,0.658125
460,0.385954,0.521503
461,0.207584,0.384762
462,0.375126,0.472053
463,0.480134,0.658551
464,0.506576,0.472353
465,0.481123,0.795373
466,0.517248,0.421665
467,0.585142,0.359769
468,0.585142,0.566421
469,0.280988,0.472051
470,0.480548,0.57173
471,0.37346,0.619046
472,0.578334,0.795373
473,0.364681,0.609301
474,0.584402,0.423229
475,0.482332,0.520876
476,0.468435,0.387334
477,0.29169,0.475383
478,0.576471,0.192297
479,0.585142,0.608594
480,0.585028,0.656718
481,0.576471,0.608327
482,0.40115,0.657899
483,0.33,0.286067
484,0.375126,0.566421
485,0.606909,0.464118
486,0.468009,0.566421
487,0.481016,0.520877
488,0.510677,0.61466
489,0.397516,0.658958
490,0.49443,0.618581
491,0.587022,0.472053
492,0.243668,0.608176
493,0.291858,0.795022
494,0.492353,0.475685
495,0.492691,0.609121
496,0.597781,0.609301
497,0.477856,0.658125
498,0.346535,0.612579
499,0.617056,0.609158
500,0.481664,0.794257
501,0.489878,0.333994
502,0.591631,0.429173
503,0.403386,0.796666
504,0.585142,0.638297
505,0.365891,0.569502
506,0.47135,0.472053
507,0.494343,0.610168
508,0.4233,0.632804
509,0.491004,0.798769
510,0.585142,0.6101
511,0.593445,0.58963
512,0.497143,0.393922
513,0.505805,0.795026
514,0.48257,0.380348
515,0.374547,0.6587
516,0.298476,0.795373
517,0.281719,0.565421
518,0.385996,0.606204
519,0.385996,0.609301
520,0.391181,0.413321
521,0.387486,0.611757
522,0.594769,0.658125
523,0.5846,0.612125
524,0.483025,0.607989
525,0.632892,0.606944
526,0.478182,0.614659
527,0.480134,0.413315
528,0.347314,0.337831
529,0.338671,0.611059
530,0.492875,0.796545
531,0.38361,0.608888
532,0.498151,0.79406
533,0.480134,0.430935
534,0.490939,0.423008
535,0.50842,0.242539
536,0.582995,0.380349
537,0.291699,0.795373
538,0.298705,0.792735
539,0.376194,0.794553
540,0.484063,0.797959
541,0.358595,0.423219
542,0.416849,0.472053
543,0.375038,0.793518
544,0.304152,0.786547
545,0.387519,0.521524
546,0.378015,0.422317
547,0.388803,0.795167
548,0.481072,0.795373
549,0.477837,0.795373
550,0.479412,0.194277
551,0.491035,0.609301
552,0.49503,0.663552
553,0.586145,0.380349
554,0.478443,0.798925
555,0.585142,0.658125
556,0.479774,0.472051
557,0.256824,0.334805
558,0.374467,0.429531
559,0.493218,0.793399
560,0.38621,0.471169
561,0.403245,0.79509
562,0.269889,0.794789
563,0.574784,0.293523
564,0.490103,0.658125
565,0.575896,0.607577
566,0.397036,0.609301
567,0.377587,0.608965
568,0.611119,0.607094
569,0.479759,0.60721
570,0.378237,0.793532
571,0.589081,0.471322
572,0.450655,0.609031
573,0.377038,0.795373
574,0.388557,0.380293
575,0.385821,0.609301
576,0.377324,0.380302
577,0.480134,0.383388
578,0.638627,0.651949
579,0.5737,0.381544
580,0.375381,0.795407
581,0.49044,0.665551
582,0.586252,0.424246
583,0.438089,0.795373
584,0.443679,0.255101
585,0.479194,0.795373
586,0.480134,0.785459
587,0.471566,0.566502
588,0.362252,0.478517
589,0.481185,0.454005
590,0.386587,0.472208
591,0.375126,0.658211
592,0.382469,0.472053
593,0.482431,0.608009
594,0.404216,0.285092
595,0.585142,0.470768
596,0.375126,0.794741
597,0.395496,0.662234
598,0.393293,0.470853
599,0.479169,0.794945
600,0.586101,0.665115
601,0.379649,0.698197
602,0.329836,0.380279
603,0.377324,0.608146
604,0.450294,0.795611
605,0.49067,0.795373
606,0.585142,0.785459
607,0.575983,0.442281
608,0.508777,0.471286
609,0.372637,0.616683
610,0.485256,0.609756
611,0.349216,0.794459
612,0.385996,0.658777
613,0.585142,0.799297
614,0.599372,0.641762
615,0.477783,0.793899
616,0.482742,0.796076
617,0.508653,0.599387
618,0.376411,0.610255
619,0.518725,0.566339
620,0.339036,0.610658
621,0.471463,0.656948
622,0.50933,0.609301
623,0.480169,0.646664
624,0.375126,0.793119
625,0.391624,0.598957
626,0.498977,0.657053
627,0.50144,0.70717
628,0.419249,0.423361
629,0.576471,0.609301
630,0.498559,0.291925
631,0.503901,0.61484
632,0.572724,0.793825
633,0.621609,0.658125
634,0.495901,0.379657
635,0.393614,0.795373
636,0.589086,0.383859
637,0.483685,0.422141
638,0.573572,0.795807
639,0.574124,0.793104
640,0.585142,0.608841
641,0.589881,0.655653
642,0.374667,0.474585
643,0.616249,0.608391
644,0.517096,0.426585
645,0.471609,0.599387
646,0.345385,0.609301
647,0.280811,0.477305
648,0.385996,0.655918
649,0.482725,0.795373
650,0.302217,0.795843
651,0.432803,0.386334
652,0.585142,0.433876
653,0.569647,0.658123
654,0.584587,0.656774
655,0.477623,0.795373
656,0.603103,0.236366
657,0.478588,0.470989
658,0.375284,0.378042
659,0.61821,0.608644
660,0.481802,0.793758
661,0.305863,0.795373
662,0.585035,0.420946
663,0.486542,0.429173
664,0.582524,0.473183
665,0.567799,0.426242
666,0.585142,0.600874
667,0.487545,0.428983
668,0.380457,0.792643
669,0.599847,0.341374
670,0.460101,0.237353
671,0.459415,0.785034
672,0.233663,0.420931
673,0.481312,0.564211
674,0.571333,0.423229
675,0.488674,0.611261
676,0.471463,0.467695
677,0.584841,0.60912
678,0.491004,0.647133
679,0.44412,0.470594
680,0.4907,0.262018
681,0.483218,0.609301
682,0.385996,0.237189
683,0.221245,0.520815
684,0.404824,0.794034
685,0.422791,0.814712
686,0.491004,0.193796
687,0.479701,0.610437
688,0.586692,0.657887
689,0.500066,0.519267
690,0.388337,0.607878
691,0.363481,0.598276
692,0.480134,0.658022
693,0.584068,0.423229
694,0.375126,0.612188
695,0.585142,0.657681
696,0.379946,0.599583
697,0.348052,0.599999
698,0.620666,0.66235
699,0.443679,0.422618
700,0.491947,0.606676
701,0.493141,0.795282
702,0.584895,0.795538
703,0.491004,0.656751
704,0.30062,0.599387
705,0.339296,0.785512
706,0.491004,0.52234
707,0.493202,0.795373
708,0.495003,0.566421
709,0.566034,0.423216
710,0.585142,0.795373
711,0.478081,0.785169
712,0.479699,0.599034
713,0.570829,0.481881
714,0.481098,0.658125
715,0.501293,0.609245
716,0.467716,0.794952
717,0.480118,0.791335
718,0.270673,0.565934
719,0.476224,0.472053
720,0.635598,0.657324
721,0.491876,0.566421
722,0.381706,0.610092
723,0.488973,0.569637
724,0.391406,0.519659
725,0.585142,0.532136
726,0.246062,0.608805
727,0.500894,0.613835
728,0.41267,0.284125
729,0.364141,0.559224
730,0.480134,0.473015
731,0.585142,0.608912
732,0.318731,0.334673
733,0.488405,0.470019
734,0.281007,0.610118
735,0.572723,0.796981
736,0.480134,0.658125
737,0.375868,0.471364
738,0.480134,0.610585
739,0.491142,0.656619
740,0.480372,0.79959
741,0.373265,0.658125
742,0.389118,0.7948
743,0.236523,0.429121
744,0.35061,0.426073
745,0.480823,0.795373
746,0.471643,0.471776
747,0.388617,0.662092
748,0.59355,0.795373
749,0.385996,0.658125
750,0.492428,0.383096
751,0.523565,0.795373
752,0.386715,0.422384
753,0.444807,0.658141
754,0.600256,0.285981
755,0.485149,0.608853
756,0.391042,0.413029
757,0.456396,0.795229
758,0.448144,0.599441
759,0.585142,0.462138
760,0.515745,0.380336
761,0.352657,0.421734
762,0.505104,0.795373
763,0.584598,0.540891
764,0.341918,0.566421
765,0.443679,0.380544
766,0.385996,0.46111
767,0.383849,0.470842
768,0.638801,0.424154
769,0.467256,0.59802
770,0.345389,0.609301
771,0.426566,0.519525
772,0.374251,0.227242
773,0.386488,0.793883
774,0.491004,0.607902
775,0.396968,0.427356
776,0.385996,0.565129
777,0.371588,0.541124
778,0.352782,0.608697
779,0.585142,0.556415
780,0.570576,0.798974
781,0.496468,0.608985
782,0.280818,0.659933
783,0.349541,0.609656
784,0.389135,0.566421
785,0.381896,0.795156
786,0.610172,0.608027
787,0.369457,0.565087
788,0.385996,0.609143
789,0.271598,0.658125
790,0.434585,0.657387
791,0.374461,0.389631
792,0.527922,0.470639
793,0.280663,0.380718
794,0.307597,0.610122
795,0.33,0.657781
796,0.511122,0.472051
797,0.493002,0.378997
798,0.472721,0.472053
799,0.453585,0.611135
800,0.419214,0.657317
801,0.444266,0.795065
802,0.480453,0.479907
803,0.546018,0.447882
804,0.491004,0.658016
805,0.442709,0.661715
806,0.375126,0.796893
807,0.389337,0.472211
808,0.394543,0.382178
809,0.486857,0.422445
810,0.391139,0.784612
811,0.60706,0.796369
812,0.58514,0.472053
813,0.401543,0.285889
814,0.585142,0.56673
815,0.399926,0.610067
816,0.271178,0.66265
817,0.383107,0.472209
818,0.614054,0.609275
819,0.486512,0.566471
820,0.584827,0.608482
821,0.467716,0.442015
822,0.584179,0.608259
823,0.482331,0.522292
824,0.476404,0.336189
825,0.488016,0.421126
826,0.491004,0.610807
827,0.396763,0.423921
828,0.339796,0.242232
829,0.480134,0.660953
830,0.375126,0.608258
831,0.443679,0.607828
832,0.586386,0.65675
833,0.576296,0.784516
834,0.479667,0.151909
835,0.576063,0.611518
836,0.363652,0.608428
837,0.480134,0.660057
838,0.391107,0.658125
839,0.372426,0.565646
840,0.244533,0.669073
841,0.592495,0.608469
842,0.490417,0.797105
843,0.481142,0.425962
844,0.257956,0.606465
845,0.397057,0.429171
846,0.374527,0.470223
847,0.296236,0.794683
848,0.261446,0.237806
849,0.581192,0.795373
850,0.476056,0.658377
851,0.420311,0.794177
852,0.399372,0.795772
853,0.584607,0.795311
854,0.251613,0.66077
855,0.589541,0.658125
856,0.37809,0.78468
857,0.490766,0.54981
858,0.598017,0.782801
859,0.576471,0.470488
860,0.381169,0.531262
861,0.620692,0.609301
862,0.37704,0.474633
863,0.571784,0.471923
864,0.486881,0.378205
865,0.480632,0.794322
866,0.385519,0.79684
867,0.385996,0.473093
868,0.584607,0.423228
869,0.307218,0.424269
870,0.595944,0.462152
871,0.497004,0.566988
872,0.345838,0.609301
873,0.353414,0.422015
874,0.373932,0.801338
875,0.365895,0.795373
876,0.480134,0.794815
877,0.43502,0.607972
878,0.587998,0.796803
879,0.396338,0.608114
880,0.5228,0.422065
881,0.494471,0.522709
882,0.514164,0.611669
883,0.252485,0.661404
884,0.402862,0.610231
885,0.376168,0.23605
886,0.385996,0.472053
887,0.591042,0.599387
888,0.377428,0.658125
889,0.446284,0.607988
890,0.605502,0.609326
891,0.248111,0.609275
892,0.374923,0.381283
893,0.375126,0.380187
894,0.585142,0.798025
895,0.375126,0.785459
896,0.341575,0.356071
897,0.560757,0.609218
898,0.502072,0.656891
899,0.49175,0.799988
900,0.507922,0.377988
901,0.598788,0.707081
902,0.480047,0.795429
903,0.584607,0.607951
904,0.579941,0.663505
905,0.572394,0.42187
906,0.543923,0.470933
907,0.377239,0.795546
908,0.479587,0.424524
909,0.477447,0.61045
910,0.385996,0.47644
911,0.645857,0.607756
912,0.585142,0.7954
913,0.588379,0.609301
914,0.38157,0.79551
915,0.581088,0.470943
916,0.524263,0.52074
917,0.473661,0.795443
918,0.599816,0.65721
919,0.543721,0.656059
920,0.3876,0.795411
921,0.453801,0.518019
922,0.628955,0.792836
923,0.443679,0.379559
924,0.509917,0.565664
925,0.61193,0.609301
926,0.598865,0.470538
927,0.479984,0.285218
928,0.520511,0.795153
929,0.480134,0.387657
930,0.598271,0.658136
931,0.314231,0.424223
932,0.514158,0.426631
933,0.375126,0.609301
934,0.269813,0.795728
935,0.349035,0.6093
936,0.585142,0.285692
937,0.536313,0.797878
938,0.593106,0.334805
939,0.377947,0.795373
940,0.376561,0.794588
941,0.321328,0.471897
942,0.476229,0.612245
943,0.515392,0.784164
944,0.303326,0.617181
945,0.59177,0.612252
946,0.469914,0.386608
947,0.585142,0.607947
948,0.576471,0.609301
949,0.496104,0.470953
950,0.585142,0.608312
951,0.589825,0.662819
952,0.626168,0.794355
953,0.488737,0.609113
954,0.587221,0.656916
955,0.443679,0.609301
956,0.46262,0.655092
957,0.397439,0.657984
958,0.494434,0.471497
959,0.642753,0.609402
960,0.50025,0.787199
961,0.33188,0.60901
962,0.443284,0.600893
963,0.496329,0.79385
964,0.443679,0.472053
965,0.578098,0.277127
966,0.533305,0.613441
967,0.470223,0.609271
968,0.366087,0.611447
969,0.471463,0.609839
970,0.564052,0.609301
971,0.576731,0.65786
972,0.515045,0.424315
973,0.490064,0.609437
974,0.396866,0.566421
975,0.385996,0.794782
976,0.490523,0.658118
977,0.523297,0.412783
978,0.480134,0.609301
979,0.481737,0.601269
980,0.498461,0.656233
981,0.481898,0.795373
982,0.395925,0.79512
983,0.586629,0.521865
984,0.588975,0.466183
985,0.481976,0.194277
986,0.571784,0.432032
987,0.48739,0.609301
988,0.262914,0.788236
989,0.347668,0.243837
990,0.47123,0.656382
991,0.320477,0.318421
992,0.480134,0.795413
993,0.480509,0.656582
994,0.490597,0.56605
995,0.499334,0.614991
996,0.377897,0.381658
997,0.590651,0.521402
998,0.278607,0.379507
999,0.480781,0.608848
